<?xml version="1.0" encoding="UTF-8"?>
<robot generator="Robot 6.0 (Python 3.10.8 on linux)" generated="20221206 12:15:10.328" rpa="false" schemaversion="3">
<suite id="s1" name="Robocamp Mobile" source="/home/fschefer/Robocamp_Git/Robocamp_Mobile">
<suite id="s1-s1" name="Tests" source="/home/fschefer/Robocamp_Git/Robocamp_Mobile/tests">
<suite id="s1-s1-s1" name="Login" source="/home/fschefer/Robocamp_Git/Robocamp_Mobile/tests/login.robot">
<test id="s1-s1-s1-t1" name="Negative access code" line="25">
<kw name="Start the app" library="base" type="SETUP">
<kw name="Open Application" library="AppiumLibrary">
<arg>http://localhost:4723/wd/hub</arg>
<arg>automationName=UiAutomator2</arg>
<arg>alias=SamrtBit</arg>
<arg>platformName=Android</arg>
<arg>deviceName=Emulator</arg>
<arg>app=${EXECDIR}/apps/smartbit-beta.apk</arg>
<arg>udid=emulator-5554</arg>
<arg>autoGrantPermissions=true</arg>
<doc>Opens a new application to given Appium server.
Capabilities of appium server, Android and iOS,
Please check https://github.com/appium/appium/blob/master/docs/en/writing-running-appium/server-args.md
| *Option*            | *Man.* | *Description*     |
| remote_url          | Yes    | Appium server url |
| alias               | no     | alias             |
| strict_ssl          | No     | allows you to send commands to an invalid certificate host like a self-signed one. |</doc>
<status status="PASS" starttime="20221206 12:15:10.561" endtime="20221206 12:15:17.276"/>
</kw>
<kw name="Wait Until Page Contains" library="AppiumLibrary">
<arg>Informe seu código de acesso</arg>
<doc>Waits until `text` appears on current page.</doc>
<status status="PASS" starttime="20221206 12:15:17.280" endtime="20221206 12:15:19.487"/>
</kw>
<status status="PASS" starttime="20221206 12:15:10.560" endtime="20221206 12:15:19.487"/>
</kw>
<kw name="Login with student id" library="login">
<arg>-1</arg>
<kw name="Input Text" library="AppiumLibrary">
<arg>xpath=//android.widget.EditText[@text="Informe o endereço ip da api"]</arg>
<arg>${API_URL}</arg>
<doc>Types the given `text` into text field identified by `locator`.</doc>
<msg timestamp="20221206 12:15:19.490" level="INFO">Typing text 'http://192.168.0.7:3333' into text field 'xpath=//android.widget.EditText[@text="Informe o endereço ip da api"]'</msg>
<msg timestamp="20221206 12:15:20.264" level="INFO">xpath criteria: //android.widget.EditText[@text="Informe o endereço ip da api"]</msg>
<status status="PASS" starttime="20221206 12:15:19.488" endtime="20221206 12:15:20.265"/>
</kw>
<kw name="Input Text" library="AppiumLibrary">
<arg>xpath=//android.widget.EditText[@text="Informe seu código de acesso"]</arg>
<arg>${student_id}</arg>
<doc>Types the given `text` into text field identified by `locator`.</doc>
<msg timestamp="20221206 12:15:20.268" level="INFO">Typing text '-1' into text field 'xpath=//android.widget.EditText[@text="Informe seu código de acesso"]'</msg>
<msg timestamp="20221206 12:15:21.318" level="INFO">xpath criteria: //android.widget.EditText[@text="Informe seu código de acesso"]</msg>
<status status="PASS" starttime="20221206 12:15:20.265" endtime="20221206 12:15:21.319"/>
</kw>
<kw name="Click Text" library="AppiumLibrary">
<arg>Entrar</arg>
<arg>exact_match=true</arg>
<doc>Click text identified by ``text``.</doc>
<msg timestamp="20221206 12:15:21.900" level="INFO">xpath criteria: //*[@text="Entrar"]</msg>
<status status="PASS" starttime="20221206 12:15:21.319" endtime="20221206 12:15:21.900"/>
</kw>
<status status="PASS" starttime="20221206 12:15:19.488" endtime="20221206 12:15:21.900"/>
</kw>
<kw name="Wait Until Page Contains" library="AppiumLibrary">
<arg>${error_401}</arg>
<doc>Waits until `text` appears on current page.</doc>
<status status="PASS" starttime="20221206 12:15:21.902" endtime="20221206 12:15:23.250"/>
</kw>
<kw name="Finish the app" library="base" type="TEARDOWN">
<kw name="Capture Page Screenshot" library="AppiumLibrary">
<doc>Takes a screenshot of the current page and embeds it into the log.</doc>
<msg timestamp="20221206 12:15:23.567" level="INFO" html="true">&lt;/td&gt;&lt;/tr&gt;&lt;tr&gt;&lt;td colspan="3"&gt;&lt;img src="data:image/png;base64, iVBORw0KGgoAAAANSUhEUgAABDgAAAeACAYAAAArYecKAAAAAXNSR0IArs4c6QAAAARzQklUCAgI
CHwIZIgAACAASURBVHic7N17kNXlffjxzzl7X0CQRS4qIigLAkaCGJVcNGJMYuM01oZJTFpr2tKY
TpO0js1Mkqa5aCZpiplMO9JMM5ZMkybBNJlU00yNqJlMwRsKKoKggu6qgLtcdtldYC/n98d2z4+F
BXaXPefwwOs1kwlnz/l+v8/ZVeS8eb7Pk1m6dGkuAAAAABKWLfUAAAAAAE6UwAEAAAAkT+AAAAAA
kidwAAAAAMkTOAAAAIDkCRwAAABA8gQOAAAAIHkCBwAAAJA8gQMAAABInsABAAAAJE/gAAAAAJJX
XuoBAGnKZrMxduzYWLBgQcyZMyemTJkSo0aNikwmE21tbbF9+/bYsGFDPPPMM7F79+7o6ekp9ZAB
AIBTWGbp0qW5Ug8CSEMmk4lzzjknPvGJT8R5550X2Ww2//WjyeVykcvloqGhIX70ox/Fa6+9Frmc
33YAAICRJXAAg1JXVxd33XVXRBw7aBxLX9i47bbbRA4AgJNUbW1tnHvuuTF16tSoqamJqVOnRm1t
bf759vb2aGhoiI6OjmhoaIjGxsZob28v4YhP3Ny5c2PDhg0FvcbUqVNjyZIlx3zNypUro6GhoaDj
OJW5RYWiGjduXMyfPz+mTZs24POvvvpqrFu3Lvbs2VPkkXE0FRUVcccdd8R555037LDRp+/4W2+9
Ne69996RGB4AACOgrq4u5s+fH/Pnz4/6+vrjvn7+/Pn9Hm/evDnWrVsX69ati+bm5kINsyBuuOGG
qK+vL3jgqKmpOe73tqampqBjONUJHBTVOeecEwsXLozzzjtvwOfPOuuseOuttwSOk0RdXV187Wtf
i7KyshOOG4d629veFplMJnK5XFRVVcWBAwdG7NwAAAxefX19LF68+IhgMZzz1NfXx5IlS2LdunWx
atWq2Lx58wiNsnBuuOGG+NCHPpTEWDk+gYOiGjNmTJx55plRVVU14PNnnnlmjBkzpsijGr6+D+mn
ore97W3x6U9/ekTDRp/q6uoYM2ZMtLS0xAc+8IF4/fXX46mnnhrx6wAAMLD6+vr8zIWR1jcTZPPm
zXH//feftPGgL24UytSpU+OSSy7JP66rqzvuMVdeeWW/n8n69evdsjIEAgdFNWbMmGMGjOM9fzLJ
ZDJx5ZVXxsyZMyOXyx13oc3BPr9ly5ZYs2ZN/uulMH369ILFjT5z5syJxx57LLZt2xaf+tSnoq2t
LTZu3Fiw6wEA0Lu+xi233HLCMzYGo76+Pm6//fZYvXp13HfffSfVOh2FjhvDPf+iRYuOOM8DDzwQ
999//0gN7ZRW8sBRV1cXV1xxRTz11FOxY8eOYR1/ySWXxLRp06K2tjYqKipi//790dzcHJs3b471
69cXYNRHH8tw38vVV18dZWVlQzqmbxvOlFRVVUVlZeVRn6+srDzq7I6TRd+sjY9+9KNx1VVXjfj5
r7zyypg2bVr8+Mc/LskMkXHjxsXnP//5gsaNTCYTl1xySTz22GOxd+/eyGaz8dnPfja+8IUvxK5d
uwp2XQCA09nUqVPjb/7mb/otGFoMixYtivnz58fdd999UsxGKHTciIhYvHjxiJ3rmmuuETgGqSSB
o6ysLK644oq47LLLYubMmVFeXh7btm0bUhQYNWpUfOQjH4mFCxdGRUXFgK+59tpr480334xf/vKX
8cwzz4zU8PsZifdSW1sbH/3oR4f8gfLJJ588qQJHeXl5zJ07Ny688MJ49dVXY9OmTbFv376I6L0l
Yd68eTFv3rxjvs9MJhPz5s2L7du3x/PPPx/79++PiIjRo0fH7NmzY9q0afHSSy/Fhg0boqurqyjv
63B9weHiiy+OXC6X3yp1JM8/b968ftcqlmw2G1/96lcLGjf6TJkyJSIiH7wymUx85Stfib/+67+O
7u7ugl8fAOB0smjRorjllltKdv3a2tr40pe+FD/4wQ9i9erVJRtHMeJGxMguFlrsIJWyogaOCy+8
MBYtWhQXX3xxnHHGGcM+z1lnnRWf/vSn4+yzzz7ua6dMmRJLly6N//zP/4yHHnpo2Nc83Ei9l4iI
yZMnF+UDZaGde+65sWjRopg1a1a84x3viKampnjhhRdi+/btUV9fH/PmzYtx48Yd9zxTp06NG2+8
MWbOnBmbN2+OyZMnx5w5c2LChAlRVVUVEydOjL1798a2bduK8K6Orry8vCA/t1wud9RoV2g333xz
VFdXF+Vaff/eTJo0Kf+1qqqquPXWW+P73/9+UcYAAHA6uOWWW4649aFUbrnllqipqYlVq1YV/drF
ihuUTsEDx7hx4+Kd73xnLFiwIM4555wT/kBYVlYWn/zkJ/vFjVdeeSWeeuqpeO2112L//v0xefLk
WLBgQbz97W+PTCYT2Ww2brzxxmhoaIgXX3zxpHkvfcaPH5//dU9Pz6Bnf+zevXtErj8SqqurY86c
OTFz5syoqamJmpqaOOOMM2LKlCnR2dkZ1dXVUVVVNajvWXl5ef52n/nz50dFRUXU1NTkZ0rMnDkz
Xn311di+fXt+hkepHG9tjeEo5cKl73rXu4p2rfLy3t9+Zs2a1e/rCxcuFDgAAEbIokWLTpq40WfJ
kiXR0dFR1Jkc4sbpoeCB44tf/OKAMxz27dsXo0ePHvL5Fi9eHDNmzMg/fuSRR+InP/lJv9c0NDTE
k08+Gdddd13cdNNNEdH7Yer6668/ocAx0u+lz6GzGpqamuIrX/nKsM9VKtOnT4+5c+f2mz6VzWZj
1KhRwzpfJpOJ6urqAWcT1NbWxty5c2Pr1q0lX5RyMHHj8FhxvGMKEU2OJ5PJxJ133nnchVCPduxw
HDx4MDKZTEybNu2I8/3jP/5j3HHHHafsDjUAAMVSiF1SRkJ9fX3RAoe4cfooeODo+1vaiIiOjo7Y
uHFjPPHEE3Hw4MH4zGc+M+TzHVofGxoajogbh3rwwQdj7ty5MXv27IiIuOCCC6K2tnbYq/eO9Hvp
M3bs2PyvW1tbh32eUhk3blx+oddifDDv+1B8ySWXxJtvvhl79uwp+DWPZjC7o+zbty8eeuihKCsr
i/e///1RWVl53HVIii2bzfabSRTRO/ZcLhdNTU2xfv362LBhQzQ1NUVZWVlMnDgxzjvvvJg8eXK8
8sorsWDBgpg+fXpks9lBr0myd+/eiOjdGvhwo0aNivLy8ujs7DzxNwcAcBpbsWJFTJ06Nc4999xS
DyWvsbExVqxYUZRriRunl4IHjq6urti8eXM888wzsWbNmujo6IiIiLlz5w75XJMmTYrJkyfnHz/2
2GPHPebpp5/OB46Kioo455xzYsuWLUO+dsTIvpdDHTorpKWl5YTOVQqzZs2KuXPnDnndiK6urvyH
3LFjx/YLSMdTUVERs2bNii1btsTatWuHdN2RdLy40d7eHt/+9rdj586dERGxcePG+NznPnfMyFGK
WQuLFy/Oj6enpyf27NkTP/zhD+OFF16IiN5/9z7ykY8c8c/63/3d38Vbb70VDz/8cET0/rP8sY99
LObPn3/c0NHY2BhnnnnmgD/3bDYb1157bfz6178eibcHAHBaW7ZsWXzpS1+Kurq6Ug8lmpubY9my
ZUW5lrhx+il44PjGN74xYmtFTJ06td+Hwpdffvm4xxy+nsXRVqC96aab4qKLLordu3fHz372swHX
wRjJ93KoMWPG5H/d94E/FePGjYsLLrggJkyYMOhjmpqaYu3atfHcc8/1CxwXX3xxXHrppYM+18SJ
E6O+vj5efvnlks3iONYMjkwmExs3boydO3fmX7d169Z46aWXYs6cOUc9Z7HX4Mhms/Ge97wnInr/
g3P33XdHU1NTRERcdtll+YVHDw8WuVwumpub+32tpaUlvve970VFRUV8+MMf7hdODj/26aefjuuv
v/6o37+rrrpK4AAAGAHt7e2xfPnyuP3220d0d4+h6ujoiOXLlw97Rv1QiBunp4IHjpEMAs3NzfE/
//M/+ceDWYzz8LUxBvogvHDhwrjuuusiojeidHV1xfe+970jXleoRT0PHWNqgaO1tTVeeeWVmD17
dr/dMI5m27ZtsWrVqtiwYUN0dHRET09PRPRGjzfeeCMaGxtj8eLFcf755x/3XM3NzbF169aS3tZz
vBkcTz75ZL/HmUwmnnrqqWMGjlKswVFXVxd33XVXNDY2Ri6Xi5qamrj77ruPOQtj9+7d+Z/f4To7
O+O+++6L++67L/7pn/4pKioqjnhPW7Zsidtuu+2o5x/MjjsAAAxOQ0NDrFix4ph//iq0FStWREND
Q8GvI26cvoq6TeyJ2rp1a2zdunVIxxz6QXnfvn3x6quvHvGaw9ceOHRNjGI4NHDs2rUrIiIqKyvj
vPPOi+rq6mhtbY0dO3aUfMeQgXR3d8e6deuira0trr322vztQANpamqKNWvWxPr16+PAgQP9nuvp
6Ym2trZYv359jBkzJsaNG3fMD7ibNm2Khx56KLZs2RLd3d0j9n6G6mgxom/tik2bNkVE7/otfeN8
7rnn8gvTDnRssWdwVFdXx+c+97n8z+T9739/3HjjjceNN33v7Xg+85nPxMc//vF417velT9nW1tb
LFy48MQHDwDAoK1bty4eeOCBknz4f+CBB2LdunUFv464cXpLKnAMVVlZWSxYsCD/eMOGDQO+bu3a
tfHe9743xo8fH11dXYNa22MkHRo4Jk2aFHfccUecf/75/dYmOHjwYGzdujUefPDBeP7554s6vuPZ
v39/bNq0Kfbu3RtXX311XHrppQPufvLSSy/Fhg0bjogbhzpw4EA899xzMW3atLj88ssHvNbatWvj
0UcfjTfffLPki1Ae6/aU3/3ud3HgwIHIZDIxf/782L17d7zyyiuxb9++WL16dX7W0OGKPYOjb4pg
JpOJT3/603HxxRcP6vqvvPLKoM6fy+Xihz/8Ybz55pvxkY98JDKZTKxZsyaWLFlSkgVVAQBOZ/ff
f3/U1dXFlVdeWbRrrlmzJu6///6CX0fc4JQOHL/3e7+XX0inq6srfvOb3wz4uubm5vj6178e06dP
j6ampkHd+jJSzjjjjKiqqso/vv766wd8XWVlZcyaNSvq6+vjkUceiZ/+9KfFGuKgdHZ2RmNjY2za
tClmzJgRU6ZM6fd8V1dX7Ny584g1GwbS1NR01Nft3r07Nm3aFI2NjUe9PaKYBooRuVwuDhw4EOvX
r8/PxLj00ktjz5498fLLL0cmk4knnngirrnmmigrKzviNpBiz+Doc8cdd8SMGTMGHR361ukYrFWr
VkVZWVnceOONMWrUqOMuSit+AAAUxsqVK4u2s0pjY2OsXLmy4NcRN4iIGNx+jgmaNWtWv78h/+1v
f3vM+73a29tjw4YNRY0bEXHUdSva2tqiqakpWlpa+n3YzWQycc0118Qf/MEfFGuIg9bT0xPZbHbA
D6779u2LvXv3DipK9PT0xK5duwZcL6WioiKy2exJETcijv4hfMeOHdHU1BSZTCbKyspi8uTJcf75
5+djxs6dO2PHjh1Hvb2lmB/uM5lM/PEf//GQ4kZE5HcRGooHH3wwHnzwwaL+jQEAAP21t7fHPffc
M6w/zw1FR0dH3HPPPQVfVFTcoM8pOYOjrq4ubrnllvwH7cbGxvjFL35R4lENrKamJrq6uvK3o7z4
4ovxwAMPxObNm/OvOfvss+MDH/hAvOMd78h/AF28eHE899xzw97ytlC6u7sHXBOjpqZmSCs2jx49
ut/uMn0OHDgQBw8ePKExjqSjxYhVq1ZFd3d35HK56O7uju9+97uRy+XyYaazszMefvjh+KM/+qMj
ji32zIUPfvCDsWjRoiFfd6jbAkf0rm9z3XXXmZ0BAFBifdu1fulLXyrYNZYtWzaoGdwnQtzgUKfc
DI7q6upYunRp/taUjo6O+NGPflTytRqO5tlnn42//du/jRUrVsR9990Xd999d7+4ERHxxhtvxL33
3hsPPvhg/mvl5eVxzTXXFHu4xzR69OiYNGlSjBo16ojnKisro66u7ohdbY52nrFjx0ZZWdkRz51x
xhlx9tlnD+o8xTDQ7SnNzc2xdu3afs+3tLREa2trv9c//vjjsWvXriNuRyn27SkXXHDBsI4b6mK8
tbW1cddddx1zZ5ZDleI2HQCA00lDQ0P84Ac/KMi5f/CDHxR8xxRxg8OdcoFj6dKl+Z1Tenp64sc/
/vGgF0Mslba2tlizZk089NBDx3zdz3/+82hsbMw/PtaOJcU2efLkuOGGG+Lqq6+O2traI57PZDIx
Y8aMmDFjxnHPVV9fH7NmzRrwuVGjRsXVV18dN9xwQ0yePPmEx32iBvoQ/sILL0RXV1dERGSz2Rgz
ZkyMHj06PyulrKwsP7Ojb8HYw29DKuaH+9/+9rfDOm4o92yeddZZsWzZsmHN+gAAoHBWr14dq1at
GtFzrlq1KlavXj2i5zycuMFATqlbVG699daYO3du/vH9998fjz/+eAlHNPKeeuqp/AfL2tramDlz
ZslvU5k9e3Zce+21MXPmzAF3T+lzzjnnxKJFi6KlpSW2bds24GvOP//8uPzyy2PixIkDPt8XDK64
4oqoq6uLhx56aNDblRbCoTMy+m5XWbduXT5SXHbZZbFkyZJ+x/zbv/1bPPfccxERsX79+rjqqqv6
PV/sNTg2btw45GMymcxRI9Thr3vPe94TH/3oRwc9cwMAgOLqW3S0vr7+hM+1efPmgi8qKm5wNKfM
J46bbroprrjiivzjRx55JP77v/+7hCMqjMNjRt+tOKUybty4mD9/fsyePfuYcSOi97aaOXPmxI03
3hiXX355v9tMRo8eHe985ztjyZIlcdFFF/XbIncg1dXVMXv27Jg/f36MGzduRN7LcBw+86Knpyde
f/31yGQykclkYuHChfn1R2pra6OmpiYuv/zy/PNvvPHGEbM1ij2Do6ur65hb9x7N9OnTjxliRo0a
Fd/61rfi5ptvHlbcGM6YAAAYnuXLl/ebLT4cjY2NsXz58hEa0cDEDY7llJjBcd1118X73ve+/OPH
H388fvKTn5RwRIWza9eufo8Huh2kmFpbW2P79u3R1tY2qNBQVVUVF154YUyZMiWuv/76/PsZP358
1NbWRm1t7XHjRp+2trbYvn17tLa2ntB7OBGHf8DPZrMxd+7cePzxx6O+vj7mzJmTjxl93v72t8eF
F14YW7dujXnz5h1xzmLP4MjlcvHCCy/EggULhnxsVVVV7N+/P/84k8lEXV1d/Mmf/ElceOGFJ/Q+
hjOzBACA4Wlvb48VK1bE7bffPqTNAfp0dHTEihUrCrpjirjB8SQfOK644or48Ic/nP8g9eyzz8a9
995b4lEVTlVVVb/Hpf5b7u7u7ti8eXPU19fHpZdeOqhjysvLY+zYsTF27NiYMGFC/mtD9fLLL8fm
zZsH3LWlWA6PEblcLj72sY/F+973vhg/fnxks9l+z/dtG/tXf/VXsXv37qirqzsiAhR7BkdExH/9
13/F29/+9iEFiUwmE0uWLImf/OQnceaZZ8ZVV10V73nPe6K8vPyEA01PT0/88pe/PKFzAAAwNA0N
DbFixYq47bbbhnzsihUrCrqoqLjBYCQdOObNmxc333xzfreNLVu2xL/+67+WeFSDN2PGjPjsZz8b
Eb0fjL/+9a8fdxulwxd23L17d8HGN1g7duyIZ599Ns4999yYNGnSkI4dTtg49Jo7duwY1vEjZaA4
UV5eHpMmTTpi5kbE/7+lpbKyMiZOnJiPGYdHjWJvo7p9+/bo7OyMysrKIR23aNGieMc73jEiUeNQ
PT09sX379hE7HwAAg7Nu3bpYuXLlEevIHcvKlStj3bp1BRuTuMFgJbsGx4wZM+KTn/xkfkZDQ0ND
LF++PA4ePFjikQ1eQ0NDlJeXR3V1ddTU1MT8+fOPe8xFF12U//WBAwdKvsBoRO8sjk2bNsXGjRvz
u4cUUldXV2zcuDE2bdpU0tkbEQPvopLJZI6YudFn586dsX///vxrduzYkX9dW1tb7Nmzp+BjHkgu
l4t/+Id/GPLMkUwm02/74pEayze/+U3bxAIAlMiqVatizZo1g3rtmjVrRnwXlkOJGwxFkoFj0qRJ
sXTp0hg1alRE9P5t/j333BNtbW0lHtnQdHZ2xssvv5x//K53vSs/G2UgU6ZM6bdOwpYtW6Kzs7Og
YxyslpaW2LBhQ7+Fidra2mLt2rXxq1/9Kl588cUhxY+urq548cUX41e/+lWsXbu238+2sbExNmzY
EC0tLSP6HoZjsLMW+ta5uPPOO+M73/lOdHV1xT333BN33nln/PznP4/W1tb4xje+EXfeeWfJZi40
NjZGR0fHkI+77rrr4t///d9HLEh0dHSc8AJXAACcmBUrVhz3z2SNjY2xYsWKgo1B3GCokrtF5Ywz
zojbbrstzjzzzIjovUVj+fLlRyy+OVQ33XRTXHTRRbF79+742c9+VrRbH373u99FfX19ZDKZOPvs
s+Mv/uIvBlycZ8qUKbF06dL8gj+5XC4eeeSRooxxMHp6euLll1+OJ554Itra2mLbtm3xwgsvRFNT
U3R2dsZTTz0Vl156aVxxxRX5dTeOpqmpKR577LFYu3Zt7N27NyoqKmLChAkxZ86cOP/88+PZZ5+N
F198MXp6eor07gY21A/01dXVUVVVFWPGjImI3p1jqqqqYtSoUZHNZqO2tjZ/i0spZi/kcrm48847
46677hrS7Sbl5eVx0UUXxc9//vO48cYbT2g72FwuF3fddZfZGwAAJ4Fly5bFN77xjQEXHe3o6Ihl
y5YV7NriBsORXOC49dZbY8qUKfnHuVwu/uzP/mxI51i9enW/aVQLFy6M6667LiIipk6dGl1dXfG9
731vZAZ8HE8++WTMnz8/Fi5cGBERl1xySXz961+PTZs2RXNzc2Sz2Zg4cWLMnj273wKja9asieef
f74oYxys9vb2WLNmTTz99NNx8ODB6OjoyEeIjo6OePjhh6OmpiYWL158zPOsX78+Hn744X7Ht7S0
xJtvvhmVlZWxf//+ki6u2rdeRlNTU5xxxhmDPm7atGnxta99LcrLyyObzcbNN98cf/iHf5jfXveO
O+6IXC4XFRUVsXXr1n7XKpbm5uZ44IEH4oYbbhj0MX3b4f7v//5vrFixIm699dZhrceRy+Xi17/+
dTQ1NQ35WAAARl57e3ssW7bsiJ1V+uJGoXZMETcYruQCR11dXb/H48ePj/Hjxw/pHGPHjj3iHMd6
vtDuvffeyOVysXDhwshkMjF69Oh88BjIunXr4j/+4z+KOMLByeVy0d7ePuBvdD09PdHW1hatra3R
1dV11MVFu7q6orW19YjbjfqOPxluQ+pbFPRHP/pR/P7v/36/hVUPXTB0uP//1ltvxS9+8YuS7KYS
EfGrX/0q5syZExdccMGgj8lkMvGZz3wmPve5z8XnP//5+Na3vjXkyPHqq6/aOQUA4CTT0NAQK1eu
jFtuuSX/tZUrVxZsxxRxgxORXOAohLVr18Z73/veGD9+fHR1dcVjjz1W1Ot3d3fH97///Vi3bl1c
c801MX369COm+edyudi+fXs8+uij8eijjxZ1fCOptbU19u3bF+PGjRvw+X379kVra2uRRzV0uVwu
3njjjVi+fHmphzLicrlcfPvb344vf/nLcfbZZw/6uGw2G9/97nfjs5/9bHzqU5+KP/3TP43LLrvs
uKEjl8vFjh074pvf/OaJDh0AgAJYvXp1nHvuubF48eJYtWpVrF69uiDXETc4UZmlS5e62T0iamtr
Y/r06dHU1FTyrUfHjRsX9fX1+dsfWltbY9u2bSUf10hYsGBBfOhDH4pzzjlnwOdff/31eOCBB+Lp
p58u8sg4XCaTib/8y7+MefPmDWk2RldXV3z1q1+NnTt3Rk1NTXziE5+ISy+9NH/OQ+VyudiwYUP8
8z//c0yYMCHa29vjwIEDRdmNBwCAoVm0aFHB4sbcuXPjAx/4QEHOPRh9M1VGyu233x719fUjcq7N
mzcXdL2TU4nAQVFNnjw53v3ud8fMmTMHfH7jxo3xu9/9zjoMJ5F3v/vd8fGPf3xIkSOXy8VPf/rT
ePTRR/O338yaNSs++MEPxvnnn59fT+a+++7Lr4fz53/+59He3h5jxoyJf/mXfynIewEAgGKora2N
JUuWHLHEwlA1NzfHypUrC7beyalG4KCoysrKora2tt+CqYc6cOBAtLW1lXyHFPqrrq6OL37xizFh
woRB75KSy+Viz5498YUvfOGIn2d5eXlkMpl+2xz3LbZ68OBBP38AAGDIBA5gUDKZTGSz2fjyl78c
EydOjEwmM6hZHblcLnbu3Bnf+c53Yvfu3UUYKQAAcDqyyCgwKLlcLrq7u+Pv//7vI5vNxrx58+La
a6+NqVOnRnV19YCxY//+/dHY2Bi/+c1voqWlpQSjBgAAThcCBzBkPT098eyzz8azzz5b6qEAAABE
RMTgbqYHAAAAOIkJHAAAAEDyBA4AAAAgeQIHAAAAkDyBAwAAAEiewAEAAAAkT+AAAAAAkidwAAAA
AMkTOAAAAIDkCRwAAABA8gQOAAAAIHkCBwAAAJA8gQMAAABInsABAAAAJE/gAAAAAJIncAAAAADJ
EzgAAACA5AkcAAAAQPIEDgAAACB5AgcAAACQPIEDAAAASJ7AAQAAACRP4AAAAACSJ3AAAAAAyRM4
AAAAgOQJHAAAAEDyBA4AAAAgeQIHAAAAkDyBAwAAAEiewAEAAAAkT+AAAAAAkidwAAAAAMkTOAAA
AIDkCRwAAABA8gQOAAAAIHkCBwAAAJA8gQMAAABInsABAAAAJE/gAAAAAJIncAAAAADJEzgAAACA
5AkcAAAAQPIEDgAAACB5AgcAAACQPIEDAAAASJ7AAQAAACRP4AAAAACSJ3AAAAAAyRM4AAAAgOQJ
HAAAAEDyBA4AAAAgeQIHAAAAkDyBAwAAAEiewAEAAAAkT+AAAAAAkidwAAAAAMkTOAAAAIDkmUri
dQAAIABJREFUCRwAAABA8gQOAAAAIHkCBwAAAJA8gQMAAABInsABAAAAJE/gAAAAAJIncAAAAADJ
EzgAAACA5AkcAAAAQPIEDgAAACB5AgcAAACQPIEDAAAASJ7AAQAAACRP4AAAAACSJ3AAAAAAyRM4
AAAAgOQJHAAAAEDyBA4AAAAgeQIHAAAAkDyBAwAAAEiewAEAAAAkT+AAAAAAkidwAAAAAMkTOAAA
AIDkCRwAAABA8gQOAAAAIHkCBwAAAJA8gQMAAABInsABAAAAJE/gAAAAAJIncAAAAADJEzgAAACA
5AkcAAAAQPIEDgAAACB5AgcAAACQPIEDAAAASJ7AAQAAACRP4AAAAACSJ3AAAAAAyRM4AAAAgOQJ
HAAAAEDyBA4AAAAgeQIHAAAAkDyBAwAAAEiewAEAAAAkT+AAAAAAkidwAAAAAMkTOAAAAIDkCRwA
AABA8gQOAAAAIHkCBwAAAJA8gQMAAABInsABAAAAJE/gAAAAAJIncAAAAADJEzgAAACA5AkcAAAA
QPIEDgAAACB5AgcAAACQPIEDAAAASJ7AAQAAACRP4AAAAACSJ3AAAAAAyRM4AAAAgOQJHAAAAEDy
BA4AAAAgeQIHAAAAkDyBAwAAAEiewAEAAAAkT+AAAAAAkidwAAAAAMkTOAAAAIDkCRwAAABA8gQO
AAAAIHkCBwAAAJA8gQMAAABInsABAAAAJE/gAAAAAJIncAAAAADJEzgAAACA5AkcAAAAQPIEDgAA
ACB5AgcAAACQPIEDAAAASJ7AAQAAACRP4AAAAACSJ3AAAAAAyRM4AAAAgOQJHAAAAEDyBA4AAAAg
eQIHAAAAkDyBAwAAAEiewAEAAAAkT+AAAAAAkidwAAAAAMkTOAAAAIDkCRwAAABA8gQOAAAAIHkC
BwAAAJA8gQMAAABInsABAAAAJE/gAAAAAJIncAAAAADJEzgAAACA5AkcAAAAQPIEDgAAACB5AgcA
AACQPIEDAAAASJ7AAQAAACRP4AAAAACSJ3AAAAAAyRM4AAAAgOQJHAAAAEDyBA4AAAAgeQIHAAAA
kDyBAwAAAEiewAEAAAAkT+AAAAAAkidwAAAAAMkTOAAAAIDkCRwAAABA8gQOAAAAIHkCBwAAAJA8
gQMAAABInsABAAAAJE/gAAAAAJIncAAAAADJEzgAAACA5AkcAAAAQPIEDgAAACB5AgcAAACQPIED
AAAASJ7AAQAAACRP4AAAAACSJ3AAAAAAyRM4AAAAgOQJHAAAAEDyBA4AAAAgeQIHAAAAkDyBAwAA
AEiewAEAAAAkT+AAAAAAkidwAAAAAMkTOAAAAIDkCRwAAABA8gQOAAAAIHkCBwAAAJA8gQMAAABI
nsABAAAAJE/gAAAAAJIncAAAAADJEzgAAACA5AkcAAAAQPIEDgAAACB5AgcAAACQPIEDAAAASJ7A
AQAAACRP4AAAAACSJ3AAAAAAyRM4AAAAgOQJHAAAAEDyBA4AAAAgeQIHAAAAkDyBAwAAAEiewAEA
AAAkT+AAAAAAkidwAAAAAMkTOAAAAIDkCRwAAABA8gQOAAAAIHkCBwAAAJA8gQMAAABInsABAAAA
JE/gAAAAAJIncAAAAADJEzgAAACA5AkcAAAAQPIEDgAAACB5AgcAAACQPIEDAAAASJ7AAQAAACRP
4AAAAACSJ3AAAAAAyRM4AAAAgOQJHAAAAEDyBA4AAAAgeQIHAAAAkDyBAwAAAEiewAEAAAAkT+AA
AAAAkidwAAAAAMkTOAAAAIDkCRwAAABA8gQOAAAAIHkCBwAAAJA8gQMAAABInsABAAAAJE/gAAAA
AJIncAAAAADJEzgAAACA5AkcAAAAQPIEDgAAACB5AgcAAACQPIEDAAAASJ7AAQAAACRP4AAAAACS
J3AAAAAAyRM4AAAAgOQJHAAAAEDyBA4AAAAgeQIHAAAAkDyBAwAAAEiewAEAAAAkT+AAAAAAkidw
AAAAAMkTOAAAAIDkCRwAAABA8gQOAAAAIHkCBwAAAJA8gQMAAABInsABAAAAJE/gAAAAAJIncAAA
AADJEzgAAACA5AkcAAAAQPIEDgAAACB5AgcAAACQPIEDAAAASJ7AAQAAACRP4AAAAACSJ3AAAAAA
yRM4AAAAgOQJHAAAAEDyBA4AAAAgeQIHAAAAkDyBAwAAAEiewAEAAAAkT+AAAAAAkidwAAAAAMkT
OAAAAIDkCRwAAABA8gQOAAAAIHkCBwAAAJA8gQMAAABInsABAAAAJE/gAAAAAJIncAAAAADJEzgA
AACA5AkcAAAAQPIEDgAAACB5AgcAAACQPIEDAAAASJ7AAQAAACRP4AAAAACSJ3AAAAAAyRM4AAAA
gOQJHAAAAEDyBA4AAAAgeQIHAAAAkDyBAwAAAEiewAEAAAAkT+AAAAAAkidwAAAAAMkTOAAAAIDk
CRwAAABA8gQOAAAAIHkCBwAAAJA8gQMAAABInsABAAAAJE/gAAAAAJIncAAAAADJEzgAAACA5Akc
AAAAQPIEDgAAACB5AgcAAACQPIEDAAAASJ7AAQAAACRP4AAAAACSJ3AAAAAAyRM4AAAAgOQJHAAA
AEDyBA4AAAAgeQIHAAAAkDyBAwAAAEiewAEAAAAkT+AAAAAAkidwAAAAAMkTOAAAAIDkCRwAAABA
8gQOAAAAIHkCBwAAAJA8gQMAAABInsABAAAAJE/gAAAAAJIncAAAAADJEzgAAACA5AkcAAAAQPIE
DgAAACB5AgcAAACQPIEDAAAASJ7AAQAAACRP4AAAAACSJ3AAAAAAyRM4AAAAgOQJHAAAAEDyBA4A
AAAgeQIHAAAAkDyBAwAAAEiewAEAAAAkT+AAAAAAkidwAAAAAMkTOAAAAIDkCRwAAABA8gQOAAAA
IHkCBwAAAJA8gQMAAABInsABAAAAJE/gAAAAAJIncAAAAADJEzgAAACA5AkcAAAAQPIEDgAAACB5
AgcAAACQPIEDAAAASJ7AAQAAACRP4AAAAACSJ3AAAAAAyRM4AAAAgOQJHAAAAEDyBA4AAAAgeQIH
AAAAkDyBAwAAAEiewAEAAAAkT+AAAAAAkidwAAAAAMkTOAAAAIDkCRwAAABA8gQOAAAAIHkCBwAA
AJA8gQMAAABInsABAAAAJE/gAAAAAJIncAAAAADJEzgAAACA5AkcAAAAQPIEDgAAACB5AgcAAACQ
PIEDAAAASJ7AAQAAACRP4AAAAACSJ3AAAAAAyRM4AAAAgOQJHAAAAEDyBA4AAAAgeQIHAAAAkDyB
AwAAAEiewAEAAAAkT+AAAAAAkidwAAAAAMkTOAAAAIDkCRwAAABA8gQOAAAAIHkCBwAAAJA8gQMA
AABInsABAAAAJE/gAAAAAJIncAAAAADJEzgAAACA5AkcAAAAQPIEDgAAACB5AgcAAACQPIEDAAAA
SJ7AAQAAACRP4AAAAACSJ3AAAAAAyRM4AAAAgOQJHAAAAEDyBA4AAAAgeQIHAAAAkDyBAwAAAEie
wAEAAAAkT+AAAAAAkidwAAAAAMkTOAAAAIDkCRwAAABA8gQOAAAAIHkCBwAAAJA8gQMAAABInsAB
AAAAJE/gAAAAAJIncAAAAADJEzgAAACA5AkcAAAAQPIEDgAAACB5AgcAAACQPIEDAAAASJ7AAQAA
ACRP4AAAAACSJ3AAAAAAyRM4AAAAgOQJHAAAAEDyBA4AAAAgeQIHAAAAkDyBAwAAAEiewAEAAAAk
T+AAAAAAkidwAAAAAMkTOAAAAIDkCRwAAABA8gQOAAAAIHnlpR4AAACDlOuO6OkszrXKqotzndNB
V2vvz66YslURZTXFvSZAiQkcAACp6NwT0fpSca5Vd1mY7DtCdjwacXBXca85ZlbEhCuKe02AEhM4
AABScbAlomVTca41/rKITHEuBQAjQZYHAAAAkidwAAAAAMkTOAAAAIDkCRwAAABA8gQOAAAAIHkC
BwAAAJA8gQMAAABInsABAAAAJE/gAAAAAJIncAAAAADJEzgAAACA5AkcAAAAQPIEDgAAACB5AgcA
AACQPIEDAAAASJ7AAQAAACRP4AAAAACSJ3AAAAAAyRM4AAAAgOQJHAAAAEDyBA4AAAAgeeWlHgAA
AJzSzpwf0XOguNcsH1uY83bvj9j+4Mif96z3RFSOG/nzAqcVgQMAAAqpZkpErsjXzBRqonZPxMHd
I3/a7raI3BkFHDdwOhA4AACgkDLlEZlSD+Ik17YtomJcRPmoUo8ESJhECgAAlFbba723vwCcAIED
AAAorZ6DEdFT6lEAiRM4AACA0us+EJETOYDhEzgAAIDSa38toruj1KMAEiZwAAAApdfeIHAAJ0Tg
AAAASq97v1tUgBMicAAAACeHHutwAMMncAAAACeH9ka3qQDDJnAAAAAnh/aGiO72Uo8CSJTAAQAA
nBy6OyJy3aUeBZAogQMAADh59By0DgcwLAIHAABw8uh40zocwLAIHAAAwMmj/TXrcADDInAAAAAn
j672iFxXqUcBJKi81AMAAIBTWldb8RfOzFZGlFUX95ojqbM1oqw2IjKFvU4m0/u9ylYV9jpAUQgc
AACcmANNEQd3RXS2DO+DfCYbUT4qorIuovLM3g+cp5KWFyK69hX3mjXnRIypL+41R1LrSxHtjb0B
opCylRE150aMmlbY6wBFIXAAADA0B5oi2hv+/20EB/dGdLX830yFYex+kcn2zjaoGBtRPjoiW9H7
9bLaiJopEZXjIuk7qzu29wagYsrWRIwp7iVH1IG3inOdspqI8pS/UcChBA4AAI6va1/v36rnuiIO
7onYv33kbrvI9fSuu9B12MKSZdW916kYE5GpiKiqi6iefOrN8ABgRAgcAAAc3cFdEW2vRXS1RrS9
Wty1JLr3996mEBGRKeudyVH1Ru8sj+rJEVUTijcWAE56AgcAkKRcLhednZ3R0zP0WyIqKysjm034
lodi6G6P2PdSxIFdER2vD+/Wk5GU64440Nz7v2xlRNX23sBReWZE7TkRGX+sBTjd+S8BAJCkzs7O
ePPNN2P//v1DPrauri4mTPC3/8e059mIfS+XPmwMpOdgb3TZ/0ZExZm96zVU1kWMmip0AJzG/BcA
AEhSd3d37Nq1K1pbW4d8bEdHR9TV1UWm0Ds0pKx1S6lHcHy5XO8tNAd39S5Q2rm7d1ZH7XmlHhkA
JSBwAACnnZaWlsjlcgLHqaRzb8Te53tvWeneH1E18f92XwHgdOHmUwDgtJTL5Uo9BEZaLte7Zsju
ZyL2Ptu7KCoApw2BAwA4Le3Zs0fkOFV174/Yt7U3dOx7qXeLWwBOeQIHAHBaamxsFDhOdZ17I3Y9
HbH3hYiON0o9GgAKzBocAMBpae/evaUeAsXQ3RHRujniYHPvVrO1U0s9IgAKxAwOAABObbnu3q1k
dz0d0f5aqUcDQIEIHADAaWvfvn1uUzld5HIRnXsidj0lcgCcogQOAOC01dDQIHCcbjpbI5qfjGhv
KPVIABhh1uCAU1x3d3d0d3cf9fmysrIoKysr4ogATh7Nzc0Cx+moa19E8xO9v7YmB8ApQ+CAhHV2
dsaBAwdi//790dPTM+BrDh48GF1dXUc9R3l5eVRWVg74XDabjYqKiqisrIyKioooLy/+bxl79+4d
1oePioqKqK6uLli86e7ujs7Ozujs7DwiIGUymfz3rRTfs2PJ5XLR1dWVH/tA39uysrL8+LPZU3Oi
X9/3oKenJ7q7u4/678+hysrKIpvN5v+/vLw86e9PS0vLoN73QEaNGhUVFRUjMo6enp44ePBg/t+l
ioqKGDVq1Iice7D27Nlzwr9XVFdXR1VVVWQymREaFQXXtS+i+fGIyETUnlvq0QAwAk6uP3kDx7R/
//5ob2/Pf6Du6OiIlpaWaG1tjc7OzhG/Xnl5edTW/j/27rxHritNE/tz19gjMiP3nUoukkhKYkul
atXMwFXT7XHN2A00YBjob1CfY76N0cAY8Hg8MDxjj7thT3d1dbU2ipQorplM5p4RkbHf3X+cjMtc
Ivcbd4l8fkBIZDLi3hMbGeeJ97wn619SqRQAMYFPpVLIZDIDn8CvrKzANM1L3y6Xy2FhYQH5fP5a
5/c8D6ZpotPp+I+x53mwLAudTgedTgeGYRy5jaIo/mOWTqcBiMcsnU4jl8uFOgEyTROtVssPuVzX
hWEY/tiPh1+yLEPXdaTTaWSzWX8Sm0qlkM1mYxfYnMZ1XXS73VODnG63i263C9u2/RDwvCAtlUpB
VVVomnbkcpiiKEilUv514+zNmzdXem8BwO3btzE6Onrp2/XeT+1223/t2baNdruNdrsNwzBQLpex
vLx8pXFd1evXr699jPn5eYyPj8f+eadj7Baw93tA+TWQmoh6NEREdE38V5go5noTUdd1UavVsLu7
e+VJyWXZto16vY56vX7k54qioFAooFwu+xN4XdcHMgHuFyBcRLvdxsTExJUCjt6EyzRNuK6LZrOJ
SqWCdrt94WM0Go0jv1cUBaVSCZOTk35w1Hvsgnb4NdNsNrG9vQ3DMK5Vhl8sFjE+Pu4HH5lMJjbf
VHueh06nc6SSybIs1Ot1tFottNvtK1cqHHaR5z+VSqFYLKJYLPqBYO/5Pq1SKiq9kOcqDMOA67oX
rmDphRqmaaLZbGJvbw+dTqfvda8bSl7FZd7bpzmtIooSwOkC1e+AyV8DcjCVSUREFA0GHEQxVa/X
YVkW9vb2sLe3N5AKjatyHAe1Wg21Wg2A+NY/l8thYmLCn/jmcjl/gpcEhyfJnU4HOzs7J4Kd63Ac
B5VKBZVKBaqqYnJyEuVyGYVCIZBSf9u20Wg04Lou9vb2sLu7e+bSpMvqBV2yLKNcLmNyctKvUolC
u932J8iHH9sg7/NVGIaBnZ0d7Ozs+D/LZDKYmJhAoVCALMvIZDIDC7fC0mg0MDIycu796IVt+/v7
2NnZuXKgQjRQngOYe0B7BcjfiXo0RER0DQw4iGKmt9xkZWUFrVYrkG+eB811XTQaDb9qQVVVzM7O
4tatW5GOq9dj4axvmW3b9oONXph0VlPWINi2jfX1dWxvb2N+fh7FYhEjIyNXOlZvCUqr1cLa2trA
q3tc18Xu7i4qlQrGxsYwPz+PbDYbaqNa0zSxurqK7e3t0M55HZ1OB6urYktKXdcxPj6OcrkMVVWR
y+US2eS3Wq36FT399JZBbW1tYXd3d+DvKaJrc7pA5RtAHwX0sahHQ0REV8SAgygmbNtGs9nEmzdv
0Gw2ExFsnMa2bezs7EQecFSrVRSLxb4NC13XRbvdxv7+Pra3t08sKQmDbdtYWVmBruv48MMPLxVy
9CaQtVoN6+vroVcuuK6LnZ0dGIaBmZkZjI6OhrIEw/M8tFqtxIQbx5mmifX1dayvryOXy2F2dhb5
fB65XC5RDUt7/UuO672vesHGVZaXEUXGNYDK18D0nwNIzvuRiIjeY8BBFAOdTgfVahWrq6uh9de4
CWq1Gqampo4EHL2lKI1GA5ubm9jf349whGI8hmHg6dOnuH///rkhRy8I29vbw+bmZuTfjNfrdT9s
mZ6eTvzSizC1Wi08f/7cb4iby+VC3z3kOnq7z/SCGcMw0Gg0sL6+7i9fI0oUzwHMCtDZADJzUY+G
DlMygFYApAFMXWQdUAvBH5eIIsGAgyhizWYTb9++RaVSiXyyOmxs2z5SCdNrqri2toZKpRLhyE6y
bRtPnjzBw4cPUSqV+l6nt2POmzdvYvVaMQzDryJZXFyMXTPNuGu1Wnj27BmKxSKWl5dDX/JzVc1m
0+/D0el0sLGxge3tbYa0N42kiAmikhb/l86pfPBswDEBtwu4FuDFrFrR6QI7fwcs/I/ivlE8ZKaB
kc8Arf+/j0REPQw4iCLU+wY3Kb02kqj3LXO328W7d++wu7sbq4athzmOgx9++AGffPIJisWi//Nu
t+tXecR17LZto1KpIJvNYmZmJjY7rCSF53nY39/Hs2fPsLi4iFKpFPsmvZVKBeVyGa7r4s2bN6hU
Kvx7bNjJGqDmAPnQa1NJA6lxIDUJpMrnf8PudABjD+huAVZNhByuBdhNwI1LOOYAnXUguxD1QIiI
6JIYcBBFxLIsPH/+HM1mk1sLDlC9XoeqqtjY2EC1Wo16OOdyHAdPnjzB559/Dl3X/ZL/nZ2d2L9O
ut0udnd3USgUUCiw3Pcq2u02Xr58iYmJCSwsLMQ65Oh2u/7rM24VURQQNQcoWaAXWGqjQH5ZBBrn
VWqcRskA2Xlx6TGrQOO52MnE6QB2WywXiYpjALt/DyzMXf1+EhFRJBhwEEVkc3MTrVYr9pPWpNve
3sbW1laiHmfbtrG6uoqJiQk8fvw4UWOv1Wp4+/Yt7t69G8j2tzeRZVl+E9W4L/lZWVmJegg0SKVP
gOJdDLzhpj4KjP1S/Lr1Bmi+eh92RPX3n+cC3U0gMxvN+YmI6EoYSxNFoNVq4e3bt7HqozCsXNdN
VEAAiOUKGxsb+P777xM3dkD0ZtjZ2Yl6GInW24lofX2dyz4oOoUQwo3jcreAqT8T/Rb00aPLYcLk
mqKKg4iIEoUBB1HIPM/DDz/8wHCDhla320WtVgt969phY1kWdnZ2It/phygShXvA5L8ECnfEspbQ
eYB30BuEiIgSgwEHUcharRYcx0nkN/NEF9VqtbC7uxv1MBKv0+ng1atX3JmEbiY1D4x+Dow8jCbk
cC1g7w/hn5eIiK6MPTiIQvbkyZOBV2/IsgxZlqEoCiRJ8i/H9UrfPc/zQxfP81gST9fW6XRQrVYx
PT0d9VASzzAMvHnzBvfu3Yt6KEThk2SgeB+AAtS+Fdu4hsVzxW4vnstmo0RECcGAgyhEjuMMpHpD
URRomuaHGOl02t/JQtd1pFKpE40KHceBYRhwHAemaaLVaqHT6aDb7R75trgXeNi2fSODD0mS/LBI
lmX/MU7K43I47JJl8QG9F2T1xj6oaqLeaysOTTJ7z6MkSUcei6twXdfffjiM5962bdTrdViWNXSN
W3vhq6qq/vMT5eslk7l6lYCqqtweeZAKdwHPBmrficqK0HiAWRE7xxARUewx4CAK0d7eXqATIlVV
oaoqRkZGMDc3h1wud+HbKoqCbDbr/35sbKzv9WzbRrVaxc7ODprN5pGfD+tSm96ES1EUqKqKfD6P
0dFRFAoFpNNpAKI/QrVaxe7uLprNJlzXjc0yAlmW/cArnU6jXC6jWCwil8tBURRYluUvIanX6zBN
cyBBTbPZxObmJhYXFwM97nl6z93hyaaiKMjn88jlcsjn8ygUClAU5dLHdl0XrVYL1WoVtVoN3W7X
//kgwy7TNLG6uorbt28P5PhhkmXZDzRkWUYul8PY2Bjy+TzS6fS1wqfrevTo0dCFSENDkoHsgthS
tvkKQEj/9ng2sPd7YPYvwjkfERFdCwMOohCtra0FFgjouo65uTlMTU0N9BtPVVUxMTGBiYkJ/2em
aWJjYwM7Ozv+t9hxr2S4iF6lQyqVwvT0NKanp0+dbGmahsnJSUxOTsJ1Xezt7eHly5ewLCuy0KcX
yORyOdy5c8cPY47TNA0jIyMYGRkBADQaDbx9+xbVajXQ5VOmaR4JxQah95wdDit6r9dcLhf4N+qy
LPvVUb3gpvf8b2xsoN1uD+S90Asak6pXOaMoCkqlEubm5lAoFKIeFiWNVgQy00BnXWwhGwbPA6x6
OOciIqJrY8BBFKJOpxPI5FfTNHz44YcYHR0NYFSXp+s6lpaWsLS0BM/z0G63sbq66u/2kMTdM3qV
GnNzc6dWs5xGlmVMTExA13X89NNPMAxjQKPsT5IkaJqGcrmMW7duXTrwKhQKuH//Pl69eoWNjY3A
e8R4nhdo0CBJElIpsXVkNpvF3NwcRkdHI1se0Hv+JyYmUK/X8e7dOz8sCjrschznSpUnUVJVFbqu
Y3Z29szQkOhC8nfEEpXKP4rwISyuBcis7iEiijsGHEQJI8typOHGcZIkIZfL4eOPP4bneeh2u3jz
5k3ok/yr6pXLLy0tYWZm5lrHKpVK+Oijj/DkyZPQQp5e/5VPP/301IqNi1peXgYArK+vB1aBYNs2
ut3utXobHCZJEvL5PP70T/80kOMFrVgsolgsYnNzE2/evAl02ZJlWdjY2MD8/HxgxxykXkXR4uLi
td9bREeoeUAbEctVwuA5wP5jsaMLERHFGgMOooQpFouxaNrYjyRJyGQy+Pjjj6MeyoUoioKxsTHM
z88jn88HcsxSqYT79+/j8ePHA1+qoqoqFhYWMDs7G9i3+ouLi7AsC1tbW4EczzRNNBqNwAIOQNzv
uOvtHvP69WtYVjANEW3bxvb2diICDkVRMDMzg7m5Ob/ahigw2QXAbh1s4RpCFYfnAvtPGXAQESVA
/D8lEtER09PTR5qD0tUoioJbt25hZmYm8JJ5TdNQKBRQrw9m3Xavn8GjR48Cfy2oqgpN0yDLciBV
HL2AY3JyMoDRJcv09DRc18WrV68CeSyTsIVzb7ea5eVlVm3QYMk6oGQApx31SIiIKEa4EJYoYXqT
T7q63gRsbm5uII9lNpsd2M4hvX4bX3755cCCrqmpqcCWQNm2nZjlSoNQKBRis5xs0Hqvzbt37zLc
oMHLLgDFD0M+6fDtGkZENGw4SyKiG0VV1YFPwHoVFoM4bjqdxi9+8YuBbmWZy+Wu3c+DhJsUcKRS
Kdy5c+dGVutQBGQNkFMAQmwu3Hob3rmIiOhKGHAQJUyn00nkLiVxoCgK7ty5g6mpqVDOF/SuHrlc
Dp9//nkielDQzdJb8jU+Ph71UOgmUVKAGtaSTRdo/BTSuYiI6KoYcBAlzPb2NrrdbtTDSKQwv11W
VRW5XC6w46XTaXz22WeJ2yKUbobbt2+zcoPCl5kW28aGwfOA7nY45yIioitjwEGUMPV6PdCtJ2kw
FEUJbGcWQJT/B10RcpZ0Os3dL4go3uR0iBUcRESUBAw4iBLo6dOnqFQqUQ+DzqAoSqD3ejmdAAAg
AElEQVRboxIRERER0dkYcBAlkOu6ePr0Kd6+fQvLsqIeDvUxqEajRER0iJwC1OCWAxIRUbKxUx1R
Qrmui5WVFayurkLTNIyOjmJ0dPRau2vous6qAxp6zWYT1WoVjUYDjUYDjuNc+Vi9nW0KhQKKxSKK
xSJ3oCEKk5oD9FHAboVwMk+ch4EKEVFsMeAgClGhUMD+/j48zwvkeK7r+v/f2trC9vb1GqCd1uMh
lUphcnISExMTnLxRotRqNbx79w6NRsN/vwDv3zue5137/WjbNlqtFra2tk68h3RdD7V3CtGNo+YB
vQy018I5n1llwEFEFGMMOIhCNDs7e+1vjPsJYpJ2FsdxsLq6irdv30KSJGQyGdy6dQsjIyMDOyfR
VW1tbWFlZQWO48DzPLiueyTcCNpZ77+g3+tEdIySDjFw8ACzAmTnQzofERFdFgMOohCVy+VEfpvr
ed6RiZpt23j69ClSqRSmpqYwP88PexSt3muy0+nAcRw/3IhaHMZANPxC/HeVW8USEcUaAw6iEMny
cPT19TwPtm37lR27u7tYWlrC6Oho1EOjG+i7775Dt9uFZVkDrdQgohvOA2A3oh4FERGdYThmW0QJ
cuvWraHZXaMXdDQaDTx79gxPnz6Nekh0g2xubuIPf/gDGo0GDMNguEFEA+YBdjPqQRAR0RkYcBCF
bGpqKpHLVM7ieR5M00SlUsHjx4+jHg4NOc/z8MMPP+D169fodrsMNogoRFx2RkQUZww4iEKmKAqW
lpaGporjMNd1sb+/z5CDBsZ1XXzzzTeo1WqwLCvq4RARERFRjDDgIIrA1NTU0PTjOK4XcnC5CgXN
cRx89913aLVarNogIiIiohOGc4ZFFHOqquKzzz6DpmlRD2UgXNdFvV7H9ja7zVMwHMfBTz/9hGaz
yZ1JiIiIiKgvBhxEEclms3jw4AF0XY96KANhWRbevXsX9TBoCHieh0ajgWq1ynCDiIiIiE7FgIMo
QoVCAffv3x/KkMPzPLTbbbx+/TrqoVDCOY6D58+fc1kKEREREZ2JAQdRhCRJQqFQwMOHD5FKpaIe
TuBc18Xe3l7Uw6AEc10XW1tb6HQ6UQ+FiIiIiGKOAQdRxCRJQj6fx4MHDzA/Pw9VVaMeUmA8z4Nl
WajValEPhRLKcRysra1FPQwiIiIiSoDhmUkRJVw+n4eu6xgfH0elUsHm5iZM04x6WNfmOA5WVlYw
MjIS9VAoYTzPg2maMAxjoOcpFAoYHR1FsVi88vbNpmmi2Wyi1Wqh2WwOxXuXiIiIKGkYcBDFiK7r
0HUd6XQa5XIZruuiUqlge3s7sRMm13W5vICuxHEcbGxsDOTYmUwGCwsLSKfTUFUVuq5D0zRIknSl
47mui1KpBNu2Ydv2kX4he3t7bLhLREREFAIGHEQx1As6ALHbytjY2JEJU7fbhWVZME0TjuNc61yO
46Db7aLb7cK27WsdiyhIrutiZ2cn8OMuLy+jWCwil8tduWLjOFmWj7xvD2u324Gcg4iIiIjOxoCD
KOb6TZocx4HrunAc59rbZnqeB8dx/Eu1WsXm5magO1Z4nof9/X2USqXAjknDr9fDJUh37tzB5OTk
UPW6IaKwSIDG5ZZERHHGT3hECaQoChRFgaZpgR87l8tB0zRsbGwEtiymt5sKAw6K0uLiIiYmJhhu
ENHVSADUXNSjICKiM3AXFSI6Ip1OY2ZmBtPT04Ed0/M8NJvNwI5Hw8/zvMB7t5TLZYYbRMPGtQB3
sI2Ij9CK4Z2LiIgujQEHEZ2g6zrK5XJgO594nodutxvIsehmCDrgyGQy12oiSkQx5XQAqx7SySQg
NRnSuYiI6CoYcBBRX7lcDuVyOZBjeZ4XaE8PGn6u6wa6PWyhUAisoSgRxUioAQeA9FR45yIioktj
wEFEfSmK0ndHCKIwyLKMXC64te6qqrJ6g87V6XSu3biZQma3ALMW0skkQEmHdC4iIroKBhxERBQ7
QQcctm1z4krnqtVqfJ0kjWeH24ODiIhijQEHERHFUpBLSur1OhzHCex4NJy2t7f5OiEiIkowtpMn
or5c14Vt21EPgygQ3W439G/mPc9DrVbDzs5OqOelq2u326zgSBLPERUcoZAArRDSuYiI6KpYwUEU
kdevX2N7ezu2zTebzWZgEzNJkpBOc90yRWtrawuWZYVyrnq9jjdv3mBlZQX7+/uhnPMmkiQJqVQq
0GNubm6yiiMprAZg7IZzLkkCsovhnIuIiK6MFRxEEdna2oKmadjf3/f7DUxMTMRipwfHcdBoNNBo
NAI5nizLKBaLgRyL6Kq2traQz+dRLpcH9j5rNBqoVCqo1+tcFhMCWZYDb4a8vr6O8fFxZLPZQI9L
A2BVgc5mSCeTgPxySOciIqKrYsBBFKFWq4VWqwUAyGQyaDQaUBQFiqKgVCpFsrWlbduoVCrY2dkJ
rLpElmWMj48Hciy6OXqVP91uN5DjmaaJd+/ewbIsTE5OQlWD+SfQMAxUq1W02220223U63Uu7wpR
0LvjmKaJ1dVV3Lp1i5VnceeYYpvYsGil8M5FRERXwoCDKCY6nQ46HfFBTVEU1Go15HI5yLJYSZbL
5ZDP55HJZPyfBcl1XTQaDezs7KBer6PZbAZ2bEmSkM/nAzse3QyKomBiYgJv374N7Jj1eh2WZaHV
aqFQKGBsbAyapl3qGK7rot1uY39/H4ZhwLIs1Ot1//1L4ZFlOfAlKoBoNgoAhUIBU1NTgYVhFCCn
DdjBVBkSEdHw4L/YRDHkOA729/ePrN3PZrPIZrNIpVJHAg5d15FOp5FOp6GqKjRNu1AA4rouDMNA
q9VCp9OBZVloNpuo1+sD6QsyiFCGhluv8ifIgAN4HybWajU0Gg1/8irLMjRNO1ERYFnWkaUmruui
0+mg2WzCNM1Ax0aXI8vywJaSbG9vo1arodPp+JV0qVTq1IqRTCaDfD7PMCQsxi7QXgvnXJIEpCfD
ORcREV0L/xUmSohe+ftxmqYhnU4jlUpBVVWoqnrhgMM0TbTbbXS73YGV1MuyjHK5PJBj03DrNZCU
ZXkgodvhqilAvFb7vX+OBxwUH4PowXGYaZpYX1/3f6/r+ql/v46NjflBMw2aB9hNwAqrga8MFO+H
dC4iIroO/itMlHCWZcGyrMAaggZNVVXMz89HPQxKKEVRMDMzg3fv3g38XL3Qj+g0Z70+LMviFrNh
MfZCbC4KQJKBzEx456OTnG6IWwITUZKxZpyIBqa3Owx3I6CrUhQFs7OzUQ+DYmyQy1QojjzA2AE6
GyGdTwJkDZCi3+HsRjNrgGNEPQoiSgAGHEQ0MKqqYm5uLuphUMLpus6Qg06l6zqmp6ejHgaFpbsj
em+E9W2+JAP52+Gci07ndFjBQUQXwoCDiAZCURSMj4+z/wZdm6IoWFxc5Lf01Jeqqvx75qaw20Dr
NdBZP/+6QZFkoPhxeOcjIqJrYcBBRIGTJAmZTIa9NygwvV4u3I2H+lEUhSHH0POA7maIS1MAsTxF
B5RMiOekU9ktwLWiHgURxRw/KRJRoCRJgq7rmJmZQTqdjno4NCRkWcbk5CSXqlBfmqZxOdxQ84Du
NtB8FeLOKeDylLhprYT7/BNRIjHgIKLASJIETdMwOzuLmRl2nKdgybKMW7duYXZ2lpUcdESvofHE
xETUQ6GgeS7Q3QJqj4HO4HdTOkJWgdKDcM9Jp+tuAVYDAHcrIqLTcZtYIgqELMtIp9OYmprCwsJC
1MOhISXLMm7fvg1JklCtVtFut6MeEsWEruu4desWDMNAvV6PejgUBLsNGFtA43nIS1MgqjdS42KJ
CsVHdwNIjQFaMeqREFFM8SswIro2VVUxPj6OhYUFhhs0cJIk4fbt25ifn8fU1BQkSYp6SGfSNA2j
o6MYGxtDKpWKejhDLZVKYWFhgcvjguJEFSAebAVbfwpUvw0/3ADE1rClT8I/L52t+UrsouOaUY+E
iGKKFRxEEdF1HZZlwfOSW2opyzKy2SzK5TJmZ2eh6/ymi8IzPT2NyclJyLIMwzBQrVZj9X5KpVLI
5/MoFAool8tQVRW7u7vY29vD/j7XkQ+CLMsYGRnB3Nwcdnd3+ThfV/0nYPRzUc0QBs8BzApg1oDW
m3B3SzlMkgG1CKSnojk/nc5zgPYKoI8A6enwXptElBgMOIgiMjMzg0ajAc/z0G630Wq14Lpu1MO6
EEVRkM1mUSgU/G+miaIgyzLu3r2LdruNtbU12LaNWq0Gx3EiCTtUVUU2m0Umk0Eul8P4+PiRaoL5
+XkUi0W8ffsW7XYbnU4n9DEOO0VRMDMzg3w+j/X1dezt7SXm79bY2X8C6KNA7oMBTiQ90VfB2hcV
I60V0WvBi/A5k1Sg+FF056ezdbeBxs8i7EhPADIrtojoPQYcRBGZmZnxG3FWKhXs7u7CdV14nodu
txu7wEOWZei6jnw+D13XMTY2htHR0aiHRQQAyGazuHfvHizLwtraGgzDgOu6aDabMAxjoGGHpmnI
5XLQdd1/b5RKpVOvXywWcffuXezt7WFnZwf7+/uxqjwZBrIso1QqIZfLQVEUP/iybTvqoSXP7u8B
eEBqEtAKAK65JMw1Abt5sOWnDeCgiWh7DXBiEPhJsujxkF+OeiR0ltYKYNWB3C0gOw9oJUBSoh4V
EcUAAw6iGCiXyyiXywAA13Wxv7+P3d1d/8O44zgwTROmacK27VCCD1mWoWkaMpkMNE2DLMsoFouY
mJiAqvKvDoonTdPwwQcfAABs28bOzg7q9br/nrFtG6ZpwrKsS7+XersE9YIMRREfpjOZDCYmJpDL
5S58rN5WyoVCwa/maLVal7indBGqquLevXuwbRurq6t+2NXpdNDpdGIVIseWZwM7/xUo3A1mSYDd
BrqbgLENOEYwYwySrAPF+1GPgi7CrIqLsStCDiULqDlALYgdcIjoRuK7nyhmZFnG6OjokeoI0zTR
bDbRaDROfCh3XReu6/qTNcdx/J/1KkKOUxQFsixDlmX/15qm+RO23nVyuRzK5TKy2exg7/QZyuUy
LMsK5FhhNnjs7SozPj4eyPHCfg4ymUxgj32hUAhgRJenquqRSikA6HQ6aDab6HQ6aLfbl5rg9p7T
QqGAQqEQSM+ZfD6Pe/fuoVqtYnt7+9zrB9nnZnR0NLD3VtybeqqqiuVl8Y284zioVCqoVCpwHCew
cxQKhSN/hw6dxnNxGWaSAmRmxGSZziABSio+AVX7rbgoKdE3JT0DqAH8mymngfTk9Y9DRKGSfve7
37EulijBbNuGZVnodDpwHAeGYfg/O23yoqoqdF2Hqqr+N9K9EnsiIoqx9iqw8/8BbjDhFB2QJLHM
Yeq/FVUAQXv3H0QD1TAVPgTGvwr+uK4J7P69aAQ7zLLzwNSfRz0KIrokVnAQJZyqqlBVFZlMJuqh
EBHRoCkZQC+LvhUUHEkT/RwGEW4MG0kVj9WwBxxElEjcW4mIiIgoKdQ8ty8NmqQCuQVg5LOoR5IM
kszXIBHFFgMOIiIioqRQMmLrVgqGpIitRscGsJRj2EnX3FGHiGgAGHAQERERJYmkioaKdD2SJJak
FD8SjyldnCQDGoM2IoofBhxERERESaIVgexi1KNIOAmQU0DuAz6WVyGpwMgnUY+CiOgEBhxERERE
SaIVxQ4PEj/GXZmsArklYPRR1CNJJkkWW+pKQ7w1MhElEv9lJCIiIkoaJQPoY1GPIplkTVRtsO/G
NclAejrqQRARHcGAg4iIiChpUhPAyKf8Bv1SpPfhxsS/iHowySdrwPg/Y7NRIooVBhxERERESaRm
uV3nRUmSaMyaX2a4ESRZZyUREcUKAw4iIiKiJNLLotGjkol6JPEmyYCaBwofcllK0GQVmPoz7kJD
RLHBgIOIiIguxTRNdDodGIYB13WjHs7Npo8D5c85wTyNpACpcWDkERuKDoqsA7mFqEdBRAQA4L+G
REQ0pDzAtQDXBDzv/Y8lWUx6FB2Xzvk9F3AMwLPFh3pFB3Dz1p+/evUKu7u7yOVy+OCDDzAyMhL1
kG4uWQVSk0B2AWi/Ofpav9Ek8dhk5oHyF4Cai3pAw0tSgPF/ARi7gNWIejREdMMx4CAiouHimgfB
hgU0XgP1F4DTAXAw8dMKQGYKKN4D1IwIKmQNFwoqrDqw+09Aaw0o3QVGPxHHu2Fc14Xrumg0GjAM
I+rhkFYESg8AqwaYNfiv9ZtKUgAlfbBTyi+jHs3NIMnA7F8Aa/8ecNpRj4aIbjAGHERENBw8F3C6
QO0noPYj4NpHM4ver62GuDReiN+XPgQKdwG9dHaZv2sClcdAc00ca/+56H0w+vAgICGKUGpM7Gix
87eA1cKNDDkkGZA0IDMDjP6JCH4oPLIOTP8rYPM/Hw2ViYhCxB4cRESUfK4JtN4Bb/5XEUK49sVv
u/8MWPvfgeZrwDXQ/0O5C+x+DTTeHP1x9Qmw//MptyEKWWocmPiNWI5xk7aPlQ62f9XHgLEvgclf
M9yIij4CzPwrscPPDVy+R0TRY8BBRETJ5pjA1h+A9b8Ry1KuaufvgMo3B2vIjwUW3RpgNkSVyNGT
A9Y+YLeufl6iIKXGgOn/DsjMDn9lUS/Y0EZExcbsfw/kb0c9KtJGgLm/FCGHxJCDiMLFJSpERJRc
ngO8/U+AWUHfKgpJBeR+32Q74rbHb1N/Jv5fuv/+G2DPEZUa7fX+Y6g/Fx/kRz8VJfJEUdMKwMR/
A7RXgL0/AJ41XM1HJUVctBJQ/BjIfxD1iOg4WQMW/idg4/8AzH1RZcdKNyIKAQMOIiJKrr3vAOMg
3Dj8RaGsAJCB8T8BindOfpO9/xOw/6OovPBcHPngXX8mAovCPdGocP8F0N05exztTSA9BWRnLn0X
PM87c6tVRTl/qcFZx5AkCbJ88eDFcZxAjnORcfUup92u9+ee58HrM0E/PibXdS90PeD9/bzI43v8
vsiy3HfcsSKropohNQFs/RfAaQFun1AvKXq7H0kKkLsFjHwCKNmoR0Xnmfk3ovnt5v91sANVgl+D
RJQIDDiIiCiZ7Daw9wNOfFiWVKD8KTDysZjk9VP6SFxqP4hAwz7WlLHyDaDmgdwi0Nk6f+vD7hbQ
2RC7s1yiisN1XdTrdbx8+RKt1sllLtlsFh999BGy2eyp4YJt26jVanj69GnfPy8Wi3jw4AFUVT1z
Uu66LkzTxJMnT/qOZXJyEgsLC8hmLzapdF0Xu7u7ePv2bd/jjYyMYHFxEcVi8cR9293dxY8//ohi
sYhbt26h1Wrh5cuXR64jSRKKxSI++eQTyLKMbreLly9fYm9v78j1ZFnGyMgI7t+/75/Hsiz8/ve/
h+d5+NWvfgVNO38px9bWFlZWVmAYBh49eoRiMSE9HrQiMP+XgFkVk0zXgqhgivkkU5IAyOL/kiJ2
RCk9EFUblCzaiKjmMHaB7b8F3K4Ilj0PDDuIKGjKF1988W+jHgQREdGleC7w/H/us0uKDHzwl0B+
4WJBQ3oSyC4Axt7JrQ2tfaD6I9DZxZEP4b2Jl3/O3vUbIlBJj1/oLnS7XaysrODFixewLOvg0Eer
GizLwtbWFlqtFsbHx08EFIZh4I9//CO2trYODe9oVYRhGFhbW4Ou68jlcqdWTDx//hwvX748su3r
4WO1Wi1sbGwgn8+j1Wqh3RaP1/j4OPL5/In79vLlS6ysrMCyrCP3q3e8breLnZ0d2LaN0dFR/+em
aaJarWJ/fx+GYWBrawvVavXU+1apVFAoFPDHP/4RnU7nxPU8z0On08G7d+8wPz8PSZLQbDb9x2xz
cxOzs7PnVqc8e/bMP/7k5CRSqVT8qzh8ktjxp/RAVCZZNRHqSXIM+kBKByGG/P4ia0B2Dhj7FTD+
K6D0ULxPlXTUg726xs8HO4uEKDUOZOfDPedZ1KxY/jfyKQBZvA7hHTz/kb8QT9KKQH456lEQ0SWx
goOIiJLHMfv8UAKW/gdAy/f5szNoBWD0M6DyR/Etd4+5D/RbrTHyMZBfFMtcmod2VXE6gNUUO7ic
VjlyoNvtYm1tDevroq9Hb0KeTqeRz+fR6XTQbDYBiEqISqWCH3/8Effv3/ePYRgG/uEf/uH9vT84
RrFYRDqdxt7eHhzH8ZdVvHjxAp7nYWZm5sRk/unTp6hWq/51JUmCoigolUrwPA+NRgO2bfvXPYth
GHjz5g22t7f9Y2WzWZRKJei6jlarhf39fViWBdd1sbGxAQC4ffv05pC98WQyGQDwHxvP89BsNvH1
11/711UUBYVCAZ7noV6v+9dzXRdff/01fvGLX6BUel8FYNs2LMs6c6lKvV73l7T0xpKccOMYJQ1M
/bn4tdMGat8DjefRjUcrApk5sexELw9vH5teiBPqOcM93aWMfCIuAGDVgc47oPkKMGsATl+yF644
P4BEdBoGHERElCyeKxqLHpeZFGHFVT6UZmeBelGEGr0P187BL4/39tBHxFKU9jsACo6kILUnYhIz
9vmZp2s0Gn64IcsyxsbG8PHHHx+5jm3b2NnZwfPnz+G6rl8xAYgqh2+//db/vaqqePDgwZGJe0+v
ssHzPLx8+RLlctkPCnrHarfbfrih6zoePnzYtyrj2bNn2N/fP/O+vX371g83crkclpaWMD5+tKrF
dV28e/cOr1+/huu6aLVaqNfrpy77GB0dxcOHD/3fW5aFd+/eYXV11f+ZJEnI5XL4/PP3j71t23jx
4gW2t7fheR663a7/Z0tLS1hZWYHnefj666/xy1/+Eqra/2PRzz//7N92bm4OqVTqzMfgStpvRX+C
3K3gj30aJQuMfSUuNFizfxH1COJLK4pL8ePzrxt3nisCG30k6pEQ3VhDGpMTEdFQM2onfzb3Z9fb
FnPynwOZafHrY31HfWOfA8Xl978e+ejkdezWmT07arWaPzE/LdwARGgxMzODL7/8ErOzs3j06JH/
Z5Zl+UtJNE3DL3/5y77hBgB88cUX0HXdrzj45ptvYJrvK2C+//57f+mFoih9ww0ASKfTePjwIcrl
8qn3rVKp+NUVuq5jbm7uRLjRu98zMzNYWlryH5PNzc2+xyyXy0fCjd59Pj6OTCZzJNwAxGN4vDKk
F9AsLi76j4lt236FynHHm65OTExA1/W+172W7MJBRcW351+XiOLHs0VQ2XkX9UiIbjQGHERElED9
0odrlhPL2vsS8n4Bh1YUFSLSoaUMWgFQc0ev13wtto49Ra9iAhCNNu/evXvmsDKZDG7fvu1XF5im
iRcvXoghyzKKxeKplQeAqGz48ssv/SUYxyfyh3cd+fTTT/uGGz2KoiCfz5/alLNSqaDREOHO3Nwc
pqamTj2WqqoXau552lIQXdf9kKO3bOS02/ceH8/zjlSgLCws+Mt1vvnmm74hx9OnT/3qjXK5fKEx
X1nulmgCWvmnwZ2DiILndIHdvxNLHUv3z78+EQ0Ml6gQEVGCeIBRPfnj8oNg1rcracBVDrYyPERS
gPJDIH+sYV/xrqjWqD05OsbOhvgmL7vQ9zS9UEGW5TPDCf/0hyb5vZ1XABES9Kv+OO54z412uw1N
09BsNo9s43qRvhJLS0tot9vY3d3t++e9+2YYhj/O03ieh1wu13eXlfNIkuQvFZFl+ciym+Oy2Wzf
sSwuLmJtbQ2AqIqxbfvE82EYhv8YLS0tIZ0eYKNLJQtoo6KKw3OA8hdHAzUiih+7BWz/P4Brih2L
2LuDKFIMOIiIKFn6NRjNTgcTcMg6gIOAo/cZNbcgwo30OE58cJVkIDcPGBURavQYe2J72VMCjus6
XHVx3u4fPcViEbVazQ9ICoUCGo2GP3nP5/NnNtrsuWhzzc3NzSO7u/TjeZ5/X0zTRKfTudAYLjuu
0/5MkiTcvn0bL168gOu6+Pbbb/HFF1/4VRovX770l/Poun7lsV1Kfll8G1z7BrCbYseJ1MV25iGi
kFn7wPp/PNie/Bfi/0QUKb4LiYgoYQawPKWn/CdAdkkEFunx90tSZOX0c2QmxXUPBxzwgMZLUREy
8rD/7SJk2/aRcAEQ1SBB7gxyuDLkInRdRzqd9rfMDcvk5CRevXoF13X9Ko5ewFGtVv0eHB9++OFg
qzd6JBko3gNgA7XHgN0AiveBwtlLmYgoTJ4Isjf/swjE9dFwGwQT0akYcBARUYJIgJY7+ePODpCd
EVsxXuvwKpCZANJjBxUhFzmeDJQ+EuXJ+8/e/9g1xDfwnhOLZQaHqzV68vm8XwFyeCvUICwtLWF2
dvbC15dlOZKtV2VZxkcffYQff/wRjuPg8ePHePToEWq1mh8EASKAuWi1zPUHpQPpKSC1ARg7QPWf
xM4M5S/COT8Rnc41gMYLscWya4r+TFN/PrxbHBMlDN+JRESULMebegJA9enJvhlXJoklAu4lKgnU
jBiXfCjI8A6qOKrfnXozz/MuXekAwN/Fw3EcvHnz5kK3OVyt0VMsFv1Ju+u6fa9z3Obmpt8zI5VK
ndpDRFEUaJp24Usoyz9OMTIy4ocrhmHAtm2srq761SS3b98ezNawZ0lNAbkPAMhiWVb9J2D392Kn
BiKKhlUDNv9voPbdQbhRACZ/c7C8kYjigAEHERElS79vyS4TRpzGtYGN/xd49e+A1f8IvPn3wOt/
Jy47/wCYZzXMlEQVR+lYw0/PFmXMxp7/I1VV/cny/v4+Xr16dalhaprmb6/qui62trbOrbx48uRJ
3+scr5h48eKFv2VsP67rolKp+LuKzMzMHNmedmRkxN+FZW1t7dStX+NGlmV88sknUFUVnufhyZMn
6Ha7fuBTKpUu1Aw2UJIM5O8Ao48AeOK11HwJbP0N0N049+ZEFDBjF9j4T4C5J/7NUVIihNRHoh4Z
ER3CgIOIiJJHL5382eZ/FSHFVThdcfvGiuiIb3cAuy1+7bREOfL6/wms/C/A2n8AKt+IJQOHyRqQ
GhXlyod1t8TWsQdGRkawuLgIQPTC2N7e9rd9Pa7dbuPbb7/F48eP/YBCURSMjK1ux3wAACAASURB
VIgP1J7nwTRNfPvtt34zzOOePXuGWq12anXGxx9/7PeWaDab+Pnnn/1tbA9zXRfPnz9HtVqF53n+
ziWHJ/7lchmFQgGA2JXkzZs3p4Yctm3j3bt3+OGHH07dkSVM+Xze70PS7Xb9yprZ2dnwqzd6ZBXI
3wZKB31cPBvobgI7fwdUv45mTEQ3jWuICqqt/wI4HcBzxXJItQCUHoC7phDFC3twEBFRskgyMPdr
4PX/dvTnrTXArPbf7eQ8W/8INN8e3T3l8CFcW1wkAI4kems0XwKyLCafhXvietlFwNwHqt+/v63n
AJ01oFkG8suQZRmlUgmTk5PY3t6GbdvY2tpCvV5HLpdDoVCAbduo1WrodrswDAOKomBlZQXLy8sA
xNKQTz75BI8fP4bneX4QIsuy3/eiXq+j0WjANM0zKzxyuRzK5bI/lkajgR9++MEfi6qq2N3dhWEY
R461vLyMcrl85FiyLGN+fh62bWNnZweWZeH169fY3t7G2NgYCoUCTNNEpVJBrVaD4zhwHAeZTAbj
49HuFCJJEh48eIDvv//+SKPT6enp8Ks3DlPSYjcec080svUcEbzVfxIh3NiXgBxRAEM07MwKsPeP
gFUFHOP9z7USMPkvuTSFKIYYcBARUfL0q+DwHGD9b4GFfw1o+Ysfy9wHnDb6785yiB94eGLttWsC
qRFRptwjq0B2XixJab97/3OrAXS3xRagADKZDObn5yFJkr/EpNVqodPpoFKp+L05elUEmqZhZmbm
/WkOQpIPP/wQz549g+d5/rKRlZUVAKLiohdGjI2NwbIsNBqNE5UckiRhaWkJiqJgc3MTlmWh2+3C
NE3s7+9DkiQ4jnOkV8idO3cwNTXVt29GOp32l9D0Qo56vY5WqwVFUfxxHa5ICa155zlyudyRZTuj
o6PQdT2S5qfvSUBqTCxXOfxadS2gtSJ2WSncFX9ORAFxRaC4+/fvqzZ69BFg8teAmo1ueER0KuWL
L774t1EPgoiI6FIkCcjNAfuHlnZIEJO+9jsAsvgQel5X+9pT0QTUqgKSKxZuKr3s33t/3H7/lxWg
+CGQWz66S4qSFt+sdzaPhiJ2C4ADpKchSRI0TUOxWEQ2m/V3MDkcbHieB1VVMT09jTt37iCTyRx7
CCRkMhmMjY2hUqn4gcHh2wPAw4cPMT09jXQ6jWq1Ctd1cffuXaRSKX/irigK8vk8xsbG0Gg0YFnW
ibEAYgnK7du3MTY2dmpTUEmSoKoqSqUSdF33Kz9c14Vt2/79lGUZ4+PjuHPnDsrlsn88WZZhGAb2
9vaQzWYxNzeHXO5kY1lFUaAoCra2tpBKpXD79m2/+Wq/8ezs7Pg7ppzV0HRtbc1/LD/66CNkMpmI
Aw6I17GaF//vrB/6A1dMvro7gLUvKj2I6HrMmlgCVv/x4O/tQ6GwVgDKXwLpCXBpClE8Sb/73e/O
b5lOREQUOx6w9Q9A7Wfx68OfNdWMCBpK94DibdEf47D6M6D5RnyQdQ2x44l/ewko3QdyiwBkEZg0
XopvynvXSU+KcCM71395gN0Gaj+ID8j+YSUgtwSM/+pIWbPjODAMA57nwXEcmKYJVVWhaZo/Oe83
cfcfBc9Dp9OB53nwPA/NZtPvgwGIahFZlo+cJ5vNnjpp73a7/gS/3W4jlUr5gUBvXBetuLBtG5Zl
+dUfpmnC8zy/p0Xvvh0fi23bMAwDsixD1/VTAwnXddHpdPyw57T75DiOX+HSLyzpefv2LVZXV+E4
DnRdx6NHj/z+JLHgmkDjZ6DyTyf/TNaA1CRQvCeWShHRJbni7/vKH0VweLx5tZI6aPz7J7HY+puI
+uMSFSIiSigJGPsM6GyJ0v3D37LZHXGpfA/UfwYgHw1AnPbBeuo+W7TmbwGFZUAfFb/XCkB+6WiJ
sqwBSkYsSelHzYoKEll7/yHZ88S377UfgPLn/lUVRUE2+77U2XVdSJJ04aoBSZKO3D6TyfQNBI6f
5zSHJ/S90OCqFQyqqh7pX9GrQjkvIDl+u9PIsnxmYNGjKMqFrre5uemHMXfu3DkzWIqErIsJlucA
1W+P/plriQak1j7QfguM//NoxkiURFZNBN/tNdFj6ThJBdLToqkoww2iWGPAQUREyaVmgNlfA7vf
AM01nAgsnI64ACerifvN2fMfiOoNbeT9FZTU0T4bF5VbFB+Ua4/f/8w1xa4sZ7huP4qzll9cVtC9
MeLSa6OfarXqL80BxK4qsRyvkhZbU9odoPHs6J95jnjNtVbEn+eX/b4vRNSH54pAsPatqLxz++9G
BX0EKP9CBNtEFGsMOIiIKNn0EWDiF6LKYuvvxVaaV1H+HMjdAtTc+b07LkJJA+kpILUumo5SrL1+
/dpfmnPr1i1omnbOLSKk5kVwYTeO9eQ44FpAd+OgmmMNGP8lIMdoqQ1RHHS3xTJCc080gj5NakxU
RKmXaF5NRJFhwEFERMmnFcQ3a1pB9MuovxTbul5EYVn0xkhPXa1S4yzpCaD4EbD/RHyznl0ARj4L
9hx0bd1uF91u16/eGB8fD7QSJnCSDKTKog+M3Rbl9cd5rnjNOV1gqy36xox+fvJ6RDeN3QZar4Hm
C8Bqnh2Kp8aB8X8mgnQiSgQGHERENBxkFchMAFpWhBaeCzRXgG6vR8fB8hWtBGTGRdigpETFRlBV
GyfGpIulKqmyCFzUDKAWzr8dherZs2d+9cb09HT8em/0I6lAegYYMYHKNwfbx/bh2YCxLUIQswYU
DprjEt00ngu03gD1n8TuKKe9Z3pS48DYn77vx0REicCAg4iIhksvsAAAvQDYtw+qOQ6akMra+2Bj
EKHGcbIO6OXBn4euzLbff4M7Ozsb7+qNw2RN7Jji2mLnB8/pfz3PE011O+9EKX7zhZi4KVy2QjdE
Z0O87o2ds5ej9OijotouNTb4sRFRoBhwEBHR8DocdhCd4t69e37IcdYWurEk66I5Llyg8vXpIQcg
vsG2aqJ3h9sVPQW42woNM7MKNF+9D/cu0qMpVQZGHgGZafTvRk1EccaAg4iIiG60QiHhy4bkFJC/
LSo1Kn88//qeA3Q2xTIXx3g/oSMaFk5HBButFcCuH2wLfgF+uDEj3h9ElDh85xIRERElnZwCCndE
yFH9p4vdxrPFLivGrvimOz0jmuISJZVrAc2XQHsVsOqi18ZFaSXRo4bhBlGi8d1LRERENAzkFFC8
C8ADql9f8Eae+La79RYwKkB3U2yXnLs1yJESBasXbHTWAasqdke5DK0kwr3sIsMNooTjO5iIiIho
WMgpoHhP/PrCIQcAeGJbWbsJWPuitD+3JC7sQ0Bx5VqieWh3UwR09iWDDUA0Ei09BNLTbLxLNAQY
cBARERENk17IIUlA9duzG4/2Yx5sKWvVgNYqkJ4ECncBKSG7y9Dwc7tA46XYFcXYu1qwAYitYEc+
ATKzrNwgGhJ8JxMRERENGzkFFO4BkIDqN5cPOYD3QYe5A3S3xTfdhQ8BmR8fKSLWPtB6I3rGGLuX
67FxHMMNoqHEd3NAPM8b6PETtWUdERERRU/WDyovJKD2g+i1cRVWU1yMLcDcA5QMUHoAKNlgx0t0
GmMHaB/0iTH3AKd7veOlp4CRT0V1EsMNuoZBzgE5/7savqP7GHRYcRVxHBMRERHFnKQBuTsAVKDx
syjnvyqrDVivxYTQah0EKHcAfQyQ5MCGTORrrQDG9kHFRgVwzesfMzMDjHwGpMcByGLnIaIYusr8
j6HIDQ84GBoQERHR0JM1IP+BaKDYfCUmjdfh2e+PYTcBNQ/oZSB/SyyNIboOuyVep3ZLLEOx9q+2
xKofP9yYDOZ4RDFz1vz2poQfNyrgYKBBREREN5KkApk5saxEyQD1n4I5bmdD/F/Li8mokhJbzOpl
VnXQ5bTXRK8Xuyl2RbnuMpTDJEX02ig9YLhBN9bxufCwBh5DHXAw0CAiIiI6IMlAqixCCFkDao+D
O3avT4ckA+a+CDz0ESC7KAIVon7MKtBeFUtPuruAWQmuWqNHzQKZBaBwWzQWJSIAR+fKwxR2DF3A
wVCDiIiI6DSSWFJSeiC+1a49DnZC6blA5x3QgThPd0csjUmNi+UBXMJCTkfshGK3AKshqjVcazDn
SpWB3AdAdgHQioM5B9EQGKawY2gCjiiDjSjOnfQXHhEREUVI1g9CDhmo/yyWBQTNbgLNg+Pqo2I5
i6wD6QmxiwXDjpvDNQ9CjaZYetJeB9zOYBt8ZmaA4od8rVFgoppvhj3vS3rYkfiAY1AvtLhXgsR9
fERERBR3MlD4WCwhab8TE9BBMaviAgDdMSC1LsIOvQykpsWyGRouTlcsP3HaIuBor4lfD/ozrCSL
cKP08GBJCndKoWS76LxvEGFE79xJCjoSG3AEOcFnWEBEREQ3kiSLEn59TCwp2f9h8Oc09t5vV6uP
AKlNsYxFy4uwQ80Nfgw0GFZdhBqeI5aidN4BdgdASJ+11awINwofitc00Q0yyDAiSUFH4gIOBhtE
REREQZIArQSUPgFkGag/F5PTMJg1cQFEwJLZEgGHpIllLfqYqPSgeHJtwFh/X51j1oH22+AbhV5E
ehLILQLpeUArhH9+opjwPG9gQUQSgo7EBBxBhxEMN4iIiIgOkVWg9BkgpYHuFtBZDbe0324CjYOe
HbIGaCNiiYGcEpfUqPiZrIU3JjrKc8RWrsau+L1rAd1DAUcUJBlIzwDFj0V/Fykx0xuigRlkyBHG
8a8jEX8DMNwgIiIiCkmvMaNWAOpPxc4oYXMtwNgRF0AsYdHL4iLrYhKrl0SVBxtIDo5riO1brYMq
G88RzWKN7WjH1aMVgdQkULjLLWCJjgkj5ADiV80R64BjEEEEww0iIiKic+gjgP4nACSgsw6YlWgb
NdpdwF4Xu28ABw1KR8WkVkmLcSopEYBoeX6LfxWeLZYLWfuAYwDwxP+7G4BRiXp0J2VmgfwSkJ4V
vTeI6IQwKi3iVs0R27/94xBuMAwhIiKiG23kM0AfB4wN0Zsjit4K/bimWEbT3RK/lySxG0x6UvQT
kQ8+4koaoJZENYqSjm68seKKwMiqA25LPJbAQdVMRYRZdjvaIZ5FzYmlKIWPgdRBI1F+Zqcb5jKB
QlghBxCPao7YBRxx2PaVwQYRERHRgewckJkWVRGdDdFvIYplK2fxPDEpbx7b6lbWxSRYLwNq5v3P
JQVQ8gfBR1b0cRg2ri2axdqtgyDDEj/3XLFdq7EnQg7HiHacl5GZAbLzQGaeu+3QjXbZQCGsKos4
VHPEKuCIOtwI4vxhhiNRv3iIiIjohpAUYOQRoE+IJQvNl+8nzHHmmiKU6Wwc/bmkimU42iigFwEo
R/9c1sRFzYgARMkgVlxL9MdwLXEf7fbJ58M1AbshlpzYjWQFGcdpBbGjTvHDg14b/AxM4Qr7C/DL
BBcXvf7h+zDMDUhjE3BEXTVx3vmjHl8/cRwTERERDbHMrLhIiljOYOyI3g1J49liJ5DebiCHSRIg
6aJ5qVY8uFxw29FeP5DDvz/rg77nimDCr4hxReXFeUuBHANwWoBzEG7YdRF4DJveDinZBVFJJKcB
Dzj4D9HQuug8rxckXDZUGHTYEWXIEYuAI26VGwwOiIiIiM4w8kj0ami9BtrvxDKIuC1buSrPA2CI
EMGqX+62Wh7AoeUuav7s5S+eK5aR9AINzxHnTWJoFLT0hAiXCh+LHXOI6ITDQcJVQ4tB9c+Iqi9H
5AFH1M1ED183jGDjKufgUhQiIiKKnd62rWpJVHJ01kRFwU1mNY/9/pIBCR0sRxkBCgfLUSTl/NsQ
RSjq+V2/aomrhAtxahR6HZEGHEEHCtdpJBrnJqSsKCEiIqLYyt8GcreA/Yyo6jB2k9Gfg+JF0UWP
l+wckFkQ2/4C3CGFhtJV53enhQ+nLQm5ylKRoIOOsJerRF7BEYTrhhNn3Z7hAhEREdE5JEVsKWs3
gcbPQHcHsGqAG5NtZSm+JBlITwGpUSB/D1CzUY+IKLbOWoYSdJAQ5PHCDDkiCziCCg4GvcTlq6++
wm9+8xssLy9DVYciDyIiIiIiIqKEsG0br169wt/8zd/g97//PYDglqacJcjjhRVyRDJjj2o71stW
b/zVX/0Vfvvb3176PERERERERERBUFUV9+7dw71797C0tIS//uu/PvP6x5uPXjdYCCqcCCPkOKOt
82BEFW70O8ZZgcdXX33FcIOIiIiIiIhi47e//S2++uorAJfbNfS6c+ggjhGG0AOO6wrrQf3Nb34T
ynmIiIiIiIiILurwXPUywUNQQUeUtz9PqAFHVA/GRZ/I3nU8z8Py8vKVzkVEREREREQ0KMvLy9ea
W0cdUgwy5Agt4Igy3LjK9dhQlIiIiIiIiOLmInPV3pf8gwoT4rpcJRFLVK7aUDSuDzoRERERERHR
dRye80Yx942yiuQ0oQQccbrjZwUfDEWIiIiIiIgoiZIWcgxCrCs4BhFu9PtZ3J4UIiIiIiIiokGJ
wxx4EGMYeMAx6N4ZRERERERERDfVeXPn077UD2rOHae5e6wrOIiIiIiIiIjoYs5ryXCZ61/2vGHe
7jQDDTjicifjek4iIiIiIiKiy7rOXHtQ1RxxmFPHroIjiO1kjx9j0CU5RERERERERFEJohIjqvlx
kOcdWMARlyqMy5TnXOTPiIiIiIiIiIZRUkOSnlhVcAS9nexFjxf1k0BERERERER0Gef127iJLSNi
FXBcFcMNIiIiIiIioqOusqLhIn8+qNte10ACjqvcoTAfhEGkXERERERERERhCGJOO8iQIyqJr+C4
7IOexCeJiIiIiIiIqJ9BVluEucwliLl6LAKOsB40LlshIiIiIiIiem+Y5r+BBxxJeXC4HIWIiIiI
iIiS6qJz2otcbxC7jEYx3468gmMQD1bce4AQERERERERBeX4fLZfqBFFyHFZ1z1P5AHHVQzygWfQ
QURERERERElzkd1Fw24sGvb8OpEBx2kYbhAREREREdFNEtbGG0mYLwcacITxwAbxZFw2xSIiIiIi
IiKKi0HOYZM8Px6aCo6LLlthuEFERERERETDKKjNNE47RhhFCtcZf6ICjqs8yGeFGxc9BhERERER
EVFcnTfXvSnz3cgCjjAe4GFeW0REREREREQ31/HgIqwGoXGeLwcWcAz6Tg7iwY3zE0NERERERETU
z3WXioQ9Fw7rfIlaonIZDC+IiIiIiIjoJrpIgcBF5sxJq+JIdMARVPVGlEkWERERERER0VVddm47
zHPeSAKOMLuonncMhhtERERERESUNEHMca9TxTFIVz1nois4BoVBBxEREREREcXdIIsBwjh30BIb
cFzmwYzjA09EREREREQUhCTMecMYY+wDjiQ8UURERERERERRGuQOo0mZl8c+4Liufk9E72fsv0FE
RERERERJdtac97Q/H+S5oxRIwBH2cpFBpktxe4KIiIiIiIiIDrtuc9BhnfcOdQXHRas3zro+ERER
ERERUZIFsVtKEubLsQ44rvIAJuFBJyIiIiIiIhq0m1bFEeuAo59BLD8ZxieWiIiIiIiIhle/PhvX
DTSSPjdOXMBxUUl/YoiIiIiIiIjOEofWC2H35DzL0AYcFxWHFwQRERERERHRRV11Hnv8Oped+8Z9
rjxUAQd3TyEiIiIiIiJKvqvM0Ycq4LgohhlEREREREREJyV5vnwjAw4iIiIiIiKiYXDZ7V2vu0wl
zmIbcLA3BhEREREREVF/nB+fFNuA47Iu+uReNt0iIiIiIiIiSoKLbBc7zEINOKJ8kG/qE0xERERE
RETDKagv+ofF0FRw/P/s3Xl8Dff+P/BXJIQEaRLZrE3aJPZyaa+gllJbLCXoFTSKWKq25l5aS6rq
qzeX2CmKS2vfRWtvUIprrwQhJBUkqZCIkJDkJL8/PDK/zDkzJ3NOzuScw+v5eHjIZ5bPfGafeZ/P
5zNERERERERE9Pp6rQMc2tV3XvfqPERERERERGTdjHmffVU6Hn2tAxxERERERERE1kZJAEKtIIUl
Bz9eqwCHJe8IIiIiIiIiImOYM+Chdt6GeC0CHJaysYmIiIiIiIhIHa9FgIOIiIiIiIiIXm2vfYCD
tTuIiIiIiIjIWvGd9v97bQMcPAiIiIiIiIjoVSH1jvu6vfe+kgGO120nEhEREREREb3uXskABxER
ERERERG9Xl6JAAdrbBARERERERG93l6JAAcRERERERERvd4Y4CAiIiIiIiIiq8cABxERERERERFZ
PQY4iIiIiIiIiF4Dr3r/lQxwEBEREREREVmZVz1YYQwGOIiIiIiIiIjI6tmZuwD0aiksLMTjx4+R
nZ0NjUYDe3t7vPHGG7C3tzd30YiIiIiIiOgVxgAHlVpKSgqOHTuG06dP48yZM3j48KHONI0aNUKr
Vq3QqlUrvPvuu6hQoYIZSkolefjwIZYtWyY5rnfv3mjUqFEZl4iIiIiIiEgZBji0sB2Tcrdv38aq
VauwZcuWEqeNiYlBTEwMli9fjjp16mDMmDHo2bMnAx0WJjc3F2vXrpUc16ZNmzIuDRERERERkXLs
g4MMptFosGrVKnTv3l1RcEPbnTt3MGnSJAwcOBBxcXEqlJCMZWtrKzvOzo7xUCIiIiIislwMcJBB
srOzERYWhtmzZ+PFixelyuvChQv4+OOPcezYMROVjkqrfPnysuMY4CAiIiIiIkvGAAcplpubi0mT
JiEqKspkeWZlZWHEiBE4ceKEyfIk4+mrwaEv+EFERERERGRu/EmWFFu9ejX27dsnO97f3x+9e/fG
u+++CxcXF1SsWBEZGRlISkrCoUOHEBUVhfz8fJ358vPzERYWhj179sDLy0vNVaASsAYHERERERFZ
K76xaLGxsWFHoxIuX76MOXPmSI6zs7PDv/71L4SEhOh0Gurh4YG6deuiU6dOGDFiBGbMmIEzZ87o
5PHw4UPMnDkTS5Ys0VuLgNSlL4jBAAcREREREVmyMm2iYmNjY1X50kv5+fmYPn267PglS5YgNDS0
xC+i+Pn5YdWqVWjXrp3k+IMHD+qtIULqYyejRERERESvrlf93Zl9cFCJTpw4gatXr0qOmzZtGjp1
6qQ4LwcHB0RGRsLb21ty/OrVq6HRaIwqJ5Wera0t7O3tJccxwEFERERERGXFmGAM31ioRD/99JPk
cH9/fwQHBxucn7OzM8LCwvD555/rjLty5QrOnj2LgIAAg/MtkpmZidu3byM1NRXPnj0DADg6OsLT
0xNvvfUWnJycjM5bifz8fMTFxSEtLQ2PHj2CjY0NXF1d4e3tjdq1a5ssalpYWIj79+/jzz//RGZm
Jp4+fYry5cujcuXKwro6OjoanK+Dg4PkF3IY4CAiIiIiIimWUjOEbyyk140bN2Q/4zpq1ChUrFjR
qHw7d+6MevXq4fr16zrjtm/fbnCAo6CgANHR0di+fTsOHTqkd9qOHTsiKCgIHTt2NKi/j88//1yy
Cc3169dhb2+PzMxM/PTTT9i+fTuSkpIk82jUqBGGDx+Obt26Gd3XSGpqKvbs2YOtW7ciMTFRdjo7
Ozt06tQJH330Edq3b694eZUqVUJGRoZkfkRERERERJbqlWyiYinRo1fB6dOnJYfb2dmhTZs2Rudr
a2uLnj17So47cOAAsrOzFecVGxuLoUOHYsSIESUGNwDgyJEjGD16ND755BNcunRJ8XLkPHnyBGfO
nEGfPn0wb9482eAGAMTExGD8+PEYPXo07t+/b9ByNBoN1q9fjw4dOiAiIkJvcAN4WZNk3759GDFi
BIKDgxEXF6doOQ4ODpLDGeAgIiIiIiJL9koGOMh0pL54AgCdOnWCs7NzqfJu3bq15PCcnBzJmh1S
Dhw4gD59+uC3334zePmnT59GUFAQdu3aZfC8xe3fvx/Dhg0rMeBQ3JEjRzBs2DCkpqYqmj43Nxdf
ffUVwsPDkZOTY3AZz507h6CgINnaOMWxDw4iIiIiIstnrh/2LblCgUkCHJa8gmQ8jUaD//3vf5Lj
GjZsWOr85ToaBYBbt26VOP/OnTvx2WefIT8/v1TlCAsLw4YNG4yef8aMGUYFHW7evIkxY8Yomjcy
MhLbt283pniCnJwcjBkzRrbD2CIMcBARERERkTWy2DcWGxsbFBYWmrsYr7W0tDRkZmZKjnvrrbdK
nb+DgwMaN26MK1eu6Iy7c+eO3nnj4uIwdepU2fG1a9dGz549UaNGDdjY2CA5ORl79uyRzXf69Olo
0KABmjRpYthKaPH09ETXrl2F5d6/fx/79u2Tralx6dIlbNq0CUOHDpXN8+LFi/jhhx8kx7333nsY
MmQIGjRogMqVK+PZs2dISEjA1q1bJfsLycnJwcyZM7Fx40bZPjkY4CAiIiIiImvENxaS9fDhQ9lx
Hh4eJlmGt7e3ZIAjJSVFdp7c3FxMnTpV9ksfU6ZMQXBwMCpUqCAaN2bMGGzduhWzZs2SnPerr77C
jh07ZPug0MfOzg7Tp09H//79dQIEX3zxBVatWoUFCxZIzjt//nwEBgbKbtOtW7dKDg8KCsLs2bNR
vnx5YZizszNq1qyJ999/H40aNUJERITOfOfOndP7pRrt7VbE2E5RiYiIiIiIygL74CBZWVlZsuMq
VapkkmVUrlxZcnh6errsPEePHpXtHDQyMhJDhgyRfEkvX748Bg4cKBtouHHjBg4cOKCg1LqWLl2K
wYMHS9Z+cHBwwLhx4zB58mTJeZ89e4bo6GjJcXl5edizZ4/kuH/+85+i4EZxNjY2CA0Nle3n5NSp
U5LDAfkAh9yyiIiIiIiILAEDHCRLqpZDEbUDHHJfUSksLMSPP/4oOW7AgAHo0aNHicvs3LkzhgwZ
Ijlu7dq10Gg0Jeah7cMPPyxxmuHDh6NZs2aS4+Q6Ok1PT5fcDz4+PiXWoilXrhwCAwMlx+nr40Su
iQprcBARERERkSVjExWSVVBQIDvOVL/my9UWyM3NlRyekJAg++laff1Yo1HlfwAAIABJREFUaPv0
00+xdu1aneGxsbG4evUqGjdurDiv4cOHK5rO1tYWoaGhuHDhgs648+fP4+HDh6hWrZrOPFLS0tLw
/PlzVKxYUe8y27Vrh3Xr1ukMd3R0lJ1Hat9WqVJF73KIiIiIiIjMjQEOkmXOTl7llh0bGys5/L33
3jOo49NatWqhXbt2kp9NjYmJMSjAUbduXcXTtmjRAnZ2dpJffklMTNQJcDg7O8PZ2RkZGRmi4VlZ
WVi+fDnGjRuHcuXkK2J5eHgY3F+KVNBJX0CEiIiIiIjIErCJCsnS1yRBX+0OQ8g1B5H7Ysfly5cl
h7dr187gZbdt21Zy+Llz5wzOS6mqVauiRYsWkuNu376tM8zW1hb9+vWTnH7RokUYNmwYjh07Jtuk
xxhSNTjkmq0QERERERFZCgY4SJa+Zig5OTkmWcazZ88kh8v18SH3mVdvb2+Dl+3j4yM5PCEhweC8
DOHn5yc5/PHjx5LDBw8eDBcXF8lxx48fx9ChQxEQEIAJEyZg/fr1iImJkW3io4RUDY6SmsIQERER
ERGZG5uokCx9n0s1VYDj6dOnksOrVq0qOTwtLU1yuKurq8HLlgsaJCcnG5yXKZYr99WaGjVqYNGi
RRg5cqRsQCgrKwtRUVGIiooCADg5OaFDhw7o0qULWrVqZVCnsKzBQURERERE1og1OEiW3Is4AJ0+
IYz14MEDyeFeXl6Sw1NSUiSHG1PDQC6Ak56eXqoaEMYuVy7YAwAtW7bEpk2b0LRpU0XLyMzMxM6d
OzFixAi0bdsWS5Ys0fvp3eIY4CAiIiIiImvEAAfJcnNzkx1nimYcGo0GFy9elBxXs2bNUudfGubs
YFVOw4YNsXHjRkRGRqJBgwaK53v48CHmzZuHnj174sSJEyVOzwAHERERERFZIwY4SJaDgwOaNWsm
OS4+Pr7U+d+/f1+2yYVc/xhyNTueP39u8PLlOuZ0dnZW9YVebrlKPsVqb2+P3r17Y/fu3di9ezfC
wsLQvHlzRctNTk5GSEgIDh06pHc6qQCH3Od8iYiIiIiILAX74CC9WrRogQsXLugMP3z4MKZNm1aq
QMD58+dlx8l9elWuVonS5hfFyTWzqVGjhsF5GUKurEoCHEVsbW3RuHFjNG7cGGPGjEFGRgbi4uLw
xx9/4NChQ7JfmwGAyZMno1GjRrLBImdnZzRs2FA0rHr16orLRkREREREZA4McJBef//737F06VKd
4Q8ePMD58+fRqlUro/OWq0nQvHlzeHp6So6rXbu25PDExESDly83jzFfZDHEzZs3JYdXq1bN6Dyd
nZ0REBCAgIAAjBw5EjExMZg/fz6OHz+uM21R/xxjxoyRzOvjjz/Gxx9/bHRZiIiIiIiIzIFNVEgv
fcGG9evXG91XxY0bN2QDHL169ZKdr0mTJpLDT506ZXAZ5OZ59913Dc5LqaysLJw7d05y3Ntvv22S
ZdjY2KBx48b44Ycf8NFHH0lOc+zYMZMsi4iIiIiIyFKwBgfpVbFiRQwaNAhz587VGXfw4EH8/vvv
aN26tUF5FhYWYvHixZLj7O3t0bFjR9l5tZtOFDlx4gSSkpJka3hoS01NxcGDByXHNW7cWFEeRa5f
v6542rNnz+LFixeS47RrjmRnZ+Orr77Sma58+fKYM2cObGxs9C7Lzs4OI0aMwO7du3XGXbt2DYWF
hSXmQUREREREZC1Yg4NK1K9fP9n+IaZMmYI7d+4YlN+PP/6Iffv2SY4bMmQIPDw8ZOd966230KJF
C9l8DSmDlAYNGhj0hRIAWL16taLpCgoK8N///ldyXKdOnVC1alXRMHt7e5w8eRJ79+4V/du5c6fs
53K1ubu7Sw63s2Nsk4iIiIiIXi0McFCJ3NzcMHHiRMlx9+7dw6hRo3D16tUS89FoNFi/fj2++eYb
yfEuLi4YMmSI3jxsbGwQEhIiOW7NmjWytTKKO378OJYvXy457tNPP4WtrW2JeWhT0uRj48aNss1i
evTooTPM1tYW7du3l5x+x44disp1+/ZtyeF+fn56a2/k5eUhMTERV69eRVZWlqJlERERERERmRMD
HKRIcHCwbFOUGzduoHfv3li4cCFu3ryp0y/H8+fP8dtvv2HUqFEIDw+XXUZ4eLje2htF2rdvj7/9
7W+S4yZMmICNGzciPz9fZ5xGo8HOnTvx+eefS87r7++PLl26lLh8KSNGjMCOHTuQm5urMy4/Px9r
166VXXdPT0+0adNGcpxU4AMAFi9ejKioKL1lSk9Px5w5cyTHyQVOgJfNV/r27YsOHTqgR48eaNmy
JTZs2KB3WUREREREROZmM2LECON6idSitLNJQzql1J5W37z6pi3625BhfKHTlZKSguDg4BKbpNSq
VQve3t6oUqUKUlJSEB8fX2ItgGHDhmHq1KmKy3Ljxg306dMHOTk5kuO9vb3RvXt3VK9eHba2tkhO
Tsa+fftkv2ACADt37pTtxBQAPv/8c9mmNcWX261bN3h5ecHe3h7JycnYu3cvbt26JTtPZGQkevfu
LTmuoKAAw4cPl60h0rFjR/Tp0wd+fn5wcnJCXl4eHj58iPPnz2PVqlVITk7Wmcfe3h779+/Hm2++
qTMuJycHvXv3ltxOGzZsQEBAgOx6EBERERFR2QgODhbVyC76W/t/ub+lanNrD5Or8a1kXn2UTmtM
f4FsiE+KeXl5YfXq1Rg2bJjeIMfdu3dx9+5dxfkOHDgQkydPNqgs/v7+mD17tmzTmcTERNmOTKV8
++23eoMbSiUmJkp+VlfOBx98gJ49e8qOL1euHGbOnIn+/fsjNTVVZ/yRI0dw5MgRg8r45ZdfSgY3
ACA+Pl42CHTixAkGOIiIiIiIyGKxiQoZxMfHB5s3b0a7du1Mkt+XX36JGTNmGNXpZa9evfD999/D
3t6+VGWYM2cOBg4caPT8AQEBRpW/adOmmDt3bol9ftSsWRNr167V+cqKMcaPH4/BgwfLjtdoNEaN
IyIiIiIiMjcGOMhgHh4e+OGHH/Ddd9/B09PTqDzatGmDqKgojBgxwqhOPYt07twZ27dvR9u2bQ2e
991338X27dsRFBRk9PIBICgoCD/88ANq1qypeJ5evXphxYoVeOONNxRN7+fnhy1btuAf//iHUWWs
U6cOli9fjvHjx6NcOfnT3s/PT/ZTu6y9QUREREREloxNVMgotra2+Pjjj9GtWzccOXIEe/fuxcmT
JyU79yzi7u6Orl27olu3bmjevLlRbaqkNGjQAKtXr0Z0dDS2b9+OQ4cO6Z3+/fffR9++fdG1a1eT
fS61bdu22LNnD9atW4edO3fi3r17ktM1bdoUoaGh6Ny5s8HrX61aNcyePRvBwcHYuXMnfv75Zzx8
+LDEcvXp0wft27dH5cqVS1yGo6Mj5s+fj3/9619ISEgA8PKTsmFhYSartUNERERERKQGdjLKTkZN
JisrC4mJiUhJSUFWVhby8/NRsWJFODs7o0aNGvD29i5VbQ2lMjMzcfv2baSmpuLp06coLCyEg4MD
vLy84OPjAxcXF6PyletkdO7cuejTp4+Qzs/PR1xcHNLS0pCeno7CwkK4urrCx8cHtWvXNllgJy8v
D3/++Sfu37+PjIwMvHjxAvb29qhcuTLc3d3x1ltvKQpqSMnOzkZCQgJycnJQu3ZtRV+3ISIiIiKi
ssFORqWxBgeZTJUqVdC4cWM0btzYrOVwcnKS/YxsWbCzs0PDhg1VX0758uXh6+sLX19fk+ft4OBQ
JutARERERERkKuyDg4iIiIiIiIisHgMcRERERERERGT1GOAgIiIiIiIiIqvHAAcRERERERERWT0G
OIiIiIiIiIjI6jHAQURERERERERWjwEOIiIiIiIiIrJ6DHAQERERERERkdWzM3cBiKxFvXr1YGtr
qzPc3d3dDKUhIiIiIiKi4hjgIFJozJgx5i4CERERERERyWATFSIiIiIiIiKyegxwEBEREREREZHV
Y4CDiIiIiIiIiKweAxxEREREREREZPUY4CAiIiIiIiIiq8cABxERERERERFZPQY4iIiIiIiIiMjq
McBBRERERERERFaPAQ4iIiIiIiIisnoMcBARERERERGR1WOAg4iIiIiIiIisHgMcRERERERERGT1
GOAgIiIiIiIiIqvHAAcRERERERERWT0GOIiIiIiIiIjI6jHAQURERERERERWjwEOIiIiIiIiIrJ6
DHAQERERERERkdVjgIOIiIiIiIiIrB4DHERERERERERk9RjgICIiIiIiIiKrxwAHEREREREREVk9
BjiIiIiIiIiIyOoxwEFEREREREREVo8BDiIiIiIiIiKyegxwEBEREREREZHVY4CDiIiIiIiIiKwe
AxxEREREREREZPUY4CAiIiIiIiIiq8cABxERERERERFZPQY4iIiIiIiIiMjqMcBBRERERERERFaP
AQ4iIiIiIiIisnoMcBARERERERGR1WOAg4iIiIiIiIisHgMcRERERERERGT1GOAgIiIiIiIiIqtn
Z+4CEBERkfXKzs5GVFSUkK5duzZatmxpxhIRERHR64oBDiJ6JeXn5+O3335DbGwsypcvj6ZNm+Lv
f/87bGxsRNMtXboUe/bsQfXq1bFmzRqUK8eKbaRMamoqcnJyULt2bdja2pq7OGaTnZ2NKVOmCOkh
Q4YwwEFERERmwQAHlUpKSgomTJggpHv27ImBAweasUREwOPHjzFx4kQcP35cNLxDhw744osvUK9e
PQAvX1C3bNmCe/fuoXz58gxukGJr167FzJkzAQCdOnXC4sWLUb58eTOXirZt24bt27cL6fHjx5c6
2BIVFYUNGzaUtmgAgH//+9/w9vY2SV5ERESkiwEOKpXDhw/j3LlzQvrhw4f4+OOPYWfHQ4vM57vv
vtMJbgDAr7/+il9//RUtWrSAu7s7zpw5gwcPHgAAunXrVtbFJCuVl5eHOXPmCOlDhw7hwoULaNGi
hRlLRQDw5MkT0T3p+fPnpc7z8ePHojxLIzc31yT5EBERkTS+hZLRCgoKsHXrVtGwxMREnDt3DgEB
AWYqFb3ukpKSsG3bNgCAt7c3vvzyS7i6uiImJgbff/89Hjx4gDNnzojm8fPzQ3BwsDmK+1r55Zdf
cO/ePSE9fPhwq2zaUa5cOTg6OiInJ0cYVrFiRTOWiIpo18JiraxX57wjMhVLPCcssUxE1ooBDjLa
5cuXce3aNZ3hP//8MwMcZDZxcXHC3zNnzkSrVq0AAH/729/QpUsXLF26FJs3b0Z+fj4A4KOPPsKk
SZPg7OxslvK+TqKjo7Fr1y4hHRISYpUPcLa2toiIiMD06dORmZmJoUOH4p133jF3sQjQOZ7UOL7G
jBmDZs2aGTWvl5eXiUtTslflvCMyFUs8JyyxTETWigEOMtq+ffskh+/cuRNhYWFwcXEp4xIRvayN
MX/+fOTk5KBJkyaicR4eHpg5cyYmTZqEjIwMVK1aFU5OTmYqKVmz9u3b48SJEygoKOBDqAXR3hdq
1OBo0KAB2rVrZ/J8iYiIqPRYd5OMkpWVJTQDAIBRo0YJ/W68ePEC0dHR5ioavebefPNN9OrVC//4
xz/g6OgoOU3lypVRq1YtBjeoVGxsbBjcsDBlEeAgIiIiy8U7Pxnl2LFjyMrKEtIDBgxAr169hPTW
rVtRWFhojqIREdFrin1wEBERvd7YRIWMUryd4AcffIBatWohMDAQO3bsAACcP38e169fR/369Uu1
nIyMDPzxxx94+PAhHj9+jAoVKsDZ2Rl169aFj4+P0b+ePn/+HFeuXEFCQgKePHmCypUrw8XFBfXq
1UOdOnWMyjMrKwvXr1/Hn3/+iaysLNjY2KBq1arw9vZG3bp1ZWsTmCtf4GWP/jExMbh37x7S09NR
rlw5uLi4oFatWmjQoIHJP3up0WhEnWi98cYboloUaWlpuHTpEtLS0pCdnQ0nJyf4+vqifv36sLe3
N3h5BQUF+PPPP3Hz5k08evQIT58+haOjI9zc3ODv748333yzVOtT1ttPiqnWMTc3FykpKUK6SpUq
ipqZPX78GJmZmULaw8ND6HAzJSVF9NWIZ8+eiea9e/cuKlSoIKS9vLxEaX1lNcV21z4eq1atKvTF
kpGRgbNnzyI1NRUFBQVo0aKF8Hlh4OUnhl+8eCGkpa4bd+7cUVQOORUqVFDUZ4Oax7lGo8HVq1dx
+/ZtpKeno2LFiqhWrRreeecdeHp6Gp1vcaY8j8qiDw5TUuOaWNrzrjTnhTY17rWGKO3y8/Pzcf/+
fSHt4uKCKlWqAAAKCwuRkJCAa9euISMjA/n5+XBzc4Ovry/8/f1hY2MjmeezZ89w6dIl/PXXX0hP
T4eDgwM8PDzQoEGDMumjRa3nKrWuy5ZwTkgp7XXX0u+PRNaMAQ4yWEJCAo4dOyaki2putGjRAtWq
VcPDhw8BAPv37zc6wBEfH48lS5Zg//79QmeQ2ho1aoTPPvsMnTp1kn2Q0Pb06VNs3rwZq1atEj4P
qq1Zs2YICwtT/MnHjIwM/PDDD9iwYYOoVktxTk5OGDx4MD799FPFnVmqlS/w8lOKa9euxfr164X9
pc3T0xMhISEYNGhQqYIo2stt3769kJ41axaCg4Nx7949zJ8/XxQ4K87HxwcTJ05EYGCgouUUFBRg
//79WL16NS5fviw7XUBAAEaNGoX333/f4PUwx/YrztTrmJKSIto3EyZMwLhx40osR1RUFGbMmCGk
d+3aJXS4OX36dL3N1Tp37ixKHz16VO9Lh6m3u/bx+MUXX2D06NFYt24dIiMjRV9JGT9+vOhFbsaM
GTh06JCQjo+PF70YaDQaUd7GaNOmDdauXSs7Xu3j/OjRo4iIiMDNmzclx/fo0QPjx49H1apVDcq3
iBrnkbXV4FDjmlja864050URNe61hjDV8tPS0kTb4j//+Q+CgoJw8uRJREZG4sqVK5LzNWnSBBMn
ThSdc0+ePMHKlSuxadMmZGRkSM7Xt29fTJw4UZVAh1rPVWpfly3hnCjOVNddS78/Elkzy77zk0Uq
/lBvb28vXLwrVqyIvn37CuO2bdsmehBSavPmzQgMDMTevXtlb8IAEBMTg9GjRyM8PBzPnz8vMd/4
+HgMGDAAs2fPln3gAYALFy4gODgYy5YtKzHPq1evonfv3li+fLlsEAIAMjMzsWTJEvTr10/2ZaEs
8gWA2NhY9OjRAwsWLJC9CQIvf6GOiIhAr169EB8fryhvQ+Xk5OD3339HYGCg7EML8DKoNnbsWCxd
urTEPLOysjBx4kSMHTtW78MHAJw+fRohISGIiIiARqNRVGZL2H5qr6MlKovt/uLFC0RGRmLWrFk6
1y5Le1FW8xgoLCzE3LlzMWzYML3Xlb179yIoKAinTp0yuPxq7c+ivqCKWNp+K4ka18TSMvS8UONe
awg1l//06VNERkYiJCRENrgBvPzKXEhICLZv3w4AuHnzJvr3749ly5bJBjcAYPv27QgKCsLt27cV
l0kJtZ6ryuK6bEnnhKXeey3huYTIkrAGBxkkLy8PmzdvFtK9e/fGG2+8IaQ//PBDLF++HADw4MED
/P777+jYsaPi/Hfv3o0pU6aIhjVq1Aht2rSBm5sbcnJycOXKFezfv18Yv2HDBhQUFGDmzJmyVSvj
4+MxePBg0cOOt7c3OnfuDA8PDzx9+hQXLlwQ1UyZO3cu3Nzc0K9fP8k8k5OTERoaitTUVGHY22+/
jY4dO8Ld3R0ajQYJCQmIiooSqh4mJCRgxIgR2LJlCzw8PMo0X+DlTXDIkCFIT08Xhrm4uCAwMBC1
atWCRqNBUlISfv75ZyGwkpCQgJCQEKxZswZ169aVzdsY0dHRmDdvnvDQHBAQgHr16qFy5cpISkrC
4cOHRdU2IyMj8d577+Hdd9+VzO/58+cYP368aD86OTmhV69e8Pf3h729PR49eoSTJ0/ixIkTwjQr
VqyAq6srhg8frre8lrD91F5HU2revLnoeDx16pSo2Ub//v1F52ylSpUk8ymr7b5r1y4kJydLjjP0
RdnGxsbgJhzFz3kAsvOrfQysXLlS56WvWrVq6NixI9zc3JCZmYkrV67g8uXLyMzMxIQJEwxaTzX3
p/avztYW4DDFNdFU510RQ84LNe61hlB7+YsXLxYCFO7u7mjTpg08PT2Rn5+Pq1evis43AJgyZQpc
XV3xzTffICkpCQDg7++PVq1aoXLlykhNTUVMTAyuX78uzJOamopJkyZh69atJmlipdZzVVldly3l
nDD1ddfa7o9E1sRmxIgRJukJUmmHkoZ0PKk9rb559U1b9LchwzZs2KC4nK+TkydP4pNPPhHS69at
E1W/02g0CAwMFH7169atG5YsWaIo76SkJAQGBgo3Knt7e0RGRqJLly46D1FxcXGYNGkSYmNjhWEL
Fy5Ejx49dPLNyspC//79cePGDWHYV199hU8++USnvealS5cwduxY4WHOyckJBw4ckAwaTJ48WfQl
mbFjx+Lzzz/Xad/44MEDTJkyRVQVcfDgwfjmm28kt4Na+T558gT9+vUTRe3HjBmD0aNHw8HBQWfa
BQsWiKrHN2zYEJs2bSpVtcaMjAw0a9ZMZ3hAQAAmT56Mxo0bi4anpaUhPDwcBw8eFIb17NkTCxYs
kMx/xYoViIiIENLdu3fH119/DVdXV51pDxw4gHHjxgm/Zjk6OuLIkSOyASJL2H5qruOdO3eMaqLy
448/yjZR0RYWFib6Be7atWtCfx1y1NzucsdjvXr18Omnn6J58+ZwdXVFbm4ubGxsRH2SjBo1Sm8T
FUP99ttvGDJkiJCuVasWtm3bBnd3d51p1TzOr127hu7du4uGTZ48GSEhIaJ9VVhYiIsXL2Lq1Kk6
tTyGDBmC8PBwyfzVPo8OHDiAzz77TEhHRUWhYcOGktMqpX2ML1u2DF26dClVnkXUviYChp93xp4X
at1rlVJj+SkpKWjVqpXOsmbOnIk+ffroHLNxcXGYMmWK5K/7jo6O+O6779C1a1ed5mzR0dGYOnWq
6Nf3tWvXok2bNgZsAV1qPVeZ47psznMCUPe6a2yZLOW5hMwnODhYFNgv+lv7f7m/pZqiaQ+Ta66m
ZF59lE5rSJ5FrOunDTK7n3/+Wfjb09MT7733nmi8ra2tqJnKvn37RB106bN48WJRFH7OnDno1q2b
5C9wdevWxYoVK0S/cM6bN0+yGuCaNWtEDzwzZsxAaGioZGdUTZs2xXfffSekMzMzsXHjRp3pMjIy
RDeili1bYty4cZKdN7m7uyMyMhLe3t7CsK1bt4o6ZlQ7X+Dlr7LaN8GwsDCdmyDwslO56dOnIyQk
RBgWGxuLNWvWSOZdGh07dsSKFSt0HloAwM3NDbNnzxa9WB4+fFjUuWOR7Oxs/PDDD0K6QYMGiIiI
kHz4AIAuXbpg4sSJQvrZs2c4e/asbDktYfupvY6WqKy3+wcffICNGzeib9++ePPNN1GlShW4uroq
6nDVWMnJyfjyyy9Fw+bMmSMZ3FD7GFi4cKEoPWXKFIwcOVLnQdvGxgbNmjXD+vXr4efnJ79yWtTe
n2XRB0dBQQE0Go1B/wz5ccdU10RTUnJeqHGvNURZLX/BggUYNGiQ5DFbt25dLFq0SHKZ8+bNQ/fu
3SU7wv3www8xc+ZM0fAzZ84oKo8+aj1XlfV12dznhKXeey3huYTIEjHAQYo9evQIe/bsEdJBQUGS
N/EOHTqI0sV/5ZRz79494QsswMvIuPaviNq8vLxEvzDfuXNHp03so0ePsGrVKiEdEBCAQYMG6c23
devWaN68uZDetm2bTlvU5ORkUTvWDz74QO+vt05OThg4cKCQfvHiBRISEnSmUyvf9PR0rFu3Tkj7
+vpizJgxsvkCL19gvvjiC1SvXl0YtmbNGjx+/FjvfIaoVq0aZs6cicqVK8tO4+zsLPoFKScnR9TD
epH79++jsLAQzs7OcHZ2Ru/evUuset21a1dRung14eIsZfupuY6WqKy3e5UqVfDtt9+KeuxXW25u
LqZMmSJqnjJlyhSd4HERNY+BxMREHD58WEjXr19f9DAspegcVqIs9mdZBDg+//xz+Pr6GvTv9OnT
ivI25TXRVJScF2rda5Uqq+W3bdtWskZDcTVr1kTPnj1Fwzp16oQPP/ywxLyLP1P98ccfeqcviVrP
VWV9XbaEc8IS772W8lxCZIkY4CDFjhw5IoqId+rUSXI6b29vtG7dWkhv2bKlxA6Wjh49KkoPGDBA
UZm0e6fW7pjr+PHjol8vPvnkkxIfeG1sbPCPf/xDSKempiIuLk40jXaNCrn2ycUFBgZi48aNwr/a
tWvrTKNWvtHR0aLtEBoaWmLVR+Dlg21oaKiQzszMxPHjx0ucT6nAwEBF/RT4+PiI0lIdr/r6+uLC
hQvCv6FDh5aYr3Z10UePHklOZynbT811tERlvd179epVJp9pLG7ZsmX47bffhHTXrl3x6aefyk6v
5jGg3VloSEiIok8Kap+fcspif2p3Mmrpn4nVZsproqkoOS/UutcqVVbLf/vttxVVl9bu16Bbt24l
zlOpUiX4+/uLylMaaj1XlfV12RLOCUu891rKcwmRJWKAgxQpLCwUegMHXlbP09eu+aOPPhL+vnnz
Ji5duqQ3//Pnzwt/29nZybbh1+bl5YVFixYJ/7Q/S6v9q5ncr6LatKtca/c2XbNmTdGvWZs2bRKt
gxQPDw+0aNFC+CdVtVGtfM+dOydKt23bVm+exWl/6rKk8hhCabs67fahxnydR4r2y5Dcr3eWuv2U
ULqOlqist7v2tlLbsWPHsGjRIiFdp04dfPPNNyZ/KVd6DMTExIjSAQEBJi1HWexPa+9k1NzXRClK
zgu17rVKmXv52rRrG9SsWVPRfMXv//q+hqGEWs9VZX1dtsRzQgm1773W/FxCpDZ+RYUUuXbtGi5c
uCCkg4KC9N502rZtCzs7O6G5xS+//CKqCqqt+IW6SZMmku0HpZSmTrlRAAAgAElEQVQrV05vlcvi
VTzr1KkDjUaj6KFBu+qhdlVHBwcHDB06FPPnzwfw8kbav39/BAcHo0uXLmjatKlRnTaplW/xtrz1
69eHm5ub4nlr1aqF6tWrC7VJLKEPB0Pas2dnZ+Pu3bt48OABsrOzkZubK8yv73N5xVn69jPFOloi
S9/upXH//n2dfjfmzp2LatWqGZWfKY6B4gEOT09P1KhRw6iyyCmL/akdHFIjwPH111/r/MpdEkO/
qGMoQ66JalDrXmsty9dmTKd42vOV9tqt1nOVtVyXy+KcMOe911r2A5E5MMBBihT/fBjwsm8IfVxd
XdGzZ0/s3LkTwMtvu0+YMEGyDW9+fr6oKqapqojn5+fj1q1bQvrOnTuKf9XR9vTpU51hoaGhSExM
xO7du4VhRc1E7Ozs0Lp1a7Ru3RrNmjVDw4YNFf8qa+p8NRoN7t69K6R9fX0VlaOIjY0N6tWrJ9wI
k5KSUFBQYNG/jObn5+PIkSPYt28fDhw4UKoHDUvdfqZcR0tkqdvdFIr63Sj+Kcvp06dLfjlAH1Mf
A8Wvw35+fka/pEkpq/1ZFgEODw8Pxc1yXgdq32stffmWSK3nqlf5uqyUJdx7uR+I9GOAg0qUk5OD
rVu3CunWrVvD3d29xOp2HTt2FAIcz549w7Fjx9CrVy+d6bKzs0XpqlWrmqDUpq0OWLydY5GKFSti
zpw5aNeuHRYtWiTq3DM/Px/Hjh0Tvpfu7e2NgQMHonfv3nB2dta7LFPnq/3AZsz2LT7Pixcv8OzZ
M1SpUsXgfMpCXFwcpk2bhosXL5okP0vcfqZeR0tkidvdVJYuXYoTJ04I6e7du4s+v62EqY+BvLw8
ZGRkCGlTb6ey2p9l0ckoial9r7X05VsitZ6rXuXrshKWcu993fcDUUkY4KASnTx5UlTV8+TJkzpt
MpXYsWOHZIBD+1dCU1Ur1O7Y1N7eXnEVTW1yHe3Z2tqiZ8+e6NKlC06dOoVff/0VBw8e1Kkam5iY
iFmzZmHlypWYPn06AgMD9S7PlPlqP+AXFBQoWWUR7X1iqR33xcbGIiQkRPSi1rRpU3Tu3Bl+fn5w
cXERVUnWaDQldv5madtPjXW0RJa23U3l2LFjWLx4sZD29vbGjBkzDCqbGseAWtfhImW1P8uiBgeJ
lcW91pKXb4nUOp9f1euyEpZ0732d9wOREgxwUImKN5UojZMnTyI+Pl6nKp32g4ipPlelnW+nTp2w
cOFCk+StrUKFCmjXrh3atWuHGTNmICEhAbGxsTh79ix+/vln4VehBw8eYOzYscjOzka/fv3KJF8H
BwdRfyiZmZkGr1/xfVKpUqUSP49mDs+fP8dXX30lPHxUqlQJERER6Natm+xLTl5eXon5WtL2U2sd
LZElbXdTuXfvnqjfDTs7O8ydOxcuLi6K81DrGLCzs4OLiwvS09MBmO46XKSs9idrcJS9srzXWuLy
LZGaz1Wv2nVZCUu7976u+4FIKd75Sa/79+/r9L9RGgcOHNAZZmtrK2rPnJSUZJJllS9fXtSx259/
/mmSfEtia2sLX19f9O7dG9999x1Onjwp+q48AMycORNpaWllkq+trS28vb2F9NWrVw1arkajQWxs
rJB+6623TNo231TOnDkjWrevvvoK3bt3L/ULjiVtP7XW0RJZ0nY3hRcvXuj0uzFt2jQ0bdrUoHzU
PAaKf2L6+vXrRv0qKKes9qeHhwcmT54s/NP+mgWZnrnutZayfEuk1nPVq3ZdVsrS7r2v634gUurV
eyomkzp06JAovXDhQhw9etSgf8VrbGzZsgW5ubk6y/n73/8u/B0bG2vQrw0ajUb4p13lrninfTEx
MaKXi7Li5OSECRMmYODAgcKwZ8+eiXrAVjvfli1bCn8nJiaKOqcqSUJCgqhpTIsWLYwssbq028R2
7NjRZHlbyvZTcx21P2mnXe3bHCxlu5vCkiVLcPLkSSHds2dP0bmrlJrHQJMmTYS/MzIyTP6iWBb7
s0aNGhg5cqTwj23Ky4a577XmXr4lUuu56lW6Liul5nXXWK/jfiBSigEOkqXRaESdi3p6eqJz586o
U6eOQf/69u0r5JGcnIxTp07pLEv76wHa3/eWk5mZCV9fX+Hf+vXrReO1L9qHDx9WlK8+hYWFCAkJ
wcCBAzFw4EDMmDFD0Xza/Y+kpKSUSb4AdHqUj46OVpQ3ABw5ckSUNvRLD2VFu+aKkhcbpS/xlrL9
1FxHtao0l4albPfSio6OxtKlS4X022+/ja+//tqoNs9qHgPvvPOOKF08IGMKr8r+JF1q3GutafmW
SK3nqtfxPFbzumus13E/ECnFAAfJunTpEm7cuCGk+/btiwoVKhicT4cOHUTpqKgonWnat28vav/3
008/Kaoeffr0aVFau3+PDh06wN7eXkh///33Oh11yklLS9OpwQK87Lzr2bNnOH36NE6fPo29e/fq
9FguRbuqdMWKFcskXwBo27atqArvihUrFLXZTEtLw8qVK4V0zZo10aZNmxLnMwftzuGU/JpRPICn
j6VsPzXXsWrVqqIv8Vy6dKnEjuny8vJw8OBBRfkDhveHYCnbvTTu3r0r2e9GSV9TkqPmMfD++++L
rpdr1qxRdA1S+mD9KuxPa1QW1ejVuNda0/ItkVrPVa/CeWzoOaHmddfYMr0K+4FILQxwkKxffvlF
lO7UqZNR+fj4+OD9998X0rt378Zff/0lmsbZ2RkhISFC+uTJk/jvf/+rN9+UlBRERESIlqMdhfb0
9MSQIUOEdHJyMqZNm1biQ/tff/2FsWPHYtSoUZg3b55OZ1HFe8bOyMjA5s2b9eYHQOdFsHj7WLXz
dXBwwMiRI4V0amoqvv32W72/MOTm5iI8PFx0wxw5cqTFdkSl/RC2bt06vS/o27Ztw6xZs0TD5L5n
bynbT811tLW1FVV5jY2N1duMSqPRYPHixToPw/poB+NKqiViKdvdWEUd0xV/0fr666/RuHFjo/NU
8xhwcXFBcHCwkE5KSsL8+fP15n/x4kV8++23SopepvtTSWDmdWHoeWcMte611rJ8S6TWc5W1X5cB
w88JNa+7xpbpVdgPRGphgIMkZWZmYvv27UK6QYMGaNCggdH5aTej0K4eBwChoaGoXr26kP6///s/
LF++HE+ePBFNp9FoEB0djUGDBuHOnTvC8PDwcMlPvI0ePVr0WdtDhw5h6NChuHjxos6vGdnZ2di3
bx+CgoJw9uxZAMD27dt1AjJBQUGoWbOmkJ41axZmzZqFmzdv6iw/MzMT33//vahXdx8fHzRv3lxn
WrXyBYABAwagdevWQnrnzp0YN24cbt26pTPtjRs3MGrUKFHwpG3btvj4448l87YE7dq1E/2Ct2XL
FnzzzTdISkoSHkTy8vJw5coVTJo0CZMnT9Z54ND364clbD+117Fz586idFhYGA4ePCjKQ6PR4H//
+x/GjRuHJUuWGFT+WrVqidIbNmzA8+fPAbxsoiX1YGYJ291YS5YsETXJa9euHTp27IiHDx8q/le0
fYrnoeYxMHLkSFSrVk1Ir169Gl9++SUSEhJE0z169Aj//e9/MXDgQOFrTkqovT//+usvBAcHo2HD
hujTp49B7dKVSklJQXx8vFH/jPnaQWkZc94ZQ417rTUt3xKp9VxlzddlwPBzQu3rrjFlAqx/PxCp
xWbEiBEm+Ti20m9sG/Itbu1p9c2rb9qivw0ZtmHDBsXlfBVFRUVhwoQJQjo8PFz064ihMjIy0LJl
S7x48QIA0LBhQ+zZs0en1+bz58/j008/FT0wV6pUCQEBAXB3d0d2djbOnz+P5ORk0XzTpk3D0KFD
ZZcfHx+P0NBQnZ7EfXx80KhRIzg6OiI5ORlXrlwRPpMIvOzIc/Xq1fjb3/6mk+f58+cxePBgYZ2K
+Pv7w8/PD46OjkhJScHZs2eRk5MjjLezs8OPP/4o26mTWvkCLx/MQ0NDce3aNdHwxo0b46233kJh
YSFu3bol6l0beLm/Vq5cKaoOaYyMjAzRr0FDhgxBeHh4ifPt3LkT//znP4X0+vXrRbUNiqxYsUL0
61ORatWqoWrVqkhJSRFtM09PT7x48UL49Junpyd+//132d7Ezb39AHXX8fnz5wgODsbly5dFw93d
3eHn54eMjAwkJCSI8nd0dBSdr7t27dLpy6HI5cuX0adPH9EwZ2dn+Pj4ICUlBcuXL0fDhg115lNr
uxt7PALAqFGjRNXa4+PjRX1qpKSkoFWrVory0mfZsmXo0qWLaJjax/nRo0cxbNgwneHe3t7w8vJC
Wloa4uPjheF16tRBamqqcM0qaTuqeR4tW7YMc+fOFdJDhw7FtGnTZKdX4scff1TcJ1JJFi1ahO7d
uwtpta+JgOHnXWnOCzXutYYw9fK1z+Nhw4Zh6tSpJZZj+/btmDRpkiitZN2GDBmC3377DcDLZx9D
v44hRa3nKku7Lqt5TgDqX3ct7f5I1iE4OFh0TBX9rf2/3N9Sx6P2MLljVsm8+iid1pgv/LAGB0na
sWOHKP3BBx+UKj9nZ2f06NFDSMfGxuKPP/7Qma558+ZYuXKlKJKdk5OD6OhobN68GVFRUaKbcJUq
VbBgwQK9N2EAQkdZ2i//CQkJ2LNnDzZu3Ihjx46JHngaNmyIbdu2yT6UNG/eHD/++KOoxgXwMkq+
d+9ebN68GcePH9e54a1Zs0ZvEEKtfAHAy8sLq1evRrt27UTDr1y5gl27dmH37t06N8EPPvgAq1ev
toqb4PDhwzFq1Cid4Q8fPtR5MW/cuDE2btwo2r+pqam4f/++bP6WsP3UXMeKFSti3rx58PPzEw1/
8OABTp48iatXr4ry79GjB2bOnKm47O+88w569uwpGpaRkYELFy4gOTlZNohtCdvdUGp2MKf2cd6+
fXssWbIEjo6OouGJiYk4deqUKLjh6+uLtWvX6vz6qI+a+1O7xkvxbfG6Mva8M4Ya91prWr4lUuu5
yhqvy0WMOSfUvu6+TvdHIrUxwEE6bt26hRMnTgjpdu3aoXbt2qXOt3j/EgCwb98+yekCAgIQFRWF
SZMm6bxoFXFxccFnn32Gffv26dwQ5NSsWRM//fQTli1bpnMjKM7X1xfh4eHYuHEj3n77bb15vvvu
u9izZw+mTZumd1pvb29MnjwZv/zyi6g6YVnnCwAeHh5YtWoVvv/+e72Bqw4dOmD58uVYuXIl3Nzc
FOVtbra2tpg0aRLWrl0ruz38/f3x7bffYsuWLXjzzTd1eiIvqad5c28/tdfxzTffxKZNmzB+/Hg4
OTlJTvPee+/h+++/x7x58+Dq6qq47DY2Npg9ezY+++wzUXXfIvpetMy93S1JWRzn3bp1Q1RUFPr1
6ye5r2rVqoXJkydjx44dqFOnjsEPymrtz48++ki4X3l6eor6FHldlea8M4Ya91prWr4lUuu5ylqv
y8acE2pfd3l/JDIdNlFhExWLVlhYiKSkJDx69AhPnjxB+fLl4erqirfeekuyXaghMjIycPfuXTx5
8gR5eXlwcHBA9erVUaNGDaN6nS8sLERKSgpSUlKQlZUF4GWnUV5eXqhevbpRVazUzLdIeno67t+/
j4yMDNjY2OCNN95AjRo14OLiUqp8LcFff/2FpKQkPH36FJUqVYKbmxu8vb1N+lUBc28/NdfxxYsX
uHXrFh49eoSCggJUrVoVNWvWhLu7e6nzzsjIwI0bN5CdnQ0HBwfUqFEDNWvWVHw8m3u7WxK1j/PH
jx/jzp07yMjIQMWKFeHq6gofHx+jPnMrx5T7Mzs7G6mpqfDw8NCphfK6K+15Z+wyTXmvtbblWxo1
n6us8bps7Dmh5nWX90dSik1UZOZhgIMBDiIiIiIiIrIeDHBIe/1C10RERERERET0ymGAg4iIiIiI
iIisHgMcRERERERERGT1GOAgIiIiIiIiIqvHAAcRERERERERWT0GOIiIiIiIiIjI6jHAQURERERE
RERWjwEOIiIiIiIiIrJ6DHAQERERERERkdVjgIOIiIiIiIiIrB4DHERERERERERk9RjgICIiIiIi
IiKrxwAHEREREREREVk9BjiIiIiIiIiIyOoxwEFEREREREREVs/O3AUgIqJXW3Z2NqKiooR07dq1
0bJlSzOWiCwRjxMiIiIqLQY4iIgUSk1NRU5ODmrXrg1bW1tzF8dqZGdnY8qUKUJ6yJAhfHElHYYe
JzwfiYiISBubqBARKbB27Vq0bNkSHTp0wJgxY5CXl2fuIhG9tng+EhERkRQGOIiISpCXl4c5c+YI
6UOHDuHChQtmLBHR64vnIxEREclhExUiohKUK1cOjo6OyMnJEYZVrFjRjCUia/XLL7/g3r17Qnr4
8OFsXmEgno/mwWOXiIisAQMcREQlsLW1RUREBKZPn47MzEwMHToU77zzjrmLRVYoOjoau3btEtIh
ISF8STQQz0fz4LFLRETWgAEOIiIF2rdvjxMnTqCgoIAP9URmxvORiIiIpLAPDiIihWxsbPgyRWQh
eD4SERGRNgY4iIiIiIiIiMjqsYkKGSwjIwN//PEHHj58iMePH6NChQpwdnZG3bp14ePjY/Qvarm5
uYiJicG9e/eQnp6OcuXKwcXFBbVq1UKDBg1Qvnx5Rfnk5+fj/v37QtrFxQVVqlQBABQWFiIhIQHX
rl1DRkYG8vPz4ebmBl9fX/j7+8PGxkYyz2fPnuHSpUv466+/kJ6eDgcHB3h4eKBBgwbw8vIyan2V
KigowJ9//ombN2/i0aNHePr0KRwdHeHm5gZ/f3+8+eabqi6/yPPnz3HlyhUkJCTgyZMnqFy5Mlxc
XFCvXj3UqVPHqDw1Gg1iYmKQmJiI9PR02Nvbo1q1amjYsCFq1qwpTJeSkoLc3FwAgKOjI6pVq6aT
V25uLlJSUoR0lSpV4OLiUmIZHj9+jMzMTCHt4eEh2WFhamoqXrx4IaSl1lmj0Yg64XNzc4ODgwOA
l/vxxo0biI+Px6NHj1CuXDm4urqifv368PHxKbGc+qixb5TSaDS4evUqbt++jfT0dFSsWBHVqlXD
O++8A09PT5Msw5zrV9rzr/ixC7y8lhR39+5dVKhQQUh7eXmJ0nJKu020j9U33ngDTk5OQjotLQ2X
Ll1CWloasrOz4eTkBF9fX9SvXx/29vYl5i+1PFMeJ0rOR2u6F1ji/lTr2DXVvZ6IiEgKAxykWHx8
PJYsWYL9+/cjPz9fcppGjRrhs88+Q6dOnWQfELU9efIEa9euxfr16/Hw4UPJaTw9PRESEoJBgwbB
0dFRb35paWlo3769kP7Pf/6DoKAgnDx5EpGRkbhy5YrkfE2aNMHEiRPx/vvvi8q2cuVKbNq0CRkZ
GZLz9e3bFxMnTjR5oKOgoAD79+/H6tWrcfnyZdnpAgICMGrUKFG5Tenp06fYvHkzVq1ahQcPHkhO
06xZM4SFhaFFixaK8iwsLMQvv/yCyMhI3LlzR3KaDh06YOLEiahfvz7GjRsnfAZy2LBhmDp1qs70
KSkpov0+YcIEjBs3rsSyREVFYcaMGUJ6165dkh0WzpgxA4cOHRLS8fHxOsG8jIwMURm+//57dOrU
Cb/++ivmzp2LmzdvSpahRYsW+PLLL9G4ceMSy1ucGvvGEEePHkVERITsevXo0QPjx49H1apVjcrf
nOtnqvNv+vTpiI6Olp2/c+fOovTRo0f1vtCaaps8efJEdKzOmjULwcHBuHfvHubPny/qTLI4Hx8f
TJw4EYGBgbJ5a1PjOFFyPlrDvcCS96epj11T3+uJiIiksIkKKbJ582YEBgZi7969ssENAIiJicHo
0aMRHh6O58+fl5hvbGwsevTogQULFsg+8AAvf62LiIhAr169EB8fb1DZnz59isjISISEhMg+0ALA
5cuXERISgu3btwMAbt68if79+2PZsmWyD7QAsH37dgQFBeH27dsGlUufrKwsTJw4EWPHjtX7cgUA
p0+fRkhICCIiIqDRaExWBuDlS8OAAQMwe/Zs2YdvALhw4QKCg4OxbNmyEvPUaDQIDw/HuHHjZIMb
APDrr7/io48+woEDB0Q1M6xJRkYG/v3vf2PEiBGyL3cAcObMGXz00UfYvXu34rzV2DdKFRYWYu7c
uRg2bJje9dq7dy+CgoJw6tQpg5dhzvWzlPNPm5rbJCcnB7///jsCAwNlX4YBICEhAWPHjsXSpUtL
zLMsjhNDWNq9wNr2Z2mUxb2eiIgIYA0OUmD37t2YMmWKaFijRo3Qpk0buLm5IScnB1euXMH+/fuF
8Rs2bEBBQQFmzpwp22QlNjYWQ4YMQXp6ujDMxcUFgYGBqFWrFjQaDZKSkvDzzz8jKysLwMuHsZCQ
EKxZswZ169ZVVP7FixcLD6Xu7u5o06YNPD09kZ+fj6tXr+LEiROi6adMmQJXV1d88803SEpKAgD4
+/ujVatWqFy5MlJTUxETE4Pr168L86SmpmLSpEnYunVrqTu9e/78OcaPH49jx44Jw5ycnNCrVy/4
+/vD3t4ejx49wsmTJ0VlX7FiBVxdXTF8+PBSLb9IfHw8Bg8eLHrw9vb2RufOneHh4YGnT5/iwoUL
onLOnTsXbm5u6Nevn2y+kZGR2LBhg2hYnTp10KVLF7i7u+Pp06eIi4sTagp99tlnJlkfc5g7d65w
fDs6OqJDhw6oVasW8vLyEBcXh99++000/RdffAF3d3e0bNlSb75q7RulVq5cqfOyVa1aNXTs2BFu
bm7IzMzElStXcPnyZWRmZmLChAkG5W/O9TP1+de8eXN4eHgI6VOnTokCe/379xddMypVqiRZLrW3
SXR0NObNm4ecnBwAL2um1KtXD5UrV0ZSUhIOHz4saqIQGRmJ9957D++++65snmofJ4aypHuBNexP
Ux27ZXWvJyIiAhjgoBIkJSVh+vTpQtre3h6RkZHo0qULypUTVwCKi4vDpEmTEBsbCwDYtGkTWrRo
gR49eujk++TJE4SFhYkeeMaMGYPRo0cLfRYUmTx5MhYsWIC1a9cC+P8PkJs2bVJUhbXogXbmzJno
06ePTv5xcXGYMmWK8Ettfn4+hg0bBuDlS+l3332Hrl27ih7kNBoNoqOjMXXqVOHXqEuXLuH3339H
mzZtSiyTPuvWrRM91Hbv3h1ff/01XF1dRdOFhobiwIEDGDdunFCrZuHChejRo4foodQYWVlZGDdu
nOjh+6uvvsInn3yi01770qVLGDt2LJKTkwEAs2fPRps2bSTLcP78eSxfvlw07JtvvsGAAQNgZye+
HN25cwczZszA8ePHS7Uu5lR0fI8ZMwZDhw6Fs7OzaHx8fDy+/vprnDlzRhj27bffYufOnbIvC2rt
G6WuXbuGiIgI0bDJkycjJCRE1HdJYWEhLl68iKlTp+r99V6budfP1OffqFGjRPOFhYWJXhJnzJgh
2edLcWWxTU6fPg3g5Yvw5MmTdZpLpaWlITw8HAcPHhSGbdiwQTbAofZxYgxLuRdYy/40xbFblvd6
IiIigE1UqASLFy8W/cozZ84cdOvWTSe4AQB169bFihUrRB3GzZs3T7La9sqVK0XVT8eMGYOwsDCd
Bx4AqFq1KqZPn46QkBBhWGxsLNasWaN4PRYsWIBBgwZJ5l+3bl0sWrRIsqO1efPmoXv37jq/xNna
2uLDDz/EzJkzRcOLv6gaIzs7Gz/88IOQbtCgASIiInRerop06dIFEydOFNLPnj3D2bNnS1UGAFiz
Zg1u3LghpGfMmIHQ0FDJbdS0aVN89913QjozMxMbN26UzHfBggWidHh4OAYPHqwT3ABe1upYvnw5
2rVrZ+xqWITw8HCEhYXpBDcAwNfXF8uWLYO/v78w7MaNG/jll19k81Nr3yi1cOFCUXrKlCkYOXKk
zouOjY0NmjVrhvXr18PPz09x/uZcP0s5/7SV1Tbp2LEjVqxYIdkXjJubG2bPni3quPfw4cOijj6L
U/s4MZYl3AuscX8aq6zv9URERAxwkKx79+5hx44dQrp79+7o3r273nm8vLxEHTveuXNHp61zeno6
1q1bJ6R9fX0xZswYvfna2Njgiy++QPXq1YVha9aswePHj0tcj7Zt20rWIimuZs2a6Nmzp2hYp06d
8OGHH5aYd/GH0j/++KPE8uhz//59FBYWwtnZGc7Ozujdu7fsL/lFunbtKkoXry5tjEePHmHVqlVC
OiAgAIMGDdI7T+vWrdG8eXMhvW3bNp0+WOLj40Vt7Bs0aFBivvb29pg2bZohxbcobdu2xeDBg/VO
88Ybb+DLL78UDZNrM6/WvlEqMTERhw8fFtL169cXvYxIqVatms7Lnxxzr58lnH/aymqbFO2nypUr
y07j7Owsupbm5OSIvtxRRO3jxFiWcC+wxv1prLK+1xMREQEMcJAeR48eFaUHDBigaD7trwlod7gW
HR0tqhUSGhpaYjVX4OVnP0NDQ4V0ZmamouYLb7/9tqIvumi38+3WrVuJ81SqVEn063tqamqJ8+jj
6+uLCxcuCP+GDh1a4jzaVZUfPXpUqjIcP35ctH8++eQTyRo7xdnY2OAf//iHkE5NTUVcXJxomqIq
00VCQkIka25os+aqyd7e3or6ZHn//fdRv359IX369GnJY0mtfaOUdieQISEhij7pqPQzuOZeP0s4
/7SV1TYJDAxU9LlW7X1Z1GdCcWofJ8ayhHuBNe5PY5X1vZ6IiAhggIP0OH/+vPC3nZ2d5KczpXh5
eWHRokXCv+IvbgBw7tw5Ubpt27aKy1T8M3jaZSwt7V+6atasqWg+Jycn4W99vcOrRTtIYOyv10W0
AxHvvfeeovm0q5dr94AfExMjSqvx2VJrVa5cOZ3aUYmJiTrTqbVvlNLehwEBAUblI8fc62cMU59/
2spqmyj9rLd2wLGoE8vi1D5O1KbmvcAa96exLPVeT0RErzZ2Mkqyij+cNGnSRLLNrBSpl7XiirdN
rl+/Ptzc3BSXqVatWqhevbrQ4Zop27srfSDUN5++T+iWRl8iP3MAACAASURBVHZ2Nu7evYsHDx4g
Ozsbubm5KCwsVGWZxatW16lTBxqNRlHgRrsqv3ZV56LOZ4GXXzCoUaNGKUv6atH+1fjOnTs6L4Zq
7Rulir+4enp6mnwfmnv95JTl+afNUrdJkaLtUJzax4na1LwXWOP+NJal3uuJiOjVxgAHScrPzxdV
sfXy8jJJvhqNBnfv3hXSvr6+Bs1vY2ODevXqCQ89SUlJKCgoKLGKrzXKz8/HkSNHsG/fPhw4cED1
F6miZd66dUtI37lzR/EvjNqePn0qShc/nvz9/Y1+iXhVaVcn164qrua+Uar4PvTz8zPpPrSE9dMu
T1mff1JlsKRtopSax4k1s9b9aQze64mIyFwY4CBJ2dnZonTVqlVNkq/2Q5kx+Raf58WLF3j27Bmq
VKlS6rJZkri4OEybNg0XL14s0+Wasnp98bbXeXl5yMzMFNKmOp5eJdo1pLTPFbX2jVJ5eXnCZzYB
mPycM/f6FWeu80+bJW0TpdQ+TqyZNe5PY/FeT0RE5sIAB0nS/sXNVNVWtX99KSgoMDgP7bIo6cTR
msTGxiIkJET0ktC0aVN07twZfn5+cHFxEVVX1mg0ijrBU0L7k7729vaKmyZpK96poPZ+N2U16FeF
9jbR3mZq7Rul1LomFDH3+hUx5/mnzVK2iSHUPk6smTXuT2PxXk9ERObCAAdJ0n7oMtUn2hwcHGBn
ZydU9y7+q75SxctSqVKlEj/jaE2eP3+Or776Sni5qlSpEiIiItCtWzfZqrl5eXkmW772fu/UqRMW
LlxY6nxtbW3h4uKC9PR0AKY7nl4l2r/Iav9Sqda+UcrOzk7VfWju9QPMf/79P/buPErOuk70/6d6
STqdhSRkIwsJCYvsi9uAAgqO3usPkTvK9YqOIsiivxmcM96Lg+PlOKLjZc49qCMC8hNFBRRwQRjl
ByI/HTAiKmDYDEKAQHaSDiEk3anurt8fud3T1VXdXVVd1VXf7tfrnBy6nq566qml6X7e9Tzf72CN
8JyUq9bvk5Sl+HpWyu96AOrFyYwU1dzcnDd93Nq1a6u23gMOOKD/8uOPP17W7Xt6evIGq1yxYsW4
Or/7gQceyHtOLrnkkjjttNPG7Lzj1tbWvLEgnnvuuaqte//99+//+sknnyz4NHOi6zvXvM/AGRki
avvalGrwa1jJp7JDaYTHV++fv8Ea4TmpRC3fJylL9fWshN/1ANSLwMGQ3vjGN/Z//dhjj5X1SVxP
T0//v8GHmZ5wwgn9Xz/77LN5A5GNZM2aNXkjzo+3qUYHn/P/tre9bcy34bWvfW3/148++mhs3ry5
KusdOM1wR0dHPP/881VZb5/B03WmFlAG/jEfEXmBsU+tXptSHXPMMf1fd3R0VH0Hrd6PrxF+/gar
93NSiVq/T1KW4utZKb/rAagHgYMhDfxDLKJwTvuhvPzyy3HQQQf1/7vhhhvyvj941Ph777235G26
5557ht3G1G3ZsiXvcikDqlV7R37wH5I///nPq7LeI488Mu/yfffdV5X19qnVaVVjobu7O+64447+
yy0tLUUDR61em1INjFQREffff39V11/vx9cIP3+D1fs5qUSt3ycpS/H1rJTf9QDUg8DBkN761rfm
nfP63e9+t6RDjX/zm9/kXR48PdzJJ5+cd5ju17/+9ZLOz92yZUtce+21/ZcXL14cJ5100oi3S8ng
geNK+cTrlltuqeo2nHrqqTF58uT+y1dffXXeJ2nD2bJlS9x9991Fv3fSSSflHWXxzW9+s2C2nmJK
PdJjxowZMWvWrP7LDz/88IgDHGaz2bjrrrtKWn8lVq9eXdIYDT//+c/j2Wef7b98+umnF5yiElG7
16ZUJ554Yt79l/oalrpjU+/HNxY/f+We7lLv56QStX6fpCzF17NPue9dv+sBqAeBgyHNmjUrPvzh
D/dfvv/+++Nb3/rWsLfZsGFDXH755f2Xly9fXvDJS3t7e1xwwQX9lzdu3BiXXXbZsJ+E7tmzJy69
9NK8P44uuOCCcTfo2OAY9O1vf3vYnfRbb701Pv/5z+ct6xvUrVILFiyIs88+u//y+vXr4zOf+cyI
OyibNm2Kv/3bv40LL7wwrrjiioId+zlz5sT73ve+/ssvvPBC/Ou//uuw69ywYUN8+tOfLmm7m5ub
8w6Jfuyxx+KBBx4Y8vo9PT3x1a9+tSDIVdNvfvObuOqqq4Z9DTdu3Bhf/OIX85adccYZRa9bq9em
VLNnz46zzjqr//LatWvjS1/60rCP76GHHorLLruspPXX+/GNxc/ftGnT8i6PdKRRvZ+TStT6fZKy
FF/PPuW+d8fqd/2GDRviscceKymiATD+CRwM67zzzouFCxf2X/7CF74Q11xzTezYsSPvej09PXHv
vffGBz/4wbxP3C+99NKi09m9//3vjze/+c39l3/0ox/FRRddFE8//XTBdVevXh0XXnhh3iftJ598
ct7O8njxlre8Je/TvZtvvjn+6Z/+KdauXdu/c5DNZmPVqlVx8cUXx6c+9amCHapKRqsf7GMf+1gc
dthh/ZfvvvvuOOecc+Khhx4qOIpn165d8bOf/Sze8573xIMPPhgRET/4wQ9i06ZNRdc78LD/a6+9
Nj73uc8VnIe+Z8+euOeee+J973tfrFmzpuTtfsc73pF3+ZOf/GTcddddec9RT09P/Pa3v42LLroo
rrzyypLXXamvfOUr8elPf7pgHILe3t747W9/G2effXa8+OKL/cvf/va3x5ve9KYh11er16ZUF1xw
QcyZM6f/8nXXXRf/8A//UPA6bd26Nb71rW/FBz7wgYIZYoZTz8c3Fj9/S5Ysybt84403RmdnZ0Ts
nRaz2M5fvV/zStT6fZKyFF/PiMreu7X+Xf+DH/wg3vSmN8Xpp58ep59+eqxbt67sxwXA+GKaWIY1
a9as+PKXvxwf+chH+v/4/Jd/+Zf46le/Gscff3zMmzcvdu3aFb///e8LZoH4zGc+M+RhpZMmTYrL
L788zjvvvHjiiSciIuLOO++MO++8M4466qhYsWJF5HK5ePrppwsGXzziiCPii1/8YsGgkuPBkiVL
4u/+7u/yjoL5zne+E9/5zndizpw5MWPGjNiwYUPs3r27//sLFiyIrq6u/qkt16xZE7lcblQjzs+Y
MSO+9KUvxXnnndc/g86DDz4Y733ve2P58uVx5JFHxtSpU2P9+vWxatWq/ikhI/bO/nHllVfG4sWL
C9a7cOHC+MIXvhAXXXRR/7Lrr78+brjhhjj++ONjv/32i5dffjkeffTRgvdTKd72trfFMcccE488
8khE7P3E8GMf+1jMmzcvDj744Ojo6Ig1a9bkPX9Tp06t2Y7VlClTYvfu3XHzzTfHzTffHMcdd1ws
W7Ysuru748knn4w///nPeddfuHBhfPrTnx72tavVa1OqefPmxeWXXx7nnntu/7Jbb701br311jjg
gANiv/32iy1btuQ9tqVLl8bGjRujq6trxPXX8/GNxc/fcccdl3f5a1/7Wtx0002xfPny2LBhQ1xz
zTVxxBFHNMxzUqlav09SluLrGVHZe7eWv+tzuVxcccUV/ZfXrFkTd9xxR1x44YXVeLgAJMoRHIzo
da97XVx77bV5n97s3r077r333vj+978ft99+e97O6PTp0+PLX/5ynHPOOcOud7/99ovrrrsu3vKW
t+QtX7VqVfz4xz+O2267reAPnlNOOSWuu+66vPN6x5uPfvSjRf9Ae+mllwp2zo866qi46aab8v7w
3LhxY1U+xeobIHbwoHhr1qyJn/zkJ3HTTTfFL3/5y7w/vo844oi49dZbC/4QHui0006Lyy+/PO+T
8u7u7rjvvvvilltuibvuuqv//bRw4cK46qqrSt7mtra2uOKKK+Lggw/OW7558+a4//774/HHH897
/t71rnfF5z73uZLXX64zzzwz/vEf/7H/8kMPPRQ/+tGP4vbbby+IG0uWLIlrrrkmb4rNodTqtSnV
W9/61rjyyitj6tSpecufffbZWLlyZd5jO+igg+L6668v+PR3OPV8fLX++Tv66KPj9NNPz1vW0dER
f/jDH2L9+vVDnsZR79e8ErV+n6Qsxdez0vfuWP6uN5UsAAIHJTn++OPj9ttvj4svvrhg57HP7Nmz
4+Mf/3j87Gc/K/gjaCjz58+Pb3zjG3H11VfHKaecMuT1Tj311Ljmmmvi2muvjblz51b0GFLR3Nwc
F198cVx//fV5h/YOdMghh8Rll10WN998cyxbtqxgtPpSZ7wZyeLFi+O73/1uXHXVVQV/nA500EEH
xaWXXho33XRTHHjggSOu98wzz4zbbrstzjjjjKKfzs2bNy8uuuiiuO222+LYY48ta5uXLVsW3/ve
9+ITn/hE0YE6I/aO7n/11VfHFVdcEfvuu29Z6y9HU1NTnHvuuXHHHXfEGWeckRd1+syePTsuvPDC
uO222wo+/RxOrV6bUr3zne+M22+/Pc4888yij2vJkiXxqU99Kn74wx/G0qVLy95Rqdfjq/XPXyaT
iX/+53+Oj3/840Wft+HGqaj3a16JWr9PUpba6zma924tftdnMpm45JJL+rflsMMOi3e/+90lPhoA
xqvM+eefP/w0AyUaabaCcq9X7LrD3Xa46/Z9Xc6yG2+8seTtnGhyuVysXbs2tm7dGjt27IjW1tbY
d999Y8WKFUXH2yjHtm3bYt26ddHR0RGZTCZmzpwZixYtitmzZ1dp69OzadOmWLt2bezcuTOmTJkS
c+fOjQMOOKDsEe2roaOjI1544YXYsWNHZLPZaG9vj4ULF8aiRYsq3p6Ojo5Yu3ZtdHR0xKRJk2L2
7Nlx4IEH9oePTZs2xfHHH99//XPPPTfvqIjhdHV1xdNPPx1bt26N3t7emDFjRixevDjmzZtX0baO
5KWXXsrb2T377LPj0ksv7b+8c+fOWLNmTWzfvj2amppi1qxZsWLFimhraxv1fdfitSnV9u3b4/nn
n4+Ojo5oa2uLfffdN5YvXx7Nzc1Vu496Pb5a/vx1dHTE6tWrY9euXdHe3h6LFi2KxYsXl/wpdD1f
80qMxfskZSm9nqN971bzd31HR0d0dHTE4sWLY9KkSWXfHiBVZ511Vt7/d/u+Hvzfob4u9v/swcuG
+v96KbcdTqnXreTIvPE3iAE1l8lkYunSpbF06dKqr3v27NkTOmYUM3/+/Jg/f369NyMi9o7JMnAq
1kZdZ5/JkyfH4YcfXpN1V2LatGlx1FFH1WTdtXweRzJz5syYOXNmTe+jXo+vlj9/s2bNKjhFodzb
1+s1r8RYvE9SltLrOdr3bjV/16f0vAFQe431kQAAAABABQQOAAAAIHkCBwAAAJA8gQMAAABInsAB
AAAAJE/gAAAAAJJnmligoU2dOjU++9nP9l9evnx5HbdmeO3t7XnbumzZsjpuDQAATCwCB9DQpk2b
Fh/60IfqvRklaW9vT2ZbAQBgvHGKCgAAAJA8gQMAAABInsABAAAAJE/gAAAAAJIncAAAAADJEzgA
AACA5AkcAAAAQPIEDgAAACB5AgcAAACQPIEDAAAASJ7AAQAAACRP4AAAAACSJ3AAAAAAyRM4AAAA
gOQJHAAAAEDyBA4AAAAgeQIHAAAAkDyBAwAAAEiewAEAAAAkT+AAAAAAkidwAAAAAMkTOAAAAIDk
CRwAAABA8gQOAAAAIHkCBwAAAJA8gQMAAABInsABAAAAJE/gAAAAAJIncAAAAADJEzgAAACA5Akc
AAAAQPIEDgAAACB5AgcAAACQPIEDAAAASJ7AAQAAACRP4AAAAACSJ3AAAAAAyRM4AAAAgOQJHAAA
AEDyBA4AAAAgeQIHAAAAkDyBAwAAAEiewAEAAAAkT+AAAAAAkidwAAAAAMkTOAAAAIDkCRwAAABA
8gQOAAAAIHkCBwAAAJA8gQMAAABInsABAAAAJE/gAAAAAJIncAAAAADJEzgAAACA5AkcAAAAQPIE
DgAAACB5AgcAAACQPIEDAAAASJ7AAQAAACRP4AAAAACSJ3AAAAAAyRM4AAAAgOQJHAAAAEDyBA4A
AAAgeQIHAAAAkDyBAwAAAEiewAEAAAAkT+AAAAAAkidwAAAAAMkTOAAAAIDkCRwAAABA8gQOAAAA
IHkCBwAAAJA8gQMAAABInsABAAAAJE/gAAAAAJIncAAAAADJEzgAAACA5AkcAAAAQPIEDgAAACB5
AgcAAACQPIEDAAAASJ7AAQAAACSvpd4bAAAAwMjWbt0V9z/9Uqzf3hlbXumK9knNMW9GWxy6YHoc
f+C+MbmltM+vt7zSFY+v25G37LXLZsX0tpF3D1dvfCU2bO/MWzZlUnO8cfns0h8I1IjAAQAA0MB+
tXpLXH7n6lj14stDXmfq5Jb4wF/sHxedemDMbG8ddn2rXnw5Pnzd7/KW/fyTJ8ah+80Y9nZPrN8R
7/7qytid7elflslEfPMjryvhUUDtCRwAAAANaHe2J/7++3+MO/64YcTrvtrVHdf+ak3c8rsX4uq/
Pi5OPGhOVbdlyytdcc63fp8XNyIi/udph8ZfHja/qvcFlTIGBwAAQIPZ2dUdH/rG70qKGwNt35WN
v/7Gg3HX45uqti1d3b1xwXceihc7ductP+uN+8f5Jy+v2v3AaDmCAwAAoMF89idPxG+e2Zq3bO70
yXHRqQfGSYfMjXnTJ8fuPT3x5MYd8b3fvhD/NiCEdPfk4m9ueDju+vsTY/ncqaPelkt++Gg8+Oy2
vGUnHLhvfP6/HD7qdUM1CRwAAAAN5O7HN8X3H3whb9nrl82Kb57zupjVPql/2fS2lpg3Y26cfPDc
+NFh6+IT338kcrm939ud7Ym/+/4jcdvfnBBNmUzF2/L1X62JW373Yt6yA+ZMjWv++riYVOKgpjBW
vCMBAAAayJd//ue8y3OnT47rPpIfNwb7q9cuin/4z6/JW/bQ89vj/j9vHeIWI7v3yc3x+X97Mm/Z
jCmt8a1zXhezpw69LVAvAgcAAECDePDZbQWzpfz3dxxcUlD46EkHxKKZU/KWXf/r5yrajqc2vhIf
u+Hh/iNCIiKaMpn4+oeOiwPnTatonVBrAgcAAECD+OXqLXmXW5ub4l1H71fSbSe3NMWZr1+ct+ze
P20umPlkJFt37omzv/n7eLWrO2/5P//VEVWfnQWqSeAAAABoEA88M2gwzxX7xowprSXf/qSD8wNE
d08uHh10RMhwsj298bEbHoq123blLf/oiQfEB4/fv+T1QD0IHAAAAA0gl4t4eO32vGWHL5pR1joO
ml94+sjj63eUfPvP/uSJWPl0/rgdpxw6Lz7zrkPL2g6oB4EDAACgAezs6o5sT2/esoWDxtQYyaz2
SQWzm3S8mi3ptjc+sDa+vfL5vGWHLJgeX/vAsdHSVPlMLDBWBA4AAIAG8EpnYYiY3tZS9nr2GXRK
y/Zde0a8zQNrtsU//vixguXve/3iirYB6kHgAAAAaACd2d6CZYOPxihFW2v+bXbvGXmQ0f/548ej
uydXsPxr/98zseWVrrK3AepB4AAAAGgAmSJngeRyhdFhJAU3GcXZJVt37on/fsuqwnVCAxI4AAAA
GsC0yYWnguwq4eiLwXYOmt51Rlvps7AU84snN8cNDzw/8hWhzgQOAACABlBsrIvBsWIkvblc7OzM
v83M9tICRyYTceUHjo1fXnxytLU2533vn25/Mp7evLOsbYGxJnAAAAA0gLbW5pjVPilv2TObXy1r
Hes6OqO7N/98krnTJ5d02//1niPjjGMXxoHzpsVnTsufFrYz2xOf+N4fC2Z5gUYicAAAADSIv1gx
O+/yQ893lHX7P23cUbDs6CX7jHi7049ZGB/4i/37L3/ohP3jLa+Zm3edP76wPb5yz9NlbQ+MJYED
AACgQRy/Yt+8y4+v3xHPvVT6URx3P7Yp7/K0yS1x8PzpI97ub09dkXe5KZOJ/33mUQVTzn7lnj/H
754rL7rAWBE4AAAAGsQ7jpgfTYOmU7n+16UN8Ll5R1fc9vD6vGXvee2iaG6qbBqVBfu0xf9675F5
y3K5iE/c9Ei80lne2CAwFgQOAACABrFo5pR497EL85Zd/+vn4g8jnKrSm8vFZ29/InZn82dd+dAJ
S0e1Pe86er/4q9cuylu2dtuu+NztT4xqvVALAgcAAEAD+fu3HxRTBsxi0t2biw9943fxq6e2FL3+
q13dcckPH4vbH8k/euO/vn5xHLJg5NNTRnLZGYfHwplT8pZ978EX4s5HN4563VBNhfMQAQAAUDcH
zJkanzvj8Pgft67qX/by7mx84NoH48SD5sRfHj4/Fsxoi85sT/xp4yvxgz+8GJt3dOWtY/GsKfHZ
0w+ryvbsM6U1vvTfjo73XfNA3vL/ceuqOG7pzJg/o60q9wOjJXAAAAA0mPe/cUlse3VPfPFnf8pb
ft+fX4r7/vzSsLddPGtK3HT+G2PGoAFCR+NNB+4b5510QPw///5s/7Ltu7LxyVtWxXfOfX3BuCFQ
D05RAQAAaED/9ykr4qoPHhtzp08u+TZvfc3c+PHfnBDL506t+vZc/J8PiYPnT8tb9ss/bYlvryxt
EFSoNYEDAACgQZ1+zML490+9JS5552vi0P1mFL1OW2tz/F9H7Rc3fPQN8d2PviH226c2p4xMaW2O
r5x1TLQMmpXlsjuejKc27azJfUI5Mueff36uGivK5UpbTanXK3bd4W473HX7vi5n2Y033ljydgIA
AIyFjS93xoaXO2Pbq3ticktTzJk2OZbOac8blJTx76yzzorMgNOC+r4e/N+hvs4UOaVo8LJi1yn1
tsMp9brlrLOPMTgAAAASsWCftlhQoyM0IHVOUQEAAACSJ3AAAAAAyRM4AAAAgOQJHAAAAEDyBA4A
AAAgeQIHAAAAkDyBAwAAAEiewAEAAAAkT+AAAAAAkidwAAAAAMkTOAAAAIDkCRwAAABA8gQOAAAA
IHkCBwAAAJA8gQMAAABInsABAAAAJE/gAAAAAJIncAAAAADJEzgAAACA5AkcAAAAQPIEDgAAACB5
AgcAAACQPIEDAAAASJ7AAQAAACRP4AAAAACSJ3AAAAAAyRM4AAAAgOQJHAAAAEDyBA4AAAAgeQIH
AAAAkDyBAwAAAEiewAEAAAAkT+AAAAAAkidwAAAAAMlr2MCRy+XqvQkAAABAIqoSOMQIAAAAoJ4a
9ggOAAAAoLh6HWjQyAc4CBwAAABA8sZl4GjkogQAAABU37gMHAAAAMDEInAAAAAAFavFWRSVrHNM
A4dTRwAAAKA+xvs++bg4gqOaL9J4f8EBAABgPBoXgQMAAACY2AQOAAAAIHkCBwAAAJA8gQMAAABI
nsABAAAAJE/gGCSTydR7EwAAAIAyCRwAAABA8gQOAAAAIHkCBwAAACTG8AqFBA4AAACYAMZ7FBE4
hpDNZuu9CQAAAJDHvurQBI4hPPPMM/XeBAAAAMhjX3VoAscQfvGLX9R7EwAAACDPPffcU+9NaFgC
xxBWrlwZP/3pT+u9GQAAABARET/96U9j5cqVecvG+7ga5Wip9wZUQyaTiVwuV9b1+r4e7rY33XRT
PPfcc3HqqafGihUrorW1tarbDQAAAMPJZrPxzDPPxD333FMQNwYqFjomWvwYF4GjWopFj5UrV8bK
lSv7Lw+MITt37oyIiJaWlpg8eXLB9wcqdzkAAABpGyowDF6+Z8+e/sFDp02bNuT1+i5PtHBRqnEZ
OMo9oqOcIzuKLc9kMnm3iygMF4PfgAPvbyjiBwAAQGMrNTaUEyWGOxpj4PeGWzYRjcvAMZxS48dw
tytlHSNdp9R1AAAAkK6R9uuGOkqj1NtXer/j0YQLHKUY6iiOwZGj2Pf7DDyao+9ysfsZjiM4AAAA
Gl8lMaGSkDERo0U5JkTgGO5oiXKPtBh8Ckpf6Ch2u8HXG6jUU2gAAABIX6mnnRS7/mhuW8r1xwvT
xP4f5dazUq8/3PLx/MYCAABg5A/Fh7rNSOuk0IQ4gqNUQ52SMtKpJgOvX+w6xd58pQwyCgAAwPhQ
arSo9pEbpdz3aDXKfu2EOYKj1FFly3lhmpqKP32lnjvVKG8CAAAAqq9vv68aY3RUev1Kxvao1j7z
WJtQR3CUM/XrwO9FFB5xkcvloqmpKXK5XPT09FQ85kYjvzkAAACojYH7gr29vRER0dzcXNKRGcNd
nsj7mGN6BEcjP9EjVbVib6C+Izj6Isdw63HEBgAAAIP3DXt7e/MCRyXrY69xc4pKteYK7rttKdWs
tbW1/+tsNlvS/QsdAAAAE8twp6rs2bOn/+uWlsKTLKq9rzueNewpKsVOGxlpStdy1lvKuobahoi9
R200NzdHS0tLdHd3R3d3d2Sz2bzoYXBRAAAA+gzeD9yzZ0//kActLS39R3CUO/VrqZfHu3FzBEcl
KnmDDF4+efLk/mVdXV0FR3IUu52jOAAAACaGofYBs9ls3tEbffuW5U4pW43tGy8a9giOsTKao0L6
xuGYMmVK7N69OyL2Ro6enp6YNGnSkLOsDLz9cMrZrvH0pgQAAKi3Wu2P9fT0RDabje7u7v5lbW1t
Zc/SWep0suVuY8r7luM6cJQ6a0q5lwevq6WlJaZMmRKdnZ2Ry+X6T1lpamqKpqampN8gAAAAjF7f
5BSD9y3b2tryhjoYqNK4MVGNq8BRjTE6Bq4rIn/MjJEiR3t7e/8RHLlcLm80XAAAAOjT0tISkydP
LnrkRilhoxrXK9dYxpRK7mtcBY5ylHqUxsDlA5/gYoOPNjc3R3t7e/8hR32hY+B1qxVgAAAASEff
EAfNzc3R2traHzbqeepINdbZSEeQJBc4yj1Ko5ozr5S63ubm5oL5i4UNAAAA+ow2bJS7vJrb1Kjr
b+hZVCp58OXcppzDdoYatKWcN6XZUwAAACamgfuEtYobtVpHKpI7gqMS5RzFMdJYG6UMWlrKfZSr
2GkyAAAAjJ3BwxzUSrkfvg/1vWpuYwr7olU5gqMapv1zzQAAIABJREFU9aheyp1jeLj6Ves3eKM9
dwAAABNJrY/MH27dI93vaLdpPOxvNvQpKkMZ6YmvVrQY7vojvenGw5sDAACA2httvKj1PnCt11Mt
E+IUlUqUctrJ4Klkh/r+cNcBAABgYqnmzCnViBuNFioq1fCBo9JZUMqd+WSo60eMHCdKud5Ib5hq
BJDx8qYEAACop3rvn9Vz6th63s9oNXzgGEo1pn8tdZ2l3lepQWS42wIAAFBf9dg/q2TohHLXU8+j
N8bifpINHKUo9yiO4b5f7kwsAzk9BQAAgMEq2ekfi7E1SllnI35IX5fAUcm0qtWYnrXU2w13fxHl
BwunpwAAAKSjWh9Sj9U0rbUYq6OeKt2ucX0ER0TlcWS4mDGaU1GGuy8AAADqr5H20SqZQaWS65Sj
kZ6fgao2TWytH+BoDoup1eAupoQFAACgFkqZOnY0+8NjGUbGap953B/BMZxqDh5qSlgAAABGo9qz
pzRC3BhLdQsc1ZwFpZR1VWNcjXKnjR1I9AAAAKBPtQcYLfW6ow0XjRw+kjqCY7RRZLjbVzJLSrkD
pQIAAEA5qhlCqn2ESC3WNZr7TipwDKec002qETn6rt/HERoAAABUQ6U7+bWeQrbRP7ivauCo1vSv
ld6mWpEjojpTwYoeAAAAjKTW8aEap7akIMkjOKoxfsdIIaMaU8FW8sYodSBTAAAAxl4lYzLWUjWm
kS3lurUeM6Qa6h44qjnYaCXrG+n61Qgd5RAxAAAAGlej7LNVeyaUWp/eMtptKEVTlbajXyM88FoM
YlLqHMMAAABQC337paUctTER91/rfgTHaNRiwNByDzcyzgYAAAC1MhbjZ9Ti6I16BJaGCBzVPk1l
NOst95QUwQMAAIBqGeuxLhrh1JRq3VdNAketgkUl91XptlRzNpWhjPUApgAAAFSmEfffRrveRt2u
SjXEERwRo4sitYocfbftU+1oI1IAAACkoVH232o9pWw172esNUzgiKh95IiobnVzOgoAAAC1Vs3Y
UOu4Uc/pZGsWOMbyNJVy7rOa21XsRRA9AAAAqFS9TxsZ67hRTQ11BEfE6ANEqZEjojYxot4vKAAA
AAw0FnGjUtW8z6aqramIeu3sl/PiCRIAAACMR6Xu81Zj37gR9q1rGjgqVa1BU4QOAAAAJppy94er
cX+NoOanqIxmmtZqnEJSznpqOWMKAAAA1Eq5kaERokS1t6HhxuAYqJqRI6K8aCF2AAAA0MgqDQRj
PSvLWBmTwFGPGVWG2o6I8oOF6WEBAACot0YbJ6PRZlxp6CM4ImoTR0Y7i8pQL4TwAQAAwGjUYse/
0dZZq6M+xixwjCZU1OoIkGpPF9tIh+YAAAAwsdVqH7VR930b/giOPrU8zcV4GwAAAIwHtY4PjXaa
zEBjGjhGGynGYiwPsQMAAICUjNURFY165EafMT+CoxqRI2Js4oPBRQEAAGgk9YoM1bjfWm97Mqeo
DFaPmVlKeTHqFUEavaQBAACkop4fbjfivl0KcSOiToGjWnGiUaafHagR34wAAACUzn7dXtV6Hsbq
+Wwak3spoppPlDcfAAAAVE+K+9l1PUWlmkdgjOXYHCPq3Byxa21E56aI7CsRvdl6bxEAAAD11NQa
0To9om1+RPv+EW3z6r1FRVU7bIxlKKn7GBzVPs2krqFjT0dEx8MRu9cN2qix3xQAAAAaSC4bsWfb
3n87noyYsihi1rERk2bVe8siojYhYqyPAql74IiozVgaYx46dq6JeOnXY3NfAAAApG33ur3/5rwp
Ytryum1GrSJEPU5xqdsYHIPV8kmt+RMrbgAAAFCJl369d59yjNVyX7le43c0TOCIqO2T0PfiVf0+
stvFDQAAACr30q/37lvWWM32iwfdR700VOCIGJsno6ovasdDo18HAAAAE1uN9i3HImoMvJ96arjA
ETG2xWfgi132/XZtidi1buTrAQAAwHB2rdu7jzlKo9rHHcV9NoKGDBwR9as/g98Mw27HrufHduMA
AAAYv8rYxyxr37WGGiVuRDTILCrDqcUMK5VuR4HOzcPepppb3ThvGQAAAKq1v5e3r9e5OaKBgsFw
Gils9Gn4wBFRhylfS5XdMey3G+/lBgAAoBpqsr83wj5mo2jEuBGRSODo03Chozdb7y0AAABgvGjw
fcxGDRt9kgocfRoudAAAAMA41ehho0+SgaOP0AEAAAC1kUrY6JN04OgjdAAAAMDopRY1BhoXgaPP
wBdC7AAAAIDSpBw2+oyrwDGQ2AEAAABDGw9RY6BxGzgGGvyiCR4AAABMNOMtaAw2IQLHYMVeVNED
AACA8WK8x4xiJmTgKKaUF7+RI8gEfO8CAADUTAPv/k3IeFEKgaMMBW8i7ykAAIBxqW4NQbyoWFO9
NwAAAABgtAQOAAAAIHkCBwAAAJA8gQMAAABInsABAAAAJE/gAAAAAJIncAAAAADJEzgAAACA5Akc
AAAAQPIEDgAAACB5AgcAAACQPIEDAAAASJ7AAQAAACRP4AAAAACSJ3AAAAAAyRM4AAAAgOQJHAAA
AEDyBA4AAAAgeQIHAAAAkDyBAwAAAEiewAEAAAAkT+AAAAAAkidwAAAAAMkTOAAAAIDkCRwAAABA
8gQOAAAAIHkt9d4AAGCvzS/n4oGnuvsvb9ze2//1gpnlfyaxdG5THL2suSrbBgDQ6AQOAGgQ2Z5c
XtQYaKjlw5m3T2a0mwQAkAyBAwComhe29sa6rYUx5uCFzTF7muACANSOwAEAVM3Lr+Zi1fM9BcsX
79skcAAANSVwAEACpk4uPw40NwkKAMDEIXAAQIPbf25T/KdjWuu9GQAADc00sQAAAEDyHMEBABPE
zs5c9Obyl7U0RbQPOP2lKxux6eXeeLUrF9nuiEktETOnNsWcGZloGeJjkV1duej+P+OKbn0lV/Q6
21/NxYz2//jetLZM9J1Bs2tPLroHDdvRlNl7nYiI3lzEho7eeHlXLnp6ImZOzcSSOcU3pje39762
v5qLzmwusj17H0NbayZmTs3ErKkjn7azpzuiM1v4OAZu80uv5GLrK73RlY2YMili+fzmaPaxEQDU
lcABABPEvz/RHS8OmuFkxYKmOPXI1ujMRvzxue54bG1P9BSZkXZGeyZef2BLrJhfuBf/wFPd8fTG
4aexXbm6O1au/o/L73/zpJg+ZW8teGhNTzzxQn7hmD0tE+89flJsfSUXv3w8mxdOFsxsKggcndmI
1et64okXe+KV3cUjS996j9i/OQ7ab+ggsfal3rj30WzB8rNOnBQtzZm4/8lsrNmU/3iXzBE4AKDe
BA4AmMB274nYvisX/+/D2dixa+gwsGNXLn6xKhudr2mJw5c013y7dnbmouPVXPzbH/ZE16DW0DQo
JKzf1hu/eqJ72LDRZ9vOXPz7E92xen1vnHpkS/9RIqV4tSvigaeysWl7YcwxnCsA1J/PGgBgAlu/
rTfufGj4uDHQb1Z3x7adpV13NPZ0R9zzx2xB3IiIGDg5zItbe+POh7MlxY2BNm3vjXtWdRdd/1Du
fbR43IiIyCgcAFB3AgcATHDlxIHeXMTq9T0jX7EKOl4tvl19gaMzG/GrJ7qLnlIzZVImDlnYHEfs
3xwLZhb/c2fzy73xyHPdJW/PcM+TwAEA9ecUFQBocGu39MbK1aXviM+f2VR0rIzhvGZRcxy2pDlm
TMn0D9T5h2e6Y922wnqwZmNv/MXB/3FaxilHtsYpR+79+rG1PUW39Z3HtcbifUf3uUpTZm9g6YsJ
azb2xKudhdFhxYKmOPHQ1pg04K+cZzb2xi+KjKvx+As9cewBLXnXrYS+AQD1J3AAQAIeW1v6UROt
zZlYMb/0dR+2uDnefGj+nwQLZmbi1KNa4+ZfdxWcxvFqVy527s71DxJaS0vnNsWRS5tjzvSmmNSy
N3D0zbiyvqP46SKvP7AwWKxY0BTPbWmKZwYNhtrds3dcjgUzS3sss6dl4rjlLbFgViamtGYiMhHZ
7oiW2g9LAgCMQOAAgAnuuOXF987bWiOWzW0uekpKV3fE9Bpv19S2TPzl0a15Y240ZaI/XrxmUXOs
WFC47dOHGDh0v5mFgSNi7zS3pR6DcdrrJkVba/6y0R79AQBUh1/JADDBtTQPvXM/dYhYkC39jJmK
nXRoS17cGKzcU15ahvirp6e3tDFI5u3TVBA3AIDGIXAAQALK2bEeLgqUq3mIhtCbK/2oh0pNby9/
/d29ewcDfWV3LrLdEdmeXPT1iweeKl5lSh1iddk8Y7MDQCMTOACgwe0/tyn+0zEOHRjO+o7eeHpj
bzyzsadmR5dMnVyb9QIA1SFwAADJ6sxG/PpP2aJja1RbxlywANDQBA4AIEl7uiPueiQbm7YXjxuT
WyP2aW/qn+FkfZEpbwGA8UPgAACStOr5nqJxY8HMpnjDQS0xb59M3ngkT23oiV8+NgajowIAdSFw
AADJ6e6NeOKFwlgxtS0Tbz+m1WwnADABGQ4cAEjO9p256MwWLj94v+Yh40aPM1QAYFwTOACAmsuV
OhdriTqzxVc4ZdLQt3lqvcIBAOOZwAEAVE3fgJ6D7dhd3cIxqaX4jCbrO4pHjF1duSEHIwUAxgdj
cABAg1u7pTfu/mOR8zFGsGBmUxy1dIjiUCNtk4qHh4fW9ERTJmJGeyZyub3/nTGl8mlXp7UVX/7c
5t743dM9cfiSpmiblImubC7WbcvF754eenDRXt0DAMYFgQMAEvDc5vL3wtsnVx4QKjV7WvH73L0n
F/c9+R+R4S+Pbh1V4GifnInXLGqOP63rKfjew892x8PPlr6u7sJVAAAJcooKAFA1M6ZkYuncsfnz
4pgDmmNq2+gjziudVR4gBACoC4EDAKiqEw5pGZOjR2ZMycTbj26NGe0j39eM9kyc9rri06us2+oc
FQAYDwQOAKCqpk/JxBlvaI2DFzZH0xDtoblK/WPujEz8lzdMitcub4lpRY7maGmOOGZZc7z79a2x
cFZT0aNLtu3MxZYdjuIAgNRlzj//fL/RK/Xst+u9BQDQ0LqyES/vykVXNheZzN7ZT/Zpz8Tk4gdT
jEpvLmL7q7no3JOLnt6Iya2ZmDUtE61jO84qAIzOAR+u9xYkyyCjAEDNTG6NmLdPJiJqf8pKU6Zv
kNOxH1wVAKg/p6gAAAAAyRM4AAAAgOQJHAAAAEDyBA4AAAAgeQIHAAAAkDyBAwAAAEiewAEAAAAk
T+AAAAAAkidwAAAAAMkTOAAAAIDkCRwAAABA8gQOAAAAIHkCBwAAAJA8gQMAAABInsABAAAAJE/g
AAAAAJIncAAAAADJEzgAAACA5AkcAAAAQPIEDgAAACB5AgcAAACQPIEDAAAASJ7AAQAAACRP4AAA
AACSJ3AAAAAAyRM4AAAAgOQJHAAAAEDyBA4AAAAgeQIHAAAAkDyBAwAAAEiewDEaTa313gIAAADG
C/uYoyJwjEbrjHpvAQAAAOOFfcxREThGo21+vbcAAACA8cI+5qgIHKPRvrTeWwAAAMB4YR9zVASO
0WibF9G+uN5bAQAAQOraF+/dx6RiAsdozTqu3lsAAABA6uxbjprAMVqTZkXMfXO9twIAAIBUzX3z
3n1LRkXgqIZpK0QOAAAAyjf3zXv3KRm1lnpvwLgxbUXEpNkRHQ9F7Hqx3lsDAABAI2tfvPe0FEdu
VI3AUU2TZkXMPzWic3PErucjOjdFZHdE9GbrvWUAAADUU1NrROuMvVPBti81oGgNCBy10DbPmxUA
AADGkDE4AAAAgOQJHAAAAEDyBA4AAAAgeQIHAAAAkDyBAwAAAEiewAEAAAAkT+AAAAAAkidwAAAA
AMkTOAAAAIDkCRwAAABA8gQOAAAAIHkCBwAAAJA8gQMAAABInsABAAAAJE/gAAAAAJIncAAAAADJ
EzgAAACA5AkcAAAAQPIEDgAAACB5AgcAAACQPIEDAAAASJ7AAQAAACRP4AAAAACSJ3AAAAAAyRM4
AAAAgOQJHAAAAEDyBA4AAAAgeQIHAAAAkDyBAwAAAEiewAEAAAAkT+AAAAAAkidwAAAAAMkTOAAA
AIDkCRwAAABA8gQOAAAAIHkCBwAAAJA8gQMAAABInsABAAAAJE/gAAAAAJIncAAAAADJEzgAAACA
5AkcAAAAQPIEDgAAACB5AgcAAACQPIEDAAAASJ7AAQAAACRP4AAAAACSJ3AAAAAAyRM4AAAAgOQJ
HAAAAEDyBA4AAAAgeQIHAAAAkDyBAwAAAEiewAEAAAAkT+AAAAAAkidwAAAAAMkTOAAAAIDkCRwA
AABA8gQOAAAAIHkCBwAAAJA8gQMAAABInsABAAAAJE/gAAAAAJIncAAAAADJEzgAAACA5AkcAAAA
QPIEDgAAACB5AgcAAACQPIEDAAAASJ7AAQAAACRP4AAAAACSJ3AAAAAAyRM4AAAAgOQJHAAAAEDy
BA4AAAAgeQIHAAAAkDyBAwAAAEiewAEAAAAkT+AAAAAAkidwAAAAAMkTOAAAAIDkCRwAAABA8gQO
AAAAIHkCBwAAAJA8gQMAAABInsABAAAAJE/gAAAAAJIncAAAAADJEzgAAACA5AkcAAAAQPIEDgAA
ACB5AgcAAACQPIEDAAAASJ7AAQAAACRP4AAAAACSJ3AAAAAAyRM4AAAAgOQJHAAAAEDyBA4AAAAg
eQIHAAAAkDyBAwAAAEiewAEAAAAkT+AAAAAAkidwAAAAAMkTOAAAAIDkCRwAAABA8gQOAAAAIHkC
BwAAAJA8gQMAAABInsABAAAAJE/gAAAAAJIncAAAAADJEzgAAACA5AkcAAAAQPIEDgAAACB5AgcA
AACQPIEDAAAASJ7AAQAAACRP4AAAAACSJ3AAAAAAyRM4AAAAgOQJHAAAAEDyBA4AAAAgeQIHAAAA
kDyBAwAAAEiewAEAAAAkT+AAAAAAkidwAAAAAMkTOAAAAIDkCRwAAABA8gQOAAAAIHkCBwAAAJA8
gQMAAABInsABAAAAJE/gAAAAAJIncAAAAADJEzgAAACA5AkcAAAAQPIEDgAAACB5AgcAAACQPIED
AAAASJ7AAQAAACRP4AAAAACSJ3AAAAAAyRM4AAAAgOQJHAAAAEDyBA4AAAAgeQIHAAAAkDyBAwAA
AEiewAEAAAAkT+AAAAAAkidwAAAAAMkTOAAAAIDkCRwAAABA8gQOAAAAIHkCBwAAAJA8gQMAAABI
nsABAAAAJE/gAAAAAJIncAAAAADJEzgAAACA5AkcAAAAQPIEDgAAACB5AgcAAACQPIEDAAAASJ7A
AQAAACRP4AAAAACSJ3AAAAAAyRM4AAAAgOQJHAAAAEDyBA4AAAAgeQIHAAAAkDyBAwAAAEiewAEA
AAAkT+AAAAAAkidwAAAAAMkTOAAAAIDkCRwAAABA8gQOAAAAIHkCBwAAAJA8gQMAAABInsABAAAA
JE/gAAAAAJIncAAAAADJEzgAAACA5AkcAAAAQPIEDgAAACB5AgcAAACQPIEDAAAASJ7AAQAAACRP
4AAAAACSJ3AAAAAAyRM4AAAAgOQJHAAAAEDyBA4AAAAgeQIHAAAAkDyBAwAAAEiewAEAAAAkT+AA
AAAAkidwAAAAAMkTOAAAAIDkCRwAAABA8gQOAAAAIHkCBwAAAJA8gQMAAABInsABAAAAJE/gAAAA
AJIncAAAAADJEzgAAACA5AkcAAAAQPIEDgAAACB5AgcAAACQPIEDAAAASJ7AAQAAACRP4AAAAACS
J3AAAAAAyRM4AAAAgOQJHAAAAEDyBA4AAAAgeQIHAAAAkDyBAwAAAEiewAEAAAAkT+AAAAAAkidw
AAAAAMkTOAAAAIDkCRwAAABA8gQOAAAAIHkCBwAAAJA8gQMAAABInsABAAAAJE/gAAAAAJIncAAA
AADJEzgAAACA5AkcAAAAQPIEDgAAACB5AgcAAACQPIEDAAAASJ7AAQAAACRP4AAAAACSJ3AAAAAA
yRM4AAAAgOQJHAAAAEDyBA4AAAAgeQIHAAAAkDyBAwAAAEiewAEAAAAkT+AAAAAAkidwAAAAAMkT
OAAAAIDkCRwAAABA8gQOAAAAIHkCBwAAAJA8gQMAAABInsABAAD/f3v371Pl/f9x+FVS5cfS40CT
GhqOGjrQhZqggzFCtyYSD5OjNHZsIv4FHpau2L0GHJk8BBMThwJ1ojS0DmWQIJiiHTDxuABigt+h
aT/fxv5U4D6vel0jCed+MkEe3Pf7BiA9gQMAAABIT+AAAAAA0hM4AAAAgPQEDgAAACA9gQMAAABI
T+AAAAAA0hM4AAAAgPQEDgAAACA9gQMAAABIT+AAAAAA0hM4AAAAgPQEDgAAACA9gQMAAABIT+AA
AAAA0hM4AAAAgPQEDgAAACA9gQMAAABIT+AAAAAA0hM4AAAAgPQEDgAAACA9gQMAAABIT+AAAAAA
0hM4AAAAgPQEDgAAACA9gQMAAABIT+AAAAAA0hM4AAAAgPQEDgAAACA9gQMAAABIT+AAAAAA0hM4
AAAAgPQEDgAAACA9gQMAAABIT+AAAAAA0hM4AAAAgPQEDgAAACA9gQMAAABIT+AAAAAA0hM4AAAA
gPQEDgAAACA9gQMAAABIT+AAAAAA0hM4AAAAgPQEDgAAACA9gQMAAABIT+AAAAAA0hM4AAAAgPQE
DgAAACA9gQMAAABIT+AAAAAA0hM4AAAAgPQEDgAAACA9gQMAAABIT+AAAAAA0hM4AAAAgPQEDgAA
ACA9gQMAAABIT+AAAAAA0hM4AAAAgPQEDgAAACA9gQMAAABIT+AAAAAA0hM4AAAAgPQEDgAAACA9
gQMAAABIT+AAAAAA0hM4AAAAgPQEDgAAACA9gQMAAABIT+AAAAAA0hM4AAAAgPQEDgAAACA9gQMA
AABIT+AAAAAA0hM4AAAAgPQEDgAAACA9gQMAAABIT+AAAAAA0hM4AAAAgPQEDgAAACA9gQMAAABI
T+AAAAAA0hM4AAAAgPQEDgAAACA9gQMAAABIT+AAAAAA0hM4AAAAgPQEDgAAACA9gQMAAABIT+AA
AAAA0hM4AAAAgPQEDgAAACA9gQMAAABIT+AAAAAA0hM4AAAAgPQEDgAAACA9gQMAAABIT+AAAAAA
0hM4AAAAgPQEDgAAACA9gQMAAABIT+AAAAAA0hM4AAAAgPQEDgAAACA9gQMAAABIT+AAAAAA0hM4
AAAAgPQEDgAAACA9gQMAAABIT+AAAAAA0hM4AAAAgPQEDgAAACA9gQMAAABIT+AAAAAA0hM4AAAA
gPQEDgAAACA9gQMAAABIT+AAAAAA0hM4AAAAgPQEDgAAACA9gQMAAABIT+AAAAAA0hM4AAAAgPQE
DgAAACA9gQMAAABIT+AAAAAA0hM4AAAAgPQEDgAAACA9gQMAAABIT+AAAAAA0hM4AAAAgPQEDgAA
ACA9gQMAAABIT+AAAAAA0hM4AAAAgPQEDgAAACA9gQMAAABIT+AAAAAA0hM4AAAAgPQEDgAAACA9
gQMAAABIT+AAAAAA0hM4AAAAgPQEDgAAACA9gQMAAABIT+AAAAAA0hM4AAAAgPQEDgAAACA9gQMA
AABIT+AAAAAA0hM4AAAAgPQEDgAAACA9gQMAAABIT+AAAAAA0hM4AAAAgPQEDgAAACA9gQMAAABI
T+AAAAAA0hM4AAAAgPQEDgAAACA9gQMAAABIT+AAAAAA0hM4AAAAgPQEDgAAACA9gQMAAABIT+AA
AAAA0hM4AAAAgPQEDgAAACA9gQMAAABIT+AAAAAA0hM4AAAAgPQEDgAAACA9gQMAAABIT+AAAAAA
0hM4AAAAgPQEDgAAACA9gQMAAABIT+AAAAAA0hM4AAAAgPQEDgAAACA9gQMAAABIT+AAAAAA0hM4
AAAAgPQEDgAAACA9gQMAAABIT+AAAAAA0hM4AAAAgPQEDgAAACA9gQMAAABIT+AAAAAA0hM4AAAA
gPQEDgAAACA9gQMAAABIT+AAAAAA0hM4AAAAgPQEDgAAACA9gQMAAABIT+AAAAAA0hM4AAAAgPQE
DgAAACA9gQMAAABIT+AAAAAA0hM4AAAAgPQEDgAAACA9gQMAAABIT+AAAAAA0hM4AAAAgPQEDgAA
ACA9gQMAAABIT+AAAAAA0hM4AAAAgPQEDgAAACA9gQMAAABIT+AAAAAA0hM4AAAAgPQEDgAAACA9
gQMAAABIT+AAAAAA0hM4AAAAgPQEDgAAACA9gQMAAABIT+AAAAAA0hM4AAAAgPQEDgAAACA9gQMA
AABIT+AAAAAA0hM4AAAAgPQEDgAAACA9gQMAAABI762IeFH0CAAAAIDX4Q4OAAAAID2BAwAAAEhP
4AAAAADSEzgAAACA9AQOAAAAID2BAwAAAEhP4AAAAADSEzgAAACA9AQOAAAAID2BAwAAAEhP4AAA
AADSEzgAAACA9AQOAAAAID2BAwAAAEhP4AAAAADSEzgAAACA9AQOAAAAID2BAwAAAEhP4AAAAADS
EzgAAACA9AQOAAAAID2BAwAAAEhP4AAAAADSEzgAAACA9AQOAAAAID2BAwAAAEhP4AAAAADSEzgA
AACA9AQOAAAAID2BAwAAAEhP4AAAAADSEzgAAACA9AQOAAAAID2BAwAAAEhP4AAAAADSEzgAAACA
9AQOAAAAID2BAwAAAEhP4AAAAADSEzgAAACA9AQOSKxUKhU9AQAAoCEIHJBQuVyO6enpePLkSbx4
8SJu3LghdgAAAG+0t4seAPxzpVIpLl26FNVq9Xdfr1Qqcffu3Ze+DlCEpqamaG9vj+bm5mhpaYn2
9vaIiFhfX4+tra149uxZrK+vx87OTsFLgTdVpVKJc+fORblcLnTH6upqTE5ORq1WK3QH/Fe8FREv
ih4B/L0LFy5EtVr901/Es7Oz0dfXt8+rAH5x8ODBOHLkSLz//vtx7Nix6OrqipaWlmhra4v33nsv
IiJ+/vnn2NjYiK2trVhaWorl5eX46aefYmW2NPKTAAAJXUlEQVRlJba3twv+CYA3xdjYWAwNDRU9
43fGx8fj008/LXoGpOcODmhwPT09MTo6Kl4ADam1tTW6u7ujt7c3Tpw4ER988EF0d3fHoUOH/vL7
njx5EouLi3Hv3r349ttvY35+PhYXF2Nzc3OflgNvokql0nBxIyJiaGjInRywCwQOaFClUimuXLkS
w8PDRU8BeMmBAweio6MjTp8+HZVKJfr7+//VWUCHDh2KU6dOxalTp2JwcDCmp6ejVqvFnTt3Ym1t
LZ4/f76H64E3VaVSKXrCn6pUKgIHvCaBAxrQr+dsODgUaERtbW1x/PjxOH/+fAwMDERnZ+drfV6p
VIrBwcE4fvx4TE1NxcTERCwsLMTGxsYuLQb4RdFnbvyVRt4GWQgc0ED6+vpidHQ0enp6ip4C8IdK
pVKcOXMmPvvsszh79uyufnZnZ2d8/vnnUS6X46uvvorZ2dmo1+u7eg0A4L9L4IAGUC6X48qVKw35
TCjAr0qlUnzyyScxPDwcJ06c2LPrnD17Nt59991oa2uLW7duiRwAwD8icEDBfj1nw+MoQCNra2uL
vr6+uHz5cvT29u759U6cOBGXL1+Ozc3NuH37tsdVAIC/JXBAQSqVSoyOjnreEmh4Bw4ciOPHj8fF
ixf3JW78qre3Ny5evBiPHz+Oubk5B48CAH9J4IB9Vi6XY2xszGtfgTQ6Ojri/Pnzu37mxj9x9uzZ
WF1djYcPH8bKysq+Xx8AyKOp6AHwpvj1ta8rKyviBpBGa2trnD59OgYGBgrbMDAwEKdPn47W1tbC
NgAAjU/ggH1w4cKFWFlZiWq1WvQUgH+lu7s7KpXKa78K9nV0dnZGpVKJ7u7uwjYAAI1P4IA91NPT
E9PT0zE+Pu4QUSCdgwcPRm9vb/T39xc9Jfr7+6O3tzcOHjxY9BQAoEEJHLAHSqVSjI2Nxffff+9x
FCCto0ePxsmTJxsi0JZKpTh58mQcPXq06CkAQIMSOGCXXbp0KVZWVmJoaKjoKQCvpaOjI7q6uoqe
8Zuurq7o6OgoegYA0KAEDtglfX19sbKyElevXm2I/3YCvI6mpqY4duxYQ5170d3dHceOHYumJn++
AAAv8xcCvKZyuRw3btyI6enpKJfLRc8B2BXt7e3R1dUVhw4dKnrKbw4dOhRdXV3R3t5e9BQAoAG9
XfQAyOzKlSsxPDzsjg3gP6e5ubkhX8va2toazc3NRc8AABqQwAGvaGxszDkbwH9WS0tLwwaOlpaW
omcAAA3IIyrwCkqlkrgB/Ke1t7fH4cOHi57xksOHD3tEBQD4QwIHvIJ6vV70BAAAAP4fgQNe0Zdf
fln0BIA9s76+Ho8ePSp6xksePXoU6+vrRc8AABqQwAGvaHh4OEZGRuLp06dFTwHYdVtbW7G5uVn0
jJdsbm7G1tZW0TMAgAYkcMBrqFar0dPTE9evXy96CsCuevbsWcMGjmfPnhU9AwBoQAIHvKbV1dUY
GhqK/v7+uHv3btFzAHbF+vp6LC0tNdSZQ/V6PZaWljyiAgD8IYEDdsnMzEz09PTE5cuXPbYCpLez
sxPLy8uxuLhY9JTfLC4uxvLycuzs7BQ9BQBoQAIH7LKrV69GuVx2CCmQ3traWty7d6/oGb+5d+9e
rK2tFT0DAGhQAgfsgXq9HsPDw/HRRx/F7Oxs0XMAXsn9+/djbm6uIR5TqdfrMTc3F/fv3y96CgDQ
oAQO2EM//PBD9PX1xeDgYDx48KDoOQD/yvb2dszPz8f09HTRU2J6ejrm5+dje3u76CkAQIMSOGAf
1Gq16OnpiZGRkaKnAPwri4uLUavVCo20Dx48iFqt1lDngQAAjUfggH1Sr9ejWq3GkSNHYnJysug5
AP/I5uZm3LlzJ6ampgrbMDU1FXfu3GnI19YCAI1D4IB9trq6GpVKJfr7+z22AqSwtrYWExMTcfPm
zX2/9s2bN2NiYsLhogDA3xI4oCAzMzNRLpdjZGTEa2WBhvb8+fNYWFiIa9euxfz8/L5dd35+Pq5d
uxYLCwvx/PnzfbsuAJCTwAEFq1arUS6X4/r160VPAfhTGxsbMTMzE6Ojo/sSOebn52N0dDRmZmZi
Y2Njz68HAOQncEADqNfrMTQ0FP39/V4rCzSser0et27dii+++GJPH1e5efNmfPHFF3Hr1q2GeEUt
AJDD20UPAP5nZmYm+vr6YmhoKK5evRrvvPNO0ZMAfqder8ft27fj8ePHsbq6GgMDA9HZ2bkrn/3g
wYOYmpqKiYmJWFhYcOcGAPCvCBzQgMbHx6NWq0W1Wo1Lly4VPQfgdzY2NmJubi4ePnwY3333XZw7
dy4+/vjjV46yT58+ja+//jomJyfjm2++ibW1NWduAHtidXU1zpw5U/SMP7S6ulr0BEjvrYh4UfQI
4M+Vy+UYHx//21/Gs7Oz0dfXt0+rAH7R2toa3d3d0dvbGydPnoyurq748MMPo1Qq/eX31ev1+PHH
H2NpaSnm5uZifn4+FhcXvQoW2FOVSiVu3LhR9Iw/NDg4GLVaregZkJrAAUlUKpW4evXqn94KLnAA
RTp48GAcPXo0Ojo64tixY9HV1RWtra3R2toahw8fjoiIR48exebmZmxubsbS0lIsLy/H2tpa3L9/
P7a3twv+CYA3xfj4eFy4cKHoGb9z/fr1GBoaKnoGpCdwQCKlUimGh4djeHj4pVvBR0ZGolqtFrQM
4H+ampqivb09mpubo6WlJdrb2yMiYn19Pba2tuLZs2exvr4eOzs7BS8F3lSVSiUqlUqUy+VCd6yu
rkatVnPnBuwSgQMSKpfLUa1Wf/vvw+TkZFQqlYJXAQAAFEfgAAAAANJrKnoAAAAAwOsSOAAAAID0
BA4AAAAgPYEDAAAASE/gAAAAANITOAAAAID0BA4AAAAgPYEDAAAASE/gAAAAANITOAAAAID0BA4A
AAAgPYEDAAAASE/gAAAAANITOAAAAID0BA4AAAAgPYEDAAAASE/gAAAAANITOAAAAID0BA4AAAAg
PYEDAAAASE/gAAAAANITOAAAAID0BA4AAAAgPYEDAAAASE/gAAAAANITOAAAAID0BA4AAAAgPYED
AAAASE/gAAAAANITOAAAAID0BA4AAAAgPYEDAAAASE/gAAAAANITOAAAAID0BA4AAAAgPYEDAAAA
SE/gAAAAANITOAAAAID0BA4AAAAgPYEDAAAASE/gAAAAANL7P+qqaCeUHR+kAAAAAElFTkSuQmCC
" width="800px"&gt;</msg>
<status status="PASS" starttime="20221206 12:15:23.251" endtime="20221206 12:15:23.570"/>
</kw>
<kw name="Close Application" library="AppiumLibrary">
<doc>Closes the current application and also close webdriver session.</doc>
<status status="PASS" starttime="20221206 12:15:23.570" endtime="20221206 12:15:23.963"/>
</kw>
<status status="PASS" starttime="20221206 12:15:23.250" endtime="20221206 12:15:23.964"/>
</kw>
<status status="PASS" starttime="20221206 12:15:10.558" endtime="20221206 12:15:23.964"/>
</test>
<status status="PASS" starttime="20221206 12:15:10.357" endtime="20221206 12:15:23.966"/>
</suite>
<status status="PASS" starttime="20221206 12:15:10.354" endtime="20221206 12:15:23.968"/>
</suite>
<status status="PASS" starttime="20221206 12:15:10.332" endtime="20221206 12:15:23.970"/>
</suite>
<statistics>
<total>
<stat pass="1" fail="0" skip="0">All Tests</stat>
</total>
<tag>
</tag>
<suite>
<stat pass="1" fail="0" skip="0" id="s1" name="Robocamp Mobile">Robocamp Mobile</stat>
<stat pass="1" fail="0" skip="0" id="s1-s1" name="Tests">Robocamp Mobile.Tests</stat>
<stat pass="1" fail="0" skip="0" id="s1-s1-s1" name="Login">Robocamp Mobile.Tests.Login</stat>
</suite>
</statistics>
<errors>
</errors>
</robot>
