<?xml version="1.0" encoding="UTF-8"?>
<robot generator="Robot 6.0 (Python 3.10.8 on linux)" generated="20221205 19:13:58.419" rpa="false" schemaversion="3">
<suite id="s1" name="Robocamp Mobile" source="/home/fschefer/Robocamp_Git/Robocamp_Mobile">
<suite id="s1-s1" name="Tests" source="/home/fschefer/Robocamp_Git/Robocamp_Mobile/tests">
<suite id="s1-s1-s1" name="Hello" source="/home/fschefer/Robocamp_Git/Robocamp_Mobile/tests/hello.robot">
<test id="s1-s1-s1-t1" name="Open the SmartBit app" line="8">
<kw name="Open Application" library="AppiumLibrary">
<arg>http://localhost:4723/wd/hub</arg>
<arg>automationName=UiAutomator2</arg>
<arg>alias=SamrtBit</arg>
<arg>platformName=Android</arg>
<arg>deviceName=Emulator</arg>
<arg>app=${EXECDIR}/apps/smartbit-beta.apk</arg>
<arg>udid=emulator-5554</arg>
<arg>autoGrantPermissions=true</arg>
<doc>Opens a new application to given Appium server.
Capabilities of appium server, Android and iOS,
Please check https://github.com/appium/appium/blob/master/docs/en/writing-running-appium/server-args.md
| *Option*            | *Man.* | *Description*     |
| remote_url          | Yes    | Appium server url |
| alias               | no     | alias             |
| strict_ssl          | No     | allows you to send commands to an invalid certificate host like a self-signed one. |</doc>
<status status="PASS" starttime="20221205 19:13:58.617" endtime="20221205 19:14:10.381"/>
</kw>
<kw name="Close Application" library="AppiumLibrary">
<doc>Closes the current application and also close webdriver session.</doc>
<status status="PASS" starttime="20221205 19:14:10.382" endtime="20221205 19:14:11.030"/>
</kw>
<status status="PASS" starttime="20221205 19:13:58.615" endtime="20221205 19:14:11.031"/>
</test>
<doc>Robot+Appium</doc>
<status status="PASS" starttime="20221205 19:13:58.463" endtime="20221205 19:14:11.037"/>
</suite>
<status status="PASS" starttime="20221205 19:13:58.460" endtime="20221205 19:14:11.043"/>
</suite>
<status status="PASS" starttime="20221205 19:13:58.427" endtime="20221205 19:14:11.048"/>
</suite>
<statistics>
<total>
<stat pass="1" fail="0" skip="0">All Tests</stat>
</total>
<tag>
</tag>
<suite>
<stat pass="1" fail="0" skip="0" id="s1" name="Robocamp Mobile">Robocamp Mobile</stat>
<stat pass="1" fail="0" skip="0" id="s1-s1" name="Tests">Robocamp Mobile.Tests</stat>
<stat pass="1" fail="0" skip="0" id="s1-s1-s1" name="Hello">Robocamp Mobile.Tests.Hello</stat>
</suite>
</statistics>
<errors>
</errors>
</robot>
